[2024-06-30T09:33:38.319+0000] {taskinstance.py:1171} INFO - Dependencies all met for <TaskInstance: Automate_cleaning.load_raw_data scheduled__2024-06-22T06:30:00+00:00 [queued]>
[2024-06-30T09:33:38.373+0000] {taskinstance.py:1171} INFO - Dependencies all met for <TaskInstance: Automate_cleaning.load_raw_data scheduled__2024-06-22T06:30:00+00:00 [queued]>
[2024-06-30T09:33:38.380+0000] {taskinstance.py:1368} INFO - 
--------------------------------------------------------------------------------
[2024-06-30T09:33:38.381+0000] {taskinstance.py:1369} INFO - Starting attempt 1 of 1
[2024-06-30T09:33:38.384+0000] {taskinstance.py:1370} INFO - 
--------------------------------------------------------------------------------
[2024-06-30T09:33:38.467+0000] {taskinstance.py:1389} INFO - Executing <Task(PythonOperator): load_raw_data> on 2024-06-22 06:30:00+00:00
[2024-06-30T09:33:38.499+0000] {standard_task_runner.py:52} INFO - Started process 224 to run task
[2024-06-30T09:33:38.519+0000] {standard_task_runner.py:79} INFO - Running: ['***', 'tasks', 'run', 'Automate_cleaning', 'load_raw_data', 'scheduled__2024-06-22T06:30:00+00:00', '--job-id', '6', '--raw', '--subdir', 'DAGS_FOLDER/automate_clean_DAG.py', '--cfg-path', '/tmp/tmpbt3mgye3', '--error-file', '/tmp/tmp0dy0_d68']
[2024-06-30T09:33:38.532+0000] {standard_task_runner.py:80} INFO - Job 6: Subtask load_raw_data
[2024-06-30T09:33:38.795+0000] {task_command.py:371} INFO - Running <TaskInstance: Automate_cleaning.load_raw_data scheduled__2024-06-22T06:30:00+00:00 [running]> on host 7ad299a7fc17
[2024-06-30T09:33:39.330+0000] {taskinstance.py:1583} INFO - Exporting the following env vars:
AIRFLOW_CTX_DAG_OWNER=devi_nirfana
AIRFLOW_CTX_DAG_ID=Automate_cleaning
AIRFLOW_CTX_TASK_ID=load_raw_data
AIRFLOW_CTX_EXECUTION_DATE=2024-06-22T06:30:00+00:00
AIRFLOW_CTX_TRY_NUMBER=1
AIRFLOW_CTX_DAG_RUN_ID=scheduled__2024-06-22T06:30:00+00:00
[2024-06-30T09:34:16.431+0000] {python.py:173} INFO - Done. Returned value was: None
[2024-06-30T09:34:16.524+0000] {taskinstance.py:1412} INFO - Marking task as SUCCESS. dag_id=Automate_cleaning, task_id=load_raw_data, execution_date=20240622T063000, start_date=20240630T093338, end_date=20240630T093416
[2024-06-30T09:34:16.859+0000] {local_task_job.py:156} INFO - Task exited with return code 0
[2024-06-30T09:34:17.260+0000] {local_task_job.py:279} INFO - 0 downstream tasks scheduled from follow-on schedule check
[2024-06-30T09:38:22.559+0000] {taskinstance.py:1171} INFO - Dependencies all met for <TaskInstance: Automate_cleaning.load_raw_data scheduled__2024-06-22T06:30:00+00:00 [queued]>
[2024-06-30T09:38:22.613+0000] {taskinstance.py:1171} INFO - Dependencies all met for <TaskInstance: Automate_cleaning.load_raw_data scheduled__2024-06-22T06:30:00+00:00 [queued]>
[2024-06-30T09:38:22.617+0000] {taskinstance.py:1368} INFO - 
--------------------------------------------------------------------------------
[2024-06-30T09:38:22.617+0000] {taskinstance.py:1369} INFO - Starting attempt 1 of 1
[2024-06-30T09:38:22.619+0000] {taskinstance.py:1370} INFO - 
--------------------------------------------------------------------------------
[2024-06-30T09:38:22.677+0000] {taskinstance.py:1389} INFO - Executing <Task(PythonOperator): load_raw_data> on 2024-06-22 06:30:00+00:00
[2024-06-30T09:38:22.691+0000] {standard_task_runner.py:52} INFO - Started process 217 to run task
[2024-06-30T09:38:22.700+0000] {standard_task_runner.py:79} INFO - Running: ['***', 'tasks', 'run', 'Automate_cleaning', 'load_raw_data', 'scheduled__2024-06-22T06:30:00+00:00', '--job-id', '6', '--raw', '--subdir', 'DAGS_FOLDER/automate_clean_DAG.py', '--cfg-path', '/tmp/tmp84v4wy00', '--error-file', '/tmp/tmpkpx4ennu']
[2024-06-30T09:38:22.706+0000] {standard_task_runner.py:80} INFO - Job 6: Subtask load_raw_data
[2024-06-30T09:38:22.829+0000] {task_command.py:371} INFO - Running <TaskInstance: Automate_cleaning.load_raw_data scheduled__2024-06-22T06:30:00+00:00 [running]> on host 3e5e5d011624
[2024-06-30T09:38:23.079+0000] {taskinstance.py:1583} INFO - Exporting the following env vars:
AIRFLOW_CTX_DAG_OWNER=devi_nirfana
AIRFLOW_CTX_DAG_ID=Automate_cleaning
AIRFLOW_CTX_TASK_ID=load_raw_data
AIRFLOW_CTX_EXECUTION_DATE=2024-06-22T06:30:00+00:00
AIRFLOW_CTX_TRY_NUMBER=1
AIRFLOW_CTX_DAG_RUN_ID=scheduled__2024-06-22T06:30:00+00:00
[2024-06-30T09:38:56.219+0000] {python.py:173} INFO - Done. Returned value was: None
[2024-06-30T09:38:56.822+0000] {taskinstance.py:1412} INFO - Marking task as SUCCESS. dag_id=Automate_cleaning, task_id=load_raw_data, execution_date=20240622T063000, start_date=20240630T093822, end_date=20240630T093856
[2024-06-30T09:38:56.948+0000] {local_task_job.py:156} INFO - Task exited with return code 0
[2024-06-30T09:38:57.035+0000] {local_task_job.py:279} INFO - 1 downstream tasks scheduled from follow-on schedule check
[2024-06-30T09:56:00.266+0000] {taskinstance.py:1171} INFO - Dependencies all met for <TaskInstance: Automate_cleaning.load_raw_data scheduled__2024-06-22T06:30:00+00:00 [queued]>
[2024-06-30T09:56:00.305+0000] {taskinstance.py:1171} INFO - Dependencies all met for <TaskInstance: Automate_cleaning.load_raw_data scheduled__2024-06-22T06:30:00+00:00 [queued]>
[2024-06-30T09:56:00.306+0000] {taskinstance.py:1368} INFO - 
--------------------------------------------------------------------------------
[2024-06-30T09:56:00.310+0000] {taskinstance.py:1369} INFO - Starting attempt 1 of 1
[2024-06-30T09:56:00.310+0000] {taskinstance.py:1370} INFO - 
--------------------------------------------------------------------------------
[2024-06-30T09:56:00.396+0000] {taskinstance.py:1389} INFO - Executing <Task(PythonOperator): load_raw_data> on 2024-06-22 06:30:00+00:00
[2024-06-30T09:56:00.431+0000] {standard_task_runner.py:52} INFO - Started process 349 to run task
[2024-06-30T09:56:00.456+0000] {standard_task_runner.py:79} INFO - Running: ['***', 'tasks', 'run', 'Automate_cleaning', 'load_raw_data', 'scheduled__2024-06-22T06:30:00+00:00', '--job-id', '7', '--raw', '--subdir', 'DAGS_FOLDER/automate_clean_DAG.py', '--cfg-path', '/tmp/tmpu5fgaza0', '--error-file', '/tmp/tmp0ja2g8po']
[2024-06-30T09:56:00.484+0000] {standard_task_runner.py:80} INFO - Job 7: Subtask load_raw_data
[2024-06-30T09:56:00.719+0000] {task_command.py:371} INFO - Running <TaskInstance: Automate_cleaning.load_raw_data scheduled__2024-06-22T06:30:00+00:00 [running]> on host 80cef885917b
[2024-06-30T09:56:01.060+0000] {taskinstance.py:1583} INFO - Exporting the following env vars:
AIRFLOW_CTX_DAG_OWNER=devi_nirfana
AIRFLOW_CTX_DAG_ID=Automate_cleaning
AIRFLOW_CTX_TASK_ID=load_raw_data
AIRFLOW_CTX_EXECUTION_DATE=2024-06-22T06:30:00+00:00
AIRFLOW_CTX_TRY_NUMBER=1
AIRFLOW_CTX_DAG_RUN_ID=scheduled__2024-06-22T06:30:00+00:00
[2024-06-30T09:56:31.331+0000] {python.py:173} INFO - Done. Returned value was: None
[2024-06-30T09:56:31.733+0000] {taskinstance.py:1412} INFO - Marking task as SUCCESS. dag_id=Automate_cleaning, task_id=load_raw_data, execution_date=20240622T063000, start_date=20240630T095600, end_date=20240630T095631
[2024-06-30T09:56:32.157+0000] {local_task_job.py:156} INFO - Task exited with return code 0
[2024-06-30T09:56:33.348+0000] {local_task_job.py:279} INFO - 0 downstream tasks scheduled from follow-on schedule check
