[2024-06-30T09:33:35.984+0000] {taskinstance.py:1171} INFO - Dependencies all met for <TaskInstance: Automate_cleaning.load_raw_data scheduled__2024-06-19T06:30:00+00:00 [queued]>
[2024-06-30T09:33:36.046+0000] {taskinstance.py:1171} INFO - Dependencies all met for <TaskInstance: Automate_cleaning.load_raw_data scheduled__2024-06-19T06:30:00+00:00 [queued]>
[2024-06-30T09:33:36.047+0000] {taskinstance.py:1368} INFO - 
--------------------------------------------------------------------------------
[2024-06-30T09:33:36.050+0000] {taskinstance.py:1369} INFO - Starting attempt 1 of 1
[2024-06-30T09:33:36.051+0000] {taskinstance.py:1370} INFO - 
--------------------------------------------------------------------------------
[2024-06-30T09:33:36.147+0000] {taskinstance.py:1389} INFO - Executing <Task(PythonOperator): load_raw_data> on 2024-06-19 06:30:00+00:00
[2024-06-30T09:33:36.170+0000] {standard_task_runner.py:52} INFO - Started process 207 to run task
[2024-06-30T09:33:36.185+0000] {standard_task_runner.py:79} INFO - Running: ['***', 'tasks', 'run', 'Automate_cleaning', 'load_raw_data', 'scheduled__2024-06-19T06:30:00+00:00', '--job-id', '2', '--raw', '--subdir', 'DAGS_FOLDER/automate_clean_DAG.py', '--cfg-path', '/tmp/tmphys4hvpf', '--error-file', '/tmp/tmpv3t3dfl2']
[2024-06-30T09:33:36.196+0000] {standard_task_runner.py:80} INFO - Job 2: Subtask load_raw_data
[2024-06-30T09:33:36.620+0000] {task_command.py:371} INFO - Running <TaskInstance: Automate_cleaning.load_raw_data scheduled__2024-06-19T06:30:00+00:00 [running]> on host 7ad299a7fc17
[2024-06-30T09:33:36.978+0000] {taskinstance.py:1583} INFO - Exporting the following env vars:
AIRFLOW_CTX_DAG_OWNER=devi_nirfana
AIRFLOW_CTX_DAG_ID=Automate_cleaning
AIRFLOW_CTX_TASK_ID=load_raw_data
AIRFLOW_CTX_EXECUTION_DATE=2024-06-19T06:30:00+00:00
AIRFLOW_CTX_TRY_NUMBER=1
AIRFLOW_CTX_DAG_RUN_ID=scheduled__2024-06-19T06:30:00+00:00
[2024-06-30T09:34:07.401+0000] {python.py:173} INFO - Done. Returned value was: None
[2024-06-30T09:34:07.511+0000] {taskinstance.py:1412} INFO - Marking task as SUCCESS. dag_id=Automate_cleaning, task_id=load_raw_data, execution_date=20240619T063000, start_date=20240630T093335, end_date=20240630T093407
[2024-06-30T09:34:07.683+0000] {local_task_job.py:156} INFO - Task exited with return code 0
[2024-06-30T09:34:07.981+0000] {local_task_job.py:279} INFO - 0 downstream tasks scheduled from follow-on schedule check
[2024-06-30T09:38:21.560+0000] {taskinstance.py:1171} INFO - Dependencies all met for <TaskInstance: Automate_cleaning.load_raw_data scheduled__2024-06-19T06:30:00+00:00 [queued]>
[2024-06-30T09:38:21.600+0000] {taskinstance.py:1171} INFO - Dependencies all met for <TaskInstance: Automate_cleaning.load_raw_data scheduled__2024-06-19T06:30:00+00:00 [queued]>
[2024-06-30T09:38:21.601+0000] {taskinstance.py:1368} INFO - 
--------------------------------------------------------------------------------
[2024-06-30T09:38:21.602+0000] {taskinstance.py:1369} INFO - Starting attempt 1 of 1
[2024-06-30T09:38:21.607+0000] {taskinstance.py:1370} INFO - 
--------------------------------------------------------------------------------
[2024-06-30T09:38:21.639+0000] {taskinstance.py:1389} INFO - Executing <Task(PythonOperator): load_raw_data> on 2024-06-19 06:30:00+00:00
[2024-06-30T09:38:21.650+0000] {standard_task_runner.py:52} INFO - Started process 208 to run task
[2024-06-30T09:38:21.669+0000] {standard_task_runner.py:79} INFO - Running: ['***', 'tasks', 'run', 'Automate_cleaning', 'load_raw_data', 'scheduled__2024-06-19T06:30:00+00:00', '--job-id', '3', '--raw', '--subdir', 'DAGS_FOLDER/automate_clean_DAG.py', '--cfg-path', '/tmp/tmpb74wn0it', '--error-file', '/tmp/tmpt2eaw0z6']
[2024-06-30T09:38:21.683+0000] {standard_task_runner.py:80} INFO - Job 3: Subtask load_raw_data
[2024-06-30T09:38:21.889+0000] {task_command.py:371} INFO - Running <TaskInstance: Automate_cleaning.load_raw_data scheduled__2024-06-19T06:30:00+00:00 [running]> on host 3e5e5d011624
[2024-06-30T09:38:22.132+0000] {taskinstance.py:1583} INFO - Exporting the following env vars:
AIRFLOW_CTX_DAG_OWNER=devi_nirfana
AIRFLOW_CTX_DAG_ID=Automate_cleaning
AIRFLOW_CTX_TASK_ID=load_raw_data
AIRFLOW_CTX_EXECUTION_DATE=2024-06-19T06:30:00+00:00
AIRFLOW_CTX_TRY_NUMBER=1
AIRFLOW_CTX_DAG_RUN_ID=scheduled__2024-06-19T06:30:00+00:00
[2024-06-30T09:38:49.898+0000] {python.py:173} INFO - Done. Returned value was: None
[2024-06-30T09:38:50.076+0000] {taskinstance.py:1412} INFO - Marking task as SUCCESS. dag_id=Automate_cleaning, task_id=load_raw_data, execution_date=20240619T063000, start_date=20240630T093821, end_date=20240630T093850
[2024-06-30T09:38:50.150+0000] {local_task_job.py:227} WARNING - State of this instance has been externally set to success. Terminating instance.
[2024-06-30T09:38:50.163+0000] {process_utils.py:129} INFO - Sending Signals.SIGTERM to group 208. PIDs of all processes in the group: [208]
[2024-06-30T09:38:50.169+0000] {process_utils.py:80} INFO - Sending the signal Signals.SIGTERM to group 208
[2024-06-30T09:38:50.274+0000] {process_utils.py:75} INFO - Process psutil.Process(pid=208, status='terminated', exitcode=0, started='09:38:21') (208) terminated with exit code 0
[2024-06-30T09:55:58.013+0000] {taskinstance.py:1171} INFO - Dependencies all met for <TaskInstance: Automate_cleaning.load_raw_data scheduled__2024-06-19T06:30:00+00:00 [queued]>
[2024-06-30T09:55:58.061+0000] {taskinstance.py:1171} INFO - Dependencies all met for <TaskInstance: Automate_cleaning.load_raw_data scheduled__2024-06-19T06:30:00+00:00 [queued]>
[2024-06-30T09:55:58.065+0000] {taskinstance.py:1368} INFO - 
--------------------------------------------------------------------------------
[2024-06-30T09:55:58.066+0000] {taskinstance.py:1369} INFO - Starting attempt 1 of 1
[2024-06-30T09:55:58.066+0000] {taskinstance.py:1370} INFO - 
--------------------------------------------------------------------------------
[2024-06-30T09:55:58.112+0000] {taskinstance.py:1389} INFO - Executing <Task(PythonOperator): load_raw_data> on 2024-06-19 06:30:00+00:00
[2024-06-30T09:55:58.130+0000] {standard_task_runner.py:52} INFO - Started process 340 to run task
[2024-06-30T09:55:58.141+0000] {standard_task_runner.py:79} INFO - Running: ['***', 'tasks', 'run', 'Automate_cleaning', 'load_raw_data', 'scheduled__2024-06-19T06:30:00+00:00', '--job-id', '4', '--raw', '--subdir', 'DAGS_FOLDER/automate_clean_DAG.py', '--cfg-path', '/tmp/tmpzcika9wh', '--error-file', '/tmp/tmp_0i150zr']
[2024-06-30T09:55:58.145+0000] {standard_task_runner.py:80} INFO - Job 4: Subtask load_raw_data
[2024-06-30T09:55:58.330+0000] {task_command.py:371} INFO - Running <TaskInstance: Automate_cleaning.load_raw_data scheduled__2024-06-19T06:30:00+00:00 [running]> on host 80cef885917b
[2024-06-30T09:55:58.632+0000] {taskinstance.py:1583} INFO - Exporting the following env vars:
AIRFLOW_CTX_DAG_OWNER=devi_nirfana
AIRFLOW_CTX_DAG_ID=Automate_cleaning
AIRFLOW_CTX_TASK_ID=load_raw_data
AIRFLOW_CTX_EXECUTION_DATE=2024-06-19T06:30:00+00:00
AIRFLOW_CTX_TRY_NUMBER=1
AIRFLOW_CTX_DAG_RUN_ID=scheduled__2024-06-19T06:30:00+00:00
[2024-06-30T09:56:30.838+0000] {python.py:173} INFO - Done. Returned value was: None
[2024-06-30T09:56:30.918+0000] {taskinstance.py:1412} INFO - Marking task as SUCCESS. dag_id=Automate_cleaning, task_id=load_raw_data, execution_date=20240619T063000, start_date=20240630T095558, end_date=20240630T095630
[2024-06-30T09:56:31.265+0000] {local_task_job.py:156} INFO - Task exited with return code 0
[2024-06-30T09:56:31.889+0000] {local_task_job.py:279} INFO - 0 downstream tasks scheduled from follow-on schedule check
