[2024-06-30T09:33:38.330+0000] {taskinstance.py:1171} INFO - Dependencies all met for <TaskInstance: Automate_cleaning.load_raw_data scheduled__2024-06-23T06:30:00+00:00 [queued]>
[2024-06-30T09:33:38.389+0000] {taskinstance.py:1171} INFO - Dependencies all met for <TaskInstance: Automate_cleaning.load_raw_data scheduled__2024-06-23T06:30:00+00:00 [queued]>
[2024-06-30T09:33:38.397+0000] {taskinstance.py:1368} INFO - 
--------------------------------------------------------------------------------
[2024-06-30T09:33:38.398+0000] {taskinstance.py:1369} INFO - Starting attempt 1 of 1
[2024-06-30T09:33:38.398+0000] {taskinstance.py:1370} INFO - 
--------------------------------------------------------------------------------
[2024-06-30T09:33:38.479+0000] {taskinstance.py:1389} INFO - Executing <Task(PythonOperator): load_raw_data> on 2024-06-23 06:30:00+00:00
[2024-06-30T09:33:38.511+0000] {standard_task_runner.py:52} INFO - Started process 225 to run task
[2024-06-30T09:33:38.522+0000] {standard_task_runner.py:79} INFO - Running: ['***', 'tasks', 'run', 'Automate_cleaning', 'load_raw_data', 'scheduled__2024-06-23T06:30:00+00:00', '--job-id', '7', '--raw', '--subdir', 'DAGS_FOLDER/automate_clean_DAG.py', '--cfg-path', '/tmp/tmpx720itup', '--error-file', '/tmp/tmp329ucr1m']
[2024-06-30T09:33:38.543+0000] {standard_task_runner.py:80} INFO - Job 7: Subtask load_raw_data
[2024-06-30T09:33:38.760+0000] {task_command.py:371} INFO - Running <TaskInstance: Automate_cleaning.load_raw_data scheduled__2024-06-23T06:30:00+00:00 [running]> on host 7ad299a7fc17
[2024-06-30T09:33:39.231+0000] {taskinstance.py:1583} INFO - Exporting the following env vars:
AIRFLOW_CTX_DAG_OWNER=devi_nirfana
AIRFLOW_CTX_DAG_ID=Automate_cleaning
AIRFLOW_CTX_TASK_ID=load_raw_data
AIRFLOW_CTX_EXECUTION_DATE=2024-06-23T06:30:00+00:00
AIRFLOW_CTX_TRY_NUMBER=1
AIRFLOW_CTX_DAG_RUN_ID=scheduled__2024-06-23T06:30:00+00:00
[2024-06-30T09:34:15.143+0000] {python.py:173} INFO - Done. Returned value was: None
[2024-06-30T09:34:15.211+0000] {taskinstance.py:1412} INFO - Marking task as SUCCESS. dag_id=Automate_cleaning, task_id=load_raw_data, execution_date=20240623T063000, start_date=20240630T093338, end_date=20240630T093415
[2024-06-30T09:34:15.420+0000] {local_task_job.py:156} INFO - Task exited with return code 0
[2024-06-30T09:34:15.645+0000] {local_task_job.py:279} INFO - 1 downstream tasks scheduled from follow-on schedule check
[2024-06-30T09:38:22.969+0000] {taskinstance.py:1171} INFO - Dependencies all met for <TaskInstance: Automate_cleaning.load_raw_data scheduled__2024-06-23T06:30:00+00:00 [queued]>
[2024-06-30T09:38:23.012+0000] {taskinstance.py:1171} INFO - Dependencies all met for <TaskInstance: Automate_cleaning.load_raw_data scheduled__2024-06-23T06:30:00+00:00 [queued]>
[2024-06-30T09:38:23.015+0000] {taskinstance.py:1368} INFO - 
--------------------------------------------------------------------------------
[2024-06-30T09:38:23.016+0000] {taskinstance.py:1369} INFO - Starting attempt 1 of 1
[2024-06-30T09:38:23.016+0000] {taskinstance.py:1370} INFO - 
--------------------------------------------------------------------------------
[2024-06-30T09:38:23.095+0000] {taskinstance.py:1389} INFO - Executing <Task(PythonOperator): load_raw_data> on 2024-06-23 06:30:00+00:00
[2024-06-30T09:38:23.130+0000] {standard_task_runner.py:52} INFO - Started process 220 to run task
[2024-06-30T09:38:23.141+0000] {standard_task_runner.py:79} INFO - Running: ['***', 'tasks', 'run', 'Automate_cleaning', 'load_raw_data', 'scheduled__2024-06-23T06:30:00+00:00', '--job-id', '7', '--raw', '--subdir', 'DAGS_FOLDER/automate_clean_DAG.py', '--cfg-path', '/tmp/tmp9uqg54u1', '--error-file', '/tmp/tmps5qhyd2p']
[2024-06-30T09:38:23.147+0000] {standard_task_runner.py:80} INFO - Job 7: Subtask load_raw_data
[2024-06-30T09:38:23.430+0000] {task_command.py:371} INFO - Running <TaskInstance: Automate_cleaning.load_raw_data scheduled__2024-06-23T06:30:00+00:00 [running]> on host 3e5e5d011624
[2024-06-30T09:38:23.671+0000] {taskinstance.py:1583} INFO - Exporting the following env vars:
AIRFLOW_CTX_DAG_OWNER=devi_nirfana
AIRFLOW_CTX_DAG_ID=Automate_cleaning
AIRFLOW_CTX_TASK_ID=load_raw_data
AIRFLOW_CTX_EXECUTION_DATE=2024-06-23T06:30:00+00:00
AIRFLOW_CTX_TRY_NUMBER=1
AIRFLOW_CTX_DAG_RUN_ID=scheduled__2024-06-23T06:30:00+00:00
[2024-06-30T09:38:55.429+0000] {python.py:173} INFO - Done. Returned value was: None
[2024-06-30T09:38:55.536+0000] {taskinstance.py:1412} INFO - Marking task as SUCCESS. dag_id=Automate_cleaning, task_id=load_raw_data, execution_date=20240623T063000, start_date=20240630T093822, end_date=20240630T093855
[2024-06-30T09:38:55.634+0000] {local_task_job.py:156} INFO - Task exited with return code 0
[2024-06-30T09:38:56.067+0000] {local_task_job.py:279} INFO - 0 downstream tasks scheduled from follow-on schedule check
[2024-06-30T09:56:00.855+0000] {taskinstance.py:1171} INFO - Dependencies all met for <TaskInstance: Automate_cleaning.load_raw_data scheduled__2024-06-23T06:30:00+00:00 [queued]>
[2024-06-30T09:56:00.913+0000] {taskinstance.py:1171} INFO - Dependencies all met for <TaskInstance: Automate_cleaning.load_raw_data scheduled__2024-06-23T06:30:00+00:00 [queued]>
[2024-06-30T09:56:00.916+0000] {taskinstance.py:1368} INFO - 
--------------------------------------------------------------------------------
[2024-06-30T09:56:00.916+0000] {taskinstance.py:1369} INFO - Starting attempt 1 of 1
[2024-06-30T09:56:00.917+0000] {taskinstance.py:1370} INFO - 
--------------------------------------------------------------------------------
[2024-06-30T09:56:00.998+0000] {taskinstance.py:1389} INFO - Executing <Task(PythonOperator): load_raw_data> on 2024-06-23 06:30:00+00:00
[2024-06-30T09:56:01.040+0000] {standard_task_runner.py:52} INFO - Started process 353 to run task
[2024-06-30T09:56:01.053+0000] {standard_task_runner.py:79} INFO - Running: ['***', 'tasks', 'run', 'Automate_cleaning', 'load_raw_data', 'scheduled__2024-06-23T06:30:00+00:00', '--job-id', '9', '--raw', '--subdir', 'DAGS_FOLDER/automate_clean_DAG.py', '--cfg-path', '/tmp/tmp4po0caaf', '--error-file', '/tmp/tmpfa1_y2en']
[2024-06-30T09:56:01.065+0000] {standard_task_runner.py:80} INFO - Job 9: Subtask load_raw_data
[2024-06-30T09:56:01.396+0000] {task_command.py:371} INFO - Running <TaskInstance: Automate_cleaning.load_raw_data scheduled__2024-06-23T06:30:00+00:00 [running]> on host 80cef885917b
[2024-06-30T09:56:01.592+0000] {taskinstance.py:1583} INFO - Exporting the following env vars:
AIRFLOW_CTX_DAG_OWNER=devi_nirfana
AIRFLOW_CTX_DAG_ID=Automate_cleaning
AIRFLOW_CTX_TASK_ID=load_raw_data
AIRFLOW_CTX_EXECUTION_DATE=2024-06-23T06:30:00+00:00
AIRFLOW_CTX_TRY_NUMBER=1
AIRFLOW_CTX_DAG_RUN_ID=scheduled__2024-06-23T06:30:00+00:00
[2024-06-30T09:56:40.330+0000] {python.py:173} INFO - Done. Returned value was: None
[2024-06-30T09:56:40.377+0000] {taskinstance.py:1412} INFO - Marking task as SUCCESS. dag_id=Automate_cleaning, task_id=load_raw_data, execution_date=20240623T063000, start_date=20240630T095600, end_date=20240630T095640
[2024-06-30T09:56:40.553+0000] {local_task_job.py:156} INFO - Task exited with return code 0
[2024-06-30T09:56:41.116+0000] {local_task_job.py:279} INFO - 0 downstream tasks scheduled from follow-on schedule check
