[2024-06-23T14:15:25.200+0000] {processor.py:153} INFO - Started process (PID=179) to work on /opt/airflow/dags/P2M3_devi_nirfana_DAG.py
[2024-06-23T14:15:25.204+0000] {processor.py:640} INFO - Processing file /opt/airflow/dags/P2M3_devi_nirfana_DAG.py for tasks to queue
[2024-06-23T14:15:25.208+0000] {logging_mixin.py:115} INFO - [2024-06-23T14:15:25.207+0000] {dagbag.py:508} INFO - Filling up the DagBag from /opt/airflow/dags/P2M3_devi_nirfana_DAG.py
[2024-06-23T14:15:26.202+0000] {processor.py:650} INFO - DAG(s) dict_keys(['Milestones3']) retrieved from /opt/airflow/dags/P2M3_devi_nirfana_DAG.py
[2024-06-23T14:15:26.278+0000] {logging_mixin.py:115} INFO - [2024-06-23T14:15:26.277+0000] {dag.py:2429} INFO - Sync 1 DAGs
[2024-06-23T14:15:26.354+0000] {logging_mixin.py:115} INFO - [2024-06-23T14:15:26.354+0000] {dag.py:2981} INFO - Setting next_dagrun for Milestones3 to 2024-06-23T06:30:00+00:00, run_after=2024-06-24T06:30:00+00:00
[2024-06-23T14:15:26.388+0000] {processor.py:161} INFO - Processing /opt/airflow/dags/P2M3_devi_nirfana_DAG.py took 1.208 seconds
[2024-06-23T14:15:56.543+0000] {processor.py:153} INFO - Started process (PID=198) to work on /opt/airflow/dags/P2M3_devi_nirfana_DAG.py
[2024-06-23T14:15:56.545+0000] {processor.py:640} INFO - Processing file /opt/airflow/dags/P2M3_devi_nirfana_DAG.py for tasks to queue
[2024-06-23T14:15:56.546+0000] {logging_mixin.py:115} INFO - [2024-06-23T14:15:56.546+0000] {dagbag.py:508} INFO - Filling up the DagBag from /opt/airflow/dags/P2M3_devi_nirfana_DAG.py
[2024-06-23T14:15:56.982+0000] {processor.py:650} INFO - DAG(s) dict_keys(['Milestones3']) retrieved from /opt/airflow/dags/P2M3_devi_nirfana_DAG.py
[2024-06-23T14:15:57.007+0000] {logging_mixin.py:115} INFO - [2024-06-23T14:15:57.006+0000] {dag.py:2429} INFO - Sync 1 DAGs
[2024-06-23T14:15:57.032+0000] {logging_mixin.py:115} INFO - [2024-06-23T14:15:57.031+0000] {dag.py:2981} INFO - Setting next_dagrun for Milestones3 to 2024-06-23T06:30:00+00:00, run_after=2024-06-24T06:30:00+00:00
[2024-06-23T14:15:57.047+0000] {processor.py:161} INFO - Processing /opt/airflow/dags/P2M3_devi_nirfana_DAG.py took 0.507 seconds
[2024-06-23T14:16:27.157+0000] {processor.py:153} INFO - Started process (PID=204) to work on /opt/airflow/dags/P2M3_devi_nirfana_DAG.py
[2024-06-23T14:16:27.160+0000] {processor.py:640} INFO - Processing file /opt/airflow/dags/P2M3_devi_nirfana_DAG.py for tasks to queue
[2024-06-23T14:16:27.163+0000] {logging_mixin.py:115} INFO - [2024-06-23T14:16:27.163+0000] {dagbag.py:508} INFO - Filling up the DagBag from /opt/airflow/dags/P2M3_devi_nirfana_DAG.py
[2024-06-23T14:16:27.690+0000] {processor.py:650} INFO - DAG(s) dict_keys(['Milestones3']) retrieved from /opt/airflow/dags/P2M3_devi_nirfana_DAG.py
[2024-06-23T14:16:27.721+0000] {logging_mixin.py:115} INFO - [2024-06-23T14:16:27.720+0000] {dag.py:2429} INFO - Sync 1 DAGs
[2024-06-23T14:16:27.755+0000] {logging_mixin.py:115} INFO - [2024-06-23T14:16:27.755+0000] {dag.py:2981} INFO - Setting next_dagrun for Milestones3 to 2024-06-23T06:30:00+00:00, run_after=2024-06-24T06:30:00+00:00
[2024-06-23T14:16:27.777+0000] {processor.py:161} INFO - Processing /opt/airflow/dags/P2M3_devi_nirfana_DAG.py took 0.626 seconds
[2024-06-23T14:16:57.875+0000] {processor.py:153} INFO - Started process (PID=210) to work on /opt/airflow/dags/P2M3_devi_nirfana_DAG.py
[2024-06-23T14:16:57.876+0000] {processor.py:640} INFO - Processing file /opt/airflow/dags/P2M3_devi_nirfana_DAG.py for tasks to queue
[2024-06-23T14:16:57.877+0000] {logging_mixin.py:115} INFO - [2024-06-23T14:16:57.876+0000] {dagbag.py:508} INFO - Filling up the DagBag from /opt/airflow/dags/P2M3_devi_nirfana_DAG.py
[2024-06-23T14:16:58.344+0000] {processor.py:650} INFO - DAG(s) dict_keys(['Milestones3']) retrieved from /opt/airflow/dags/P2M3_devi_nirfana_DAG.py
[2024-06-23T14:16:58.375+0000] {logging_mixin.py:115} INFO - [2024-06-23T14:16:58.374+0000] {dag.py:2429} INFO - Sync 1 DAGs
[2024-06-23T14:16:58.404+0000] {logging_mixin.py:115} INFO - [2024-06-23T14:16:58.404+0000] {dag.py:2981} INFO - Setting next_dagrun for Milestones3 to 2024-06-23T06:30:00+00:00, run_after=2024-06-24T06:30:00+00:00
[2024-06-23T14:16:58.418+0000] {processor.py:161} INFO - Processing /opt/airflow/dags/P2M3_devi_nirfana_DAG.py took 0.547 seconds
[2024-06-23T14:17:28.573+0000] {processor.py:153} INFO - Started process (PID=216) to work on /opt/airflow/dags/P2M3_devi_nirfana_DAG.py
[2024-06-23T14:17:28.574+0000] {processor.py:640} INFO - Processing file /opt/airflow/dags/P2M3_devi_nirfana_DAG.py for tasks to queue
[2024-06-23T14:17:28.576+0000] {logging_mixin.py:115} INFO - [2024-06-23T14:17:28.576+0000] {dagbag.py:508} INFO - Filling up the DagBag from /opt/airflow/dags/P2M3_devi_nirfana_DAG.py
[2024-06-23T14:17:29.179+0000] {processor.py:650} INFO - DAG(s) dict_keys(['Milestones3']) retrieved from /opt/airflow/dags/P2M3_devi_nirfana_DAG.py
[2024-06-23T14:17:29.210+0000] {logging_mixin.py:115} INFO - [2024-06-23T14:17:29.209+0000] {dag.py:2429} INFO - Sync 1 DAGs
[2024-06-23T14:17:29.236+0000] {logging_mixin.py:115} INFO - [2024-06-23T14:17:29.236+0000] {dag.py:2981} INFO - Setting next_dagrun for Milestones3 to 2024-06-23T06:30:00+00:00, run_after=2024-06-24T06:30:00+00:00
[2024-06-23T14:17:29.251+0000] {processor.py:161} INFO - Processing /opt/airflow/dags/P2M3_devi_nirfana_DAG.py took 0.681 seconds
[2024-06-23T14:17:59.395+0000] {processor.py:153} INFO - Started process (PID=222) to work on /opt/airflow/dags/P2M3_devi_nirfana_DAG.py
[2024-06-23T14:17:59.398+0000] {processor.py:640} INFO - Processing file /opt/airflow/dags/P2M3_devi_nirfana_DAG.py for tasks to queue
[2024-06-23T14:17:59.401+0000] {logging_mixin.py:115} INFO - [2024-06-23T14:17:59.401+0000] {dagbag.py:508} INFO - Filling up the DagBag from /opt/airflow/dags/P2M3_devi_nirfana_DAG.py
[2024-06-23T14:18:00.035+0000] {processor.py:650} INFO - DAG(s) dict_keys(['Milestones3']) retrieved from /opt/airflow/dags/P2M3_devi_nirfana_DAG.py
[2024-06-23T14:18:00.073+0000] {logging_mixin.py:115} INFO - [2024-06-23T14:18:00.072+0000] {dag.py:2429} INFO - Sync 1 DAGs
[2024-06-23T14:18:00.105+0000] {logging_mixin.py:115} INFO - [2024-06-23T14:18:00.104+0000] {dag.py:2981} INFO - Setting next_dagrun for Milestones3 to 2024-06-23T06:30:00+00:00, run_after=2024-06-24T06:30:00+00:00
[2024-06-23T14:18:00.120+0000] {processor.py:161} INFO - Processing /opt/airflow/dags/P2M3_devi_nirfana_DAG.py took 0.737 seconds
[2024-06-23T14:18:30.205+0000] {processor.py:153} INFO - Started process (PID=228) to work on /opt/airflow/dags/P2M3_devi_nirfana_DAG.py
[2024-06-23T14:18:30.206+0000] {processor.py:640} INFO - Processing file /opt/airflow/dags/P2M3_devi_nirfana_DAG.py for tasks to queue
[2024-06-23T14:18:30.208+0000] {logging_mixin.py:115} INFO - [2024-06-23T14:18:30.207+0000] {dagbag.py:508} INFO - Filling up the DagBag from /opt/airflow/dags/P2M3_devi_nirfana_DAG.py
[2024-06-23T14:18:30.861+0000] {processor.py:650} INFO - DAG(s) dict_keys(['Milestones3']) retrieved from /opt/airflow/dags/P2M3_devi_nirfana_DAG.py
[2024-06-23T14:18:30.894+0000] {logging_mixin.py:115} INFO - [2024-06-23T14:18:30.893+0000] {dag.py:2429} INFO - Sync 1 DAGs
[2024-06-23T14:18:30.921+0000] {logging_mixin.py:115} INFO - [2024-06-23T14:18:30.920+0000] {dag.py:2981} INFO - Setting next_dagrun for Milestones3 to 2024-06-23T06:30:00+00:00, run_after=2024-06-24T06:30:00+00:00
[2024-06-23T14:18:30.935+0000] {processor.py:161} INFO - Processing /opt/airflow/dags/P2M3_devi_nirfana_DAG.py took 0.734 seconds
[2024-06-23T14:19:01.023+0000] {processor.py:153} INFO - Started process (PID=234) to work on /opt/airflow/dags/P2M3_devi_nirfana_DAG.py
[2024-06-23T14:19:01.024+0000] {processor.py:640} INFO - Processing file /opt/airflow/dags/P2M3_devi_nirfana_DAG.py for tasks to queue
[2024-06-23T14:19:01.025+0000] {logging_mixin.py:115} INFO - [2024-06-23T14:19:01.025+0000] {dagbag.py:508} INFO - Filling up the DagBag from /opt/airflow/dags/P2M3_devi_nirfana_DAG.py
[2024-06-23T14:19:01.509+0000] {processor.py:650} INFO - DAG(s) dict_keys(['Milestones3']) retrieved from /opt/airflow/dags/P2M3_devi_nirfana_DAG.py
[2024-06-23T14:19:01.542+0000] {logging_mixin.py:115} INFO - [2024-06-23T14:19:01.541+0000] {dag.py:2429} INFO - Sync 1 DAGs
[2024-06-23T14:19:01.572+0000] {logging_mixin.py:115} INFO - [2024-06-23T14:19:01.571+0000] {dag.py:2981} INFO - Setting next_dagrun for Milestones3 to 2024-06-23T06:30:00+00:00, run_after=2024-06-24T06:30:00+00:00
[2024-06-23T14:19:01.586+0000] {processor.py:161} INFO - Processing /opt/airflow/dags/P2M3_devi_nirfana_DAG.py took 0.567 seconds
[2024-06-23T14:19:31.681+0000] {processor.py:153} INFO - Started process (PID=240) to work on /opt/airflow/dags/P2M3_devi_nirfana_DAG.py
[2024-06-23T14:19:31.686+0000] {processor.py:640} INFO - Processing file /opt/airflow/dags/P2M3_devi_nirfana_DAG.py for tasks to queue
[2024-06-23T14:19:31.687+0000] {logging_mixin.py:115} INFO - [2024-06-23T14:19:31.687+0000] {dagbag.py:508} INFO - Filling up the DagBag from /opt/airflow/dags/P2M3_devi_nirfana_DAG.py
[2024-06-23T14:19:32.418+0000] {processor.py:650} INFO - DAG(s) dict_keys(['Milestones3']) retrieved from /opt/airflow/dags/P2M3_devi_nirfana_DAG.py
[2024-06-23T14:19:32.451+0000] {logging_mixin.py:115} INFO - [2024-06-23T14:19:32.450+0000] {dag.py:2429} INFO - Sync 1 DAGs
[2024-06-23T14:19:32.480+0000] {logging_mixin.py:115} INFO - [2024-06-23T14:19:32.480+0000] {dag.py:2981} INFO - Setting next_dagrun for Milestones3 to 2024-06-23T06:30:00+00:00, run_after=2024-06-24T06:30:00+00:00
[2024-06-23T14:19:32.495+0000] {processor.py:161} INFO - Processing /opt/airflow/dags/P2M3_devi_nirfana_DAG.py took 0.818 seconds
[2024-06-23T14:20:02.547+0000] {processor.py:153} INFO - Started process (PID=246) to work on /opt/airflow/dags/P2M3_devi_nirfana_DAG.py
[2024-06-23T14:20:02.548+0000] {processor.py:640} INFO - Processing file /opt/airflow/dags/P2M3_devi_nirfana_DAG.py for tasks to queue
[2024-06-23T14:20:02.549+0000] {logging_mixin.py:115} INFO - [2024-06-23T14:20:02.549+0000] {dagbag.py:508} INFO - Filling up the DagBag from /opt/airflow/dags/P2M3_devi_nirfana_DAG.py
[2024-06-23T14:20:02.999+0000] {processor.py:650} INFO - DAG(s) dict_keys(['Milestones3']) retrieved from /opt/airflow/dags/P2M3_devi_nirfana_DAG.py
[2024-06-23T14:20:03.029+0000] {logging_mixin.py:115} INFO - [2024-06-23T14:20:03.028+0000] {dag.py:2429} INFO - Sync 1 DAGs
[2024-06-23T14:20:03.057+0000] {logging_mixin.py:115} INFO - [2024-06-23T14:20:03.057+0000] {dag.py:2981} INFO - Setting next_dagrun for Milestones3 to 2024-06-23T06:30:00+00:00, run_after=2024-06-24T06:30:00+00:00
[2024-06-23T14:20:03.071+0000] {processor.py:161} INFO - Processing /opt/airflow/dags/P2M3_devi_nirfana_DAG.py took 0.528 seconds
[2024-06-23T14:20:33.416+0000] {processor.py:153} INFO - Started process (PID=252) to work on /opt/airflow/dags/P2M3_devi_nirfana_DAG.py
[2024-06-23T14:20:33.419+0000] {processor.py:640} INFO - Processing file /opt/airflow/dags/P2M3_devi_nirfana_DAG.py for tasks to queue
[2024-06-23T14:20:33.420+0000] {logging_mixin.py:115} INFO - [2024-06-23T14:20:33.420+0000] {dagbag.py:508} INFO - Filling up the DagBag from /opt/airflow/dags/P2M3_devi_nirfana_DAG.py
[2024-06-23T14:20:34.006+0000] {processor.py:650} INFO - DAG(s) dict_keys(['Milestones3']) retrieved from /opt/airflow/dags/P2M3_devi_nirfana_DAG.py
[2024-06-23T14:20:34.034+0000] {logging_mixin.py:115} INFO - [2024-06-23T14:20:34.033+0000] {dag.py:2429} INFO - Sync 1 DAGs
[2024-06-23T14:20:34.065+0000] {logging_mixin.py:115} INFO - [2024-06-23T14:20:34.065+0000] {dag.py:2981} INFO - Setting next_dagrun for Milestones3 to 2024-06-23T06:30:00+00:00, run_after=2024-06-24T06:30:00+00:00
[2024-06-23T14:20:34.079+0000] {processor.py:161} INFO - Processing /opt/airflow/dags/P2M3_devi_nirfana_DAG.py took 0.678 seconds
[2024-06-23T14:21:04.641+0000] {processor.py:153} INFO - Started process (PID=258) to work on /opt/airflow/dags/P2M3_devi_nirfana_DAG.py
[2024-06-23T14:21:04.642+0000] {processor.py:640} INFO - Processing file /opt/airflow/dags/P2M3_devi_nirfana_DAG.py for tasks to queue
[2024-06-23T14:21:04.643+0000] {logging_mixin.py:115} INFO - [2024-06-23T14:21:04.643+0000] {dagbag.py:508} INFO - Filling up the DagBag from /opt/airflow/dags/P2M3_devi_nirfana_DAG.py
[2024-06-23T14:21:05.275+0000] {processor.py:650} INFO - DAG(s) dict_keys(['Milestones3']) retrieved from /opt/airflow/dags/P2M3_devi_nirfana_DAG.py
[2024-06-23T14:21:05.303+0000] {logging_mixin.py:115} INFO - [2024-06-23T14:21:05.302+0000] {dag.py:2429} INFO - Sync 1 DAGs
[2024-06-23T14:21:05.331+0000] {logging_mixin.py:115} INFO - [2024-06-23T14:21:05.331+0000] {dag.py:2981} INFO - Setting next_dagrun for Milestones3 to 2024-06-23T06:30:00+00:00, run_after=2024-06-24T06:30:00+00:00
[2024-06-23T14:21:05.345+0000] {processor.py:161} INFO - Processing /opt/airflow/dags/P2M3_devi_nirfana_DAG.py took 0.709 seconds
[2024-06-23T14:21:35.435+0000] {processor.py:153} INFO - Started process (PID=264) to work on /opt/airflow/dags/P2M3_devi_nirfana_DAG.py
[2024-06-23T14:21:35.437+0000] {processor.py:640} INFO - Processing file /opt/airflow/dags/P2M3_devi_nirfana_DAG.py for tasks to queue
[2024-06-23T14:21:35.438+0000] {logging_mixin.py:115} INFO - [2024-06-23T14:21:35.437+0000] {dagbag.py:508} INFO - Filling up the DagBag from /opt/airflow/dags/P2M3_devi_nirfana_DAG.py
[2024-06-23T14:21:35.904+0000] {processor.py:650} INFO - DAG(s) dict_keys(['Milestones3']) retrieved from /opt/airflow/dags/P2M3_devi_nirfana_DAG.py
[2024-06-23T14:21:35.932+0000] {logging_mixin.py:115} INFO - [2024-06-23T14:21:35.931+0000] {dag.py:2429} INFO - Sync 1 DAGs
[2024-06-23T14:21:35.959+0000] {logging_mixin.py:115} INFO - [2024-06-23T14:21:35.959+0000] {dag.py:2981} INFO - Setting next_dagrun for Milestones3 to 2024-06-23T06:30:00+00:00, run_after=2024-06-24T06:30:00+00:00
[2024-06-23T14:21:35.973+0000] {processor.py:161} INFO - Processing /opt/airflow/dags/P2M3_devi_nirfana_DAG.py took 0.542 seconds
[2024-06-23T14:22:06.060+0000] {processor.py:153} INFO - Started process (PID=270) to work on /opt/airflow/dags/P2M3_devi_nirfana_DAG.py
[2024-06-23T14:22:06.063+0000] {processor.py:640} INFO - Processing file /opt/airflow/dags/P2M3_devi_nirfana_DAG.py for tasks to queue
[2024-06-23T14:22:06.066+0000] {logging_mixin.py:115} INFO - [2024-06-23T14:22:06.065+0000] {dagbag.py:508} INFO - Filling up the DagBag from /opt/airflow/dags/P2M3_devi_nirfana_DAG.py
[2024-06-23T14:22:06.560+0000] {processor.py:650} INFO - DAG(s) dict_keys(['Milestones3']) retrieved from /opt/airflow/dags/P2M3_devi_nirfana_DAG.py
[2024-06-23T14:22:06.587+0000] {logging_mixin.py:115} INFO - [2024-06-23T14:22:06.587+0000] {dag.py:2429} INFO - Sync 1 DAGs
[2024-06-23T14:22:06.613+0000] {logging_mixin.py:115} INFO - [2024-06-23T14:22:06.612+0000] {dag.py:2981} INFO - Setting next_dagrun for Milestones3 to 2024-06-23T06:30:00+00:00, run_after=2024-06-24T06:30:00+00:00
[2024-06-23T14:22:06.626+0000] {processor.py:161} INFO - Processing /opt/airflow/dags/P2M3_devi_nirfana_DAG.py took 0.570 seconds
[2024-06-23T14:22:36.660+0000] {processor.py:153} INFO - Started process (PID=276) to work on /opt/airflow/dags/P2M3_devi_nirfana_DAG.py
[2024-06-23T14:22:36.661+0000] {processor.py:640} INFO - Processing file /opt/airflow/dags/P2M3_devi_nirfana_DAG.py for tasks to queue
[2024-06-23T14:22:36.662+0000] {logging_mixin.py:115} INFO - [2024-06-23T14:22:36.662+0000] {dagbag.py:508} INFO - Filling up the DagBag from /opt/airflow/dags/P2M3_devi_nirfana_DAG.py
[2024-06-23T14:22:37.188+0000] {processor.py:650} INFO - DAG(s) dict_keys(['Milestones3']) retrieved from /opt/airflow/dags/P2M3_devi_nirfana_DAG.py
[2024-06-23T14:22:37.219+0000] {logging_mixin.py:115} INFO - [2024-06-23T14:22:37.219+0000] {dag.py:2429} INFO - Sync 1 DAGs
[2024-06-23T14:22:37.247+0000] {logging_mixin.py:115} INFO - [2024-06-23T14:22:37.247+0000] {dag.py:2981} INFO - Setting next_dagrun for Milestones3 to 2024-06-23T06:30:00+00:00, run_after=2024-06-24T06:30:00+00:00
[2024-06-23T14:22:37.263+0000] {processor.py:161} INFO - Processing /opt/airflow/dags/P2M3_devi_nirfana_DAG.py took 0.607 seconds
[2024-06-23T14:23:07.355+0000] {processor.py:153} INFO - Started process (PID=282) to work on /opt/airflow/dags/P2M3_devi_nirfana_DAG.py
[2024-06-23T14:23:07.357+0000] {processor.py:640} INFO - Processing file /opt/airflow/dags/P2M3_devi_nirfana_DAG.py for tasks to queue
[2024-06-23T14:23:07.358+0000] {logging_mixin.py:115} INFO - [2024-06-23T14:23:07.358+0000] {dagbag.py:508} INFO - Filling up the DagBag from /opt/airflow/dags/P2M3_devi_nirfana_DAG.py
[2024-06-23T14:23:07.749+0000] {processor.py:650} INFO - DAG(s) dict_keys(['Milestones3']) retrieved from /opt/airflow/dags/P2M3_devi_nirfana_DAG.py
[2024-06-23T14:23:07.771+0000] {logging_mixin.py:115} INFO - [2024-06-23T14:23:07.770+0000] {dag.py:2429} INFO - Sync 1 DAGs
[2024-06-23T14:23:07.794+0000] {logging_mixin.py:115} INFO - [2024-06-23T14:23:07.794+0000] {dag.py:2981} INFO - Setting next_dagrun for Milestones3 to 2024-06-23T06:30:00+00:00, run_after=2024-06-24T06:30:00+00:00
[2024-06-23T14:23:07.809+0000] {processor.py:161} INFO - Processing /opt/airflow/dags/P2M3_devi_nirfana_DAG.py took 0.457 seconds
[2024-06-23T14:23:37.887+0000] {processor.py:153} INFO - Started process (PID=288) to work on /opt/airflow/dags/P2M3_devi_nirfana_DAG.py
[2024-06-23T14:23:37.888+0000] {processor.py:640} INFO - Processing file /opt/airflow/dags/P2M3_devi_nirfana_DAG.py for tasks to queue
[2024-06-23T14:23:37.890+0000] {logging_mixin.py:115} INFO - [2024-06-23T14:23:37.889+0000] {dagbag.py:508} INFO - Filling up the DagBag from /opt/airflow/dags/P2M3_devi_nirfana_DAG.py
[2024-06-23T14:23:38.388+0000] {processor.py:650} INFO - DAG(s) dict_keys(['Milestones3']) retrieved from /opt/airflow/dags/P2M3_devi_nirfana_DAG.py
[2024-06-23T14:23:38.414+0000] {logging_mixin.py:115} INFO - [2024-06-23T14:23:38.414+0000] {dag.py:2429} INFO - Sync 1 DAGs
[2024-06-23T14:23:38.440+0000] {logging_mixin.py:115} INFO - [2024-06-23T14:23:38.440+0000] {dag.py:2981} INFO - Setting next_dagrun for Milestones3 to 2024-06-23T06:30:00+00:00, run_after=2024-06-24T06:30:00+00:00
[2024-06-23T14:23:38.455+0000] {processor.py:161} INFO - Processing /opt/airflow/dags/P2M3_devi_nirfana_DAG.py took 0.572 seconds
[2024-06-23T14:24:08.541+0000] {processor.py:153} INFO - Started process (PID=294) to work on /opt/airflow/dags/P2M3_devi_nirfana_DAG.py
[2024-06-23T14:24:08.542+0000] {processor.py:640} INFO - Processing file /opt/airflow/dags/P2M3_devi_nirfana_DAG.py for tasks to queue
[2024-06-23T14:24:08.544+0000] {logging_mixin.py:115} INFO - [2024-06-23T14:24:08.543+0000] {dagbag.py:508} INFO - Filling up the DagBag from /opt/airflow/dags/P2M3_devi_nirfana_DAG.py
[2024-06-23T14:24:09.025+0000] {processor.py:650} INFO - DAG(s) dict_keys(['Milestones3']) retrieved from /opt/airflow/dags/P2M3_devi_nirfana_DAG.py
[2024-06-23T14:24:09.048+0000] {logging_mixin.py:115} INFO - [2024-06-23T14:24:09.048+0000] {dag.py:2429} INFO - Sync 1 DAGs
[2024-06-23T14:24:09.073+0000] {logging_mixin.py:115} INFO - [2024-06-23T14:24:09.072+0000] {dag.py:2981} INFO - Setting next_dagrun for Milestones3 to 2024-06-23T06:30:00+00:00, run_after=2024-06-24T06:30:00+00:00
[2024-06-23T14:24:09.086+0000] {processor.py:161} INFO - Processing /opt/airflow/dags/P2M3_devi_nirfana_DAG.py took 0.549 seconds
[2024-06-23T14:24:39.157+0000] {processor.py:153} INFO - Started process (PID=300) to work on /opt/airflow/dags/P2M3_devi_nirfana_DAG.py
[2024-06-23T14:24:39.159+0000] {processor.py:640} INFO - Processing file /opt/airflow/dags/P2M3_devi_nirfana_DAG.py for tasks to queue
[2024-06-23T14:24:39.161+0000] {logging_mixin.py:115} INFO - [2024-06-23T14:24:39.160+0000] {dagbag.py:508} INFO - Filling up the DagBag from /opt/airflow/dags/P2M3_devi_nirfana_DAG.py
[2024-06-23T14:24:39.615+0000] {processor.py:650} INFO - DAG(s) dict_keys(['Milestones3']) retrieved from /opt/airflow/dags/P2M3_devi_nirfana_DAG.py
[2024-06-23T14:24:39.643+0000] {logging_mixin.py:115} INFO - [2024-06-23T14:24:39.642+0000] {dag.py:2429} INFO - Sync 1 DAGs
[2024-06-23T14:24:39.670+0000] {logging_mixin.py:115} INFO - [2024-06-23T14:24:39.670+0000] {dag.py:2981} INFO - Setting next_dagrun for Milestones3 to 2024-06-23T06:30:00+00:00, run_after=2024-06-24T06:30:00+00:00
[2024-06-23T14:24:39.686+0000] {processor.py:161} INFO - Processing /opt/airflow/dags/P2M3_devi_nirfana_DAG.py took 0.532 seconds
[2024-06-23T14:25:09.820+0000] {processor.py:153} INFO - Started process (PID=306) to work on /opt/airflow/dags/P2M3_devi_nirfana_DAG.py
[2024-06-23T14:25:09.822+0000] {processor.py:640} INFO - Processing file /opt/airflow/dags/P2M3_devi_nirfana_DAG.py for tasks to queue
[2024-06-23T14:25:09.824+0000] {logging_mixin.py:115} INFO - [2024-06-23T14:25:09.824+0000] {dagbag.py:508} INFO - Filling up the DagBag from /opt/airflow/dags/P2M3_devi_nirfana_DAG.py
[2024-06-23T14:25:10.185+0000] {processor.py:650} INFO - DAG(s) dict_keys(['Milestones3']) retrieved from /opt/airflow/dags/P2M3_devi_nirfana_DAG.py
[2024-06-23T14:25:10.206+0000] {logging_mixin.py:115} INFO - [2024-06-23T14:25:10.205+0000] {dag.py:2429} INFO - Sync 1 DAGs
[2024-06-23T14:25:10.228+0000] {logging_mixin.py:115} INFO - [2024-06-23T14:25:10.228+0000] {dag.py:2981} INFO - Setting next_dagrun for Milestones3 to 2024-06-23T06:30:00+00:00, run_after=2024-06-24T06:30:00+00:00
[2024-06-23T14:25:10.241+0000] {processor.py:161} INFO - Processing /opt/airflow/dags/P2M3_devi_nirfana_DAG.py took 0.424 seconds
[2024-06-23T14:25:40.351+0000] {processor.py:153} INFO - Started process (PID=312) to work on /opt/airflow/dags/P2M3_devi_nirfana_DAG.py
[2024-06-23T14:25:40.353+0000] {processor.py:640} INFO - Processing file /opt/airflow/dags/P2M3_devi_nirfana_DAG.py for tasks to queue
[2024-06-23T14:25:40.357+0000] {logging_mixin.py:115} INFO - [2024-06-23T14:25:40.356+0000] {dagbag.py:508} INFO - Filling up the DagBag from /opt/airflow/dags/P2M3_devi_nirfana_DAG.py
[2024-06-23T14:25:40.813+0000] {processor.py:650} INFO - DAG(s) dict_keys(['Milestones3']) retrieved from /opt/airflow/dags/P2M3_devi_nirfana_DAG.py
[2024-06-23T14:25:40.838+0000] {logging_mixin.py:115} INFO - [2024-06-23T14:25:40.837+0000] {dag.py:2429} INFO - Sync 1 DAGs
[2024-06-23T14:25:40.860+0000] {logging_mixin.py:115} INFO - [2024-06-23T14:25:40.859+0000] {dag.py:2981} INFO - Setting next_dagrun for Milestones3 to 2024-06-23T06:30:00+00:00, run_after=2024-06-24T06:30:00+00:00
[2024-06-23T14:25:40.883+0000] {processor.py:161} INFO - Processing /opt/airflow/dags/P2M3_devi_nirfana_DAG.py took 0.546 seconds
[2024-06-23T14:26:11.033+0000] {processor.py:153} INFO - Started process (PID=318) to work on /opt/airflow/dags/P2M3_devi_nirfana_DAG.py
[2024-06-23T14:26:11.053+0000] {processor.py:640} INFO - Processing file /opt/airflow/dags/P2M3_devi_nirfana_DAG.py for tasks to queue
[2024-06-23T14:26:11.055+0000] {logging_mixin.py:115} INFO - [2024-06-23T14:26:11.055+0000] {dagbag.py:508} INFO - Filling up the DagBag from /opt/airflow/dags/P2M3_devi_nirfana_DAG.py
[2024-06-23T14:26:11.425+0000] {processor.py:650} INFO - DAG(s) dict_keys(['Milestones3']) retrieved from /opt/airflow/dags/P2M3_devi_nirfana_DAG.py
[2024-06-23T14:26:11.447+0000] {logging_mixin.py:115} INFO - [2024-06-23T14:26:11.446+0000] {dag.py:2429} INFO - Sync 1 DAGs
[2024-06-23T14:26:11.467+0000] {logging_mixin.py:115} INFO - [2024-06-23T14:26:11.467+0000] {dag.py:2981} INFO - Setting next_dagrun for Milestones3 to 2024-06-23T06:30:00+00:00, run_after=2024-06-24T06:30:00+00:00
[2024-06-23T14:26:11.480+0000] {processor.py:161} INFO - Processing /opt/airflow/dags/P2M3_devi_nirfana_DAG.py took 0.454 seconds
[2024-06-23T14:26:41.681+0000] {processor.py:153} INFO - Started process (PID=324) to work on /opt/airflow/dags/P2M3_devi_nirfana_DAG.py
[2024-06-23T14:26:41.683+0000] {processor.py:640} INFO - Processing file /opt/airflow/dags/P2M3_devi_nirfana_DAG.py for tasks to queue
[2024-06-23T14:26:41.684+0000] {logging_mixin.py:115} INFO - [2024-06-23T14:26:41.684+0000] {dagbag.py:508} INFO - Filling up the DagBag from /opt/airflow/dags/P2M3_devi_nirfana_DAG.py
[2024-06-23T14:26:42.686+0000] {processor.py:650} INFO - DAG(s) dict_keys(['Milestones3']) retrieved from /opt/airflow/dags/P2M3_devi_nirfana_DAG.py
[2024-06-23T14:26:42.729+0000] {logging_mixin.py:115} INFO - [2024-06-23T14:26:42.728+0000] {dag.py:2429} INFO - Sync 1 DAGs
[2024-06-23T14:26:42.763+0000] {logging_mixin.py:115} INFO - [2024-06-23T14:26:42.762+0000] {dag.py:2981} INFO - Setting next_dagrun for Milestones3 to 2024-06-23T06:30:00+00:00, run_after=2024-06-24T06:30:00+00:00
[2024-06-23T14:26:42.783+0000] {processor.py:161} INFO - Processing /opt/airflow/dags/P2M3_devi_nirfana_DAG.py took 1.110 seconds
[2024-06-23T14:27:12.829+0000] {processor.py:153} INFO - Started process (PID=330) to work on /opt/airflow/dags/P2M3_devi_nirfana_DAG.py
[2024-06-23T14:27:12.831+0000] {processor.py:640} INFO - Processing file /opt/airflow/dags/P2M3_devi_nirfana_DAG.py for tasks to queue
[2024-06-23T14:27:12.832+0000] {logging_mixin.py:115} INFO - [2024-06-23T14:27:12.832+0000] {dagbag.py:508} INFO - Filling up the DagBag from /opt/airflow/dags/P2M3_devi_nirfana_DAG.py
[2024-06-23T14:27:13.200+0000] {processor.py:650} INFO - DAG(s) dict_keys(['Milestones3']) retrieved from /opt/airflow/dags/P2M3_devi_nirfana_DAG.py
[2024-06-23T14:27:13.223+0000] {logging_mixin.py:115} INFO - [2024-06-23T14:27:13.222+0000] {dag.py:2429} INFO - Sync 1 DAGs
[2024-06-23T14:27:13.244+0000] {logging_mixin.py:115} INFO - [2024-06-23T14:27:13.244+0000] {dag.py:2981} INFO - Setting next_dagrun for Milestones3 to 2024-06-23T06:30:00+00:00, run_after=2024-06-24T06:30:00+00:00
[2024-06-23T14:27:13.258+0000] {processor.py:161} INFO - Processing /opt/airflow/dags/P2M3_devi_nirfana_DAG.py took 0.438 seconds
[2024-06-23T14:27:43.383+0000] {processor.py:153} INFO - Started process (PID=336) to work on /opt/airflow/dags/P2M3_devi_nirfana_DAG.py
[2024-06-23T14:27:43.385+0000] {processor.py:640} INFO - Processing file /opt/airflow/dags/P2M3_devi_nirfana_DAG.py for tasks to queue
[2024-06-23T14:27:43.386+0000] {logging_mixin.py:115} INFO - [2024-06-23T14:27:43.386+0000] {dagbag.py:508} INFO - Filling up the DagBag from /opt/airflow/dags/P2M3_devi_nirfana_DAG.py
[2024-06-23T14:27:43.803+0000] {processor.py:650} INFO - DAG(s) dict_keys(['Milestones3']) retrieved from /opt/airflow/dags/P2M3_devi_nirfana_DAG.py
[2024-06-23T14:27:43.828+0000] {logging_mixin.py:115} INFO - [2024-06-23T14:27:43.828+0000] {dag.py:2429} INFO - Sync 1 DAGs
[2024-06-23T14:27:43.857+0000] {logging_mixin.py:115} INFO - [2024-06-23T14:27:43.857+0000] {dag.py:2981} INFO - Setting next_dagrun for Milestones3 to 2024-06-23T06:30:00+00:00, run_after=2024-06-24T06:30:00+00:00
[2024-06-23T14:27:43.875+0000] {processor.py:161} INFO - Processing /opt/airflow/dags/P2M3_devi_nirfana_DAG.py took 0.499 seconds
[2024-06-23T14:28:14.008+0000] {processor.py:153} INFO - Started process (PID=342) to work on /opt/airflow/dags/P2M3_devi_nirfana_DAG.py
[2024-06-23T14:28:14.010+0000] {processor.py:640} INFO - Processing file /opt/airflow/dags/P2M3_devi_nirfana_DAG.py for tasks to queue
[2024-06-23T14:28:14.011+0000] {logging_mixin.py:115} INFO - [2024-06-23T14:28:14.010+0000] {dagbag.py:508} INFO - Filling up the DagBag from /opt/airflow/dags/P2M3_devi_nirfana_DAG.py
[2024-06-23T14:28:14.386+0000] {processor.py:650} INFO - DAG(s) dict_keys(['Milestones3']) retrieved from /opt/airflow/dags/P2M3_devi_nirfana_DAG.py
[2024-06-23T14:28:14.408+0000] {logging_mixin.py:115} INFO - [2024-06-23T14:28:14.408+0000] {dag.py:2429} INFO - Sync 1 DAGs
[2024-06-23T14:28:14.428+0000] {logging_mixin.py:115} INFO - [2024-06-23T14:28:14.428+0000] {dag.py:2981} INFO - Setting next_dagrun for Milestones3 to 2024-06-23T06:30:00+00:00, run_after=2024-06-24T06:30:00+00:00
[2024-06-23T14:28:14.441+0000] {processor.py:161} INFO - Processing /opt/airflow/dags/P2M3_devi_nirfana_DAG.py took 0.442 seconds
[2024-06-23T14:28:44.563+0000] {processor.py:153} INFO - Started process (PID=348) to work on /opt/airflow/dags/P2M3_devi_nirfana_DAG.py
[2024-06-23T14:28:44.565+0000] {processor.py:640} INFO - Processing file /opt/airflow/dags/P2M3_devi_nirfana_DAG.py for tasks to queue
[2024-06-23T14:28:44.566+0000] {logging_mixin.py:115} INFO - [2024-06-23T14:28:44.566+0000] {dagbag.py:508} INFO - Filling up the DagBag from /opt/airflow/dags/P2M3_devi_nirfana_DAG.py
[2024-06-23T14:28:44.988+0000] {processor.py:650} INFO - DAG(s) dict_keys(['Milestones3']) retrieved from /opt/airflow/dags/P2M3_devi_nirfana_DAG.py
[2024-06-23T14:28:45.012+0000] {logging_mixin.py:115} INFO - [2024-06-23T14:28:45.012+0000] {dag.py:2429} INFO - Sync 1 DAGs
[2024-06-23T14:28:45.036+0000] {logging_mixin.py:115} INFO - [2024-06-23T14:28:45.036+0000] {dag.py:2981} INFO - Setting next_dagrun for Milestones3 to 2024-06-23T06:30:00+00:00, run_after=2024-06-24T06:30:00+00:00
[2024-06-23T14:28:45.052+0000] {processor.py:161} INFO - Processing /opt/airflow/dags/P2M3_devi_nirfana_DAG.py took 0.497 seconds
[2024-06-23T14:29:15.201+0000] {processor.py:153} INFO - Started process (PID=354) to work on /opt/airflow/dags/P2M3_devi_nirfana_DAG.py
[2024-06-23T14:29:15.203+0000] {processor.py:640} INFO - Processing file /opt/airflow/dags/P2M3_devi_nirfana_DAG.py for tasks to queue
[2024-06-23T14:29:15.204+0000] {logging_mixin.py:115} INFO - [2024-06-23T14:29:15.204+0000] {dagbag.py:508} INFO - Filling up the DagBag from /opt/airflow/dags/P2M3_devi_nirfana_DAG.py
[2024-06-23T14:29:15.585+0000] {processor.py:650} INFO - DAG(s) dict_keys(['Milestones3']) retrieved from /opt/airflow/dags/P2M3_devi_nirfana_DAG.py
[2024-06-23T14:29:15.608+0000] {logging_mixin.py:115} INFO - [2024-06-23T14:29:15.607+0000] {dag.py:2429} INFO - Sync 1 DAGs
[2024-06-23T14:29:15.628+0000] {logging_mixin.py:115} INFO - [2024-06-23T14:29:15.627+0000] {dag.py:2981} INFO - Setting next_dagrun for Milestones3 to 2024-06-23T06:30:00+00:00, run_after=2024-06-24T06:30:00+00:00
[2024-06-23T14:29:15.641+0000] {processor.py:161} INFO - Processing /opt/airflow/dags/P2M3_devi_nirfana_DAG.py took 0.448 seconds
[2024-06-23T14:29:45.780+0000] {processor.py:153} INFO - Started process (PID=360) to work on /opt/airflow/dags/P2M3_devi_nirfana_DAG.py
[2024-06-23T14:29:45.781+0000] {processor.py:640} INFO - Processing file /opt/airflow/dags/P2M3_devi_nirfana_DAG.py for tasks to queue
[2024-06-23T14:29:45.783+0000] {logging_mixin.py:115} INFO - [2024-06-23T14:29:45.783+0000] {dagbag.py:508} INFO - Filling up the DagBag from /opt/airflow/dags/P2M3_devi_nirfana_DAG.py
[2024-06-23T14:29:46.239+0000] {processor.py:650} INFO - DAG(s) dict_keys(['Milestones3']) retrieved from /opt/airflow/dags/P2M3_devi_nirfana_DAG.py
[2024-06-23T14:29:46.265+0000] {logging_mixin.py:115} INFO - [2024-06-23T14:29:46.265+0000] {dag.py:2429} INFO - Sync 1 DAGs
[2024-06-23T14:29:46.288+0000] {logging_mixin.py:115} INFO - [2024-06-23T14:29:46.288+0000] {dag.py:2981} INFO - Setting next_dagrun for Milestones3 to 2024-06-23T06:30:00+00:00, run_after=2024-06-24T06:30:00+00:00
[2024-06-23T14:29:46.311+0000] {processor.py:161} INFO - Processing /opt/airflow/dags/P2M3_devi_nirfana_DAG.py took 0.537 seconds
[2024-06-23T14:30:16.444+0000] {processor.py:153} INFO - Started process (PID=366) to work on /opt/airflow/dags/P2M3_devi_nirfana_DAG.py
[2024-06-23T14:30:16.445+0000] {processor.py:640} INFO - Processing file /opt/airflow/dags/P2M3_devi_nirfana_DAG.py for tasks to queue
[2024-06-23T14:30:16.446+0000] {logging_mixin.py:115} INFO - [2024-06-23T14:30:16.446+0000] {dagbag.py:508} INFO - Filling up the DagBag from /opt/airflow/dags/P2M3_devi_nirfana_DAG.py
[2024-06-23T14:30:16.868+0000] {processor.py:650} INFO - DAG(s) dict_keys(['Milestones3']) retrieved from /opt/airflow/dags/P2M3_devi_nirfana_DAG.py
[2024-06-23T14:30:16.899+0000] {logging_mixin.py:115} INFO - [2024-06-23T14:30:16.898+0000] {dag.py:2429} INFO - Sync 1 DAGs
[2024-06-23T14:30:16.924+0000] {logging_mixin.py:115} INFO - [2024-06-23T14:30:16.924+0000] {dag.py:2981} INFO - Setting next_dagrun for Milestones3 to 2024-06-23T06:30:00+00:00, run_after=2024-06-24T06:30:00+00:00
[2024-06-23T14:30:16.939+0000] {processor.py:161} INFO - Processing /opt/airflow/dags/P2M3_devi_nirfana_DAG.py took 0.504 seconds
[2024-06-23T14:30:47.094+0000] {processor.py:153} INFO - Started process (PID=372) to work on /opt/airflow/dags/P2M3_devi_nirfana_DAG.py
[2024-06-23T14:30:47.095+0000] {processor.py:640} INFO - Processing file /opt/airflow/dags/P2M3_devi_nirfana_DAG.py for tasks to queue
[2024-06-23T14:30:47.097+0000] {logging_mixin.py:115} INFO - [2024-06-23T14:30:47.096+0000] {dagbag.py:508} INFO - Filling up the DagBag from /opt/airflow/dags/P2M3_devi_nirfana_DAG.py
[2024-06-23T14:30:47.522+0000] {processor.py:650} INFO - DAG(s) dict_keys(['Milestones3']) retrieved from /opt/airflow/dags/P2M3_devi_nirfana_DAG.py
[2024-06-23T14:30:47.544+0000] {logging_mixin.py:115} INFO - [2024-06-23T14:30:47.543+0000] {dag.py:2429} INFO - Sync 1 DAGs
[2024-06-23T14:30:47.571+0000] {logging_mixin.py:115} INFO - [2024-06-23T14:30:47.570+0000] {dag.py:2981} INFO - Setting next_dagrun for Milestones3 to 2024-06-23T06:30:00+00:00, run_after=2024-06-24T06:30:00+00:00
[2024-06-23T14:30:47.587+0000] {processor.py:161} INFO - Processing /opt/airflow/dags/P2M3_devi_nirfana_DAG.py took 0.499 seconds
[2024-06-23T14:31:17.726+0000] {processor.py:153} INFO - Started process (PID=378) to work on /opt/airflow/dags/P2M3_devi_nirfana_DAG.py
[2024-06-23T14:31:17.727+0000] {processor.py:640} INFO - Processing file /opt/airflow/dags/P2M3_devi_nirfana_DAG.py for tasks to queue
[2024-06-23T14:31:17.728+0000] {logging_mixin.py:115} INFO - [2024-06-23T14:31:17.728+0000] {dagbag.py:508} INFO - Filling up the DagBag from /opt/airflow/dags/P2M3_devi_nirfana_DAG.py
[2024-06-23T14:31:18.107+0000] {processor.py:650} INFO - DAG(s) dict_keys(['Milestones3']) retrieved from /opt/airflow/dags/P2M3_devi_nirfana_DAG.py
[2024-06-23T14:31:18.128+0000] {logging_mixin.py:115} INFO - [2024-06-23T14:31:18.128+0000] {dag.py:2429} INFO - Sync 1 DAGs
[2024-06-23T14:31:18.148+0000] {logging_mixin.py:115} INFO - [2024-06-23T14:31:18.148+0000] {dag.py:2981} INFO - Setting next_dagrun for Milestones3 to 2024-06-23T06:30:00+00:00, run_after=2024-06-24T06:30:00+00:00
[2024-06-23T14:31:18.163+0000] {processor.py:161} INFO - Processing /opt/airflow/dags/P2M3_devi_nirfana_DAG.py took 0.444 seconds
[2024-06-23T14:31:48.299+0000] {processor.py:153} INFO - Started process (PID=384) to work on /opt/airflow/dags/P2M3_devi_nirfana_DAG.py
[2024-06-23T14:31:48.300+0000] {processor.py:640} INFO - Processing file /opt/airflow/dags/P2M3_devi_nirfana_DAG.py for tasks to queue
[2024-06-23T14:31:48.302+0000] {logging_mixin.py:115} INFO - [2024-06-23T14:31:48.301+0000] {dagbag.py:508} INFO - Filling up the DagBag from /opt/airflow/dags/P2M3_devi_nirfana_DAG.py
[2024-06-23T14:31:48.685+0000] {processor.py:650} INFO - DAG(s) dict_keys(['Milestones3']) retrieved from /opt/airflow/dags/P2M3_devi_nirfana_DAG.py
[2024-06-23T14:31:48.707+0000] {logging_mixin.py:115} INFO - [2024-06-23T14:31:48.707+0000] {dag.py:2429} INFO - Sync 1 DAGs
[2024-06-23T14:31:48.728+0000] {logging_mixin.py:115} INFO - [2024-06-23T14:31:48.728+0000] {dag.py:2981} INFO - Setting next_dagrun for Milestones3 to 2024-06-23T06:30:00+00:00, run_after=2024-06-24T06:30:00+00:00
[2024-06-23T14:31:48.742+0000] {processor.py:161} INFO - Processing /opt/airflow/dags/P2M3_devi_nirfana_DAG.py took 0.448 seconds
[2024-06-23T14:32:18.877+0000] {processor.py:153} INFO - Started process (PID=390) to work on /opt/airflow/dags/P2M3_devi_nirfana_DAG.py
[2024-06-23T14:32:18.878+0000] {processor.py:640} INFO - Processing file /opt/airflow/dags/P2M3_devi_nirfana_DAG.py for tasks to queue
[2024-06-23T14:32:18.879+0000] {logging_mixin.py:115} INFO - [2024-06-23T14:32:18.879+0000] {dagbag.py:508} INFO - Filling up the DagBag from /opt/airflow/dags/P2M3_devi_nirfana_DAG.py
[2024-06-23T14:32:19.368+0000] {processor.py:650} INFO - DAG(s) dict_keys(['Milestones3']) retrieved from /opt/airflow/dags/P2M3_devi_nirfana_DAG.py
[2024-06-23T14:32:19.395+0000] {logging_mixin.py:115} INFO - [2024-06-23T14:32:19.395+0000] {dag.py:2429} INFO - Sync 1 DAGs
[2024-06-23T14:32:19.419+0000] {logging_mixin.py:115} INFO - [2024-06-23T14:32:19.419+0000] {dag.py:2981} INFO - Setting next_dagrun for Milestones3 to 2024-06-23T06:30:00+00:00, run_after=2024-06-24T06:30:00+00:00
[2024-06-23T14:32:19.436+0000] {processor.py:161} INFO - Processing /opt/airflow/dags/P2M3_devi_nirfana_DAG.py took 0.565 seconds
[2024-06-23T14:32:49.567+0000] {processor.py:153} INFO - Started process (PID=396) to work on /opt/airflow/dags/P2M3_devi_nirfana_DAG.py
[2024-06-23T14:32:49.569+0000] {processor.py:640} INFO - Processing file /opt/airflow/dags/P2M3_devi_nirfana_DAG.py for tasks to queue
[2024-06-23T14:32:49.570+0000] {logging_mixin.py:115} INFO - [2024-06-23T14:32:49.570+0000] {dagbag.py:508} INFO - Filling up the DagBag from /opt/airflow/dags/P2M3_devi_nirfana_DAG.py
[2024-06-23T14:32:49.933+0000] {processor.py:650} INFO - DAG(s) dict_keys(['Milestones3']) retrieved from /opt/airflow/dags/P2M3_devi_nirfana_DAG.py
[2024-06-23T14:32:49.957+0000] {logging_mixin.py:115} INFO - [2024-06-23T14:32:49.956+0000] {dag.py:2429} INFO - Sync 1 DAGs
[2024-06-23T14:32:49.976+0000] {logging_mixin.py:115} INFO - [2024-06-23T14:32:49.976+0000] {dag.py:2981} INFO - Setting next_dagrun for Milestones3 to 2024-06-23T06:30:00+00:00, run_after=2024-06-24T06:30:00+00:00
[2024-06-23T14:32:49.989+0000] {processor.py:161} INFO - Processing /opt/airflow/dags/P2M3_devi_nirfana_DAG.py took 0.425 seconds
[2024-06-23T14:33:20.119+0000] {processor.py:153} INFO - Started process (PID=402) to work on /opt/airflow/dags/P2M3_devi_nirfana_DAG.py
[2024-06-23T14:33:20.121+0000] {processor.py:640} INFO - Processing file /opt/airflow/dags/P2M3_devi_nirfana_DAG.py for tasks to queue
[2024-06-23T14:33:20.122+0000] {logging_mixin.py:115} INFO - [2024-06-23T14:33:20.122+0000] {dagbag.py:508} INFO - Filling up the DagBag from /opt/airflow/dags/P2M3_devi_nirfana_DAG.py
[2024-06-23T14:33:20.644+0000] {processor.py:650} INFO - DAG(s) dict_keys(['Milestones3']) retrieved from /opt/airflow/dags/P2M3_devi_nirfana_DAG.py
[2024-06-23T14:33:20.674+0000] {logging_mixin.py:115} INFO - [2024-06-23T14:33:20.673+0000] {dag.py:2429} INFO - Sync 1 DAGs
[2024-06-23T14:33:20.700+0000] {logging_mixin.py:115} INFO - [2024-06-23T14:33:20.700+0000] {dag.py:2981} INFO - Setting next_dagrun for Milestones3 to 2024-06-23T06:30:00+00:00, run_after=2024-06-24T06:30:00+00:00
[2024-06-23T14:33:20.716+0000] {processor.py:161} INFO - Processing /opt/airflow/dags/P2M3_devi_nirfana_DAG.py took 0.601 seconds
[2024-06-23T14:33:50.861+0000] {processor.py:153} INFO - Started process (PID=408) to work on /opt/airflow/dags/P2M3_devi_nirfana_DAG.py
[2024-06-23T14:33:50.862+0000] {processor.py:640} INFO - Processing file /opt/airflow/dags/P2M3_devi_nirfana_DAG.py for tasks to queue
[2024-06-23T14:33:50.863+0000] {logging_mixin.py:115} INFO - [2024-06-23T14:33:50.863+0000] {dagbag.py:508} INFO - Filling up the DagBag from /opt/airflow/dags/P2M3_devi_nirfana_DAG.py
[2024-06-23T14:33:51.285+0000] {processor.py:650} INFO - DAG(s) dict_keys(['Milestones3']) retrieved from /opt/airflow/dags/P2M3_devi_nirfana_DAG.py
[2024-06-23T14:33:51.309+0000] {logging_mixin.py:115} INFO - [2024-06-23T14:33:51.308+0000] {dag.py:2429} INFO - Sync 1 DAGs
[2024-06-23T14:33:51.338+0000] {logging_mixin.py:115} INFO - [2024-06-23T14:33:51.338+0000] {dag.py:2981} INFO - Setting next_dagrun for Milestones3 to 2024-06-23T06:30:00+00:00, run_after=2024-06-24T06:30:00+00:00
[2024-06-23T14:33:51.355+0000] {processor.py:161} INFO - Processing /opt/airflow/dags/P2M3_devi_nirfana_DAG.py took 0.498 seconds
[2024-06-23T14:34:21.491+0000] {processor.py:153} INFO - Started process (PID=414) to work on /opt/airflow/dags/P2M3_devi_nirfana_DAG.py
[2024-06-23T14:34:21.492+0000] {processor.py:640} INFO - Processing file /opt/airflow/dags/P2M3_devi_nirfana_DAG.py for tasks to queue
[2024-06-23T14:34:21.493+0000] {logging_mixin.py:115} INFO - [2024-06-23T14:34:21.493+0000] {dagbag.py:508} INFO - Filling up the DagBag from /opt/airflow/dags/P2M3_devi_nirfana_DAG.py
[2024-06-23T14:34:21.950+0000] {processor.py:650} INFO - DAG(s) dict_keys(['Milestones3']) retrieved from /opt/airflow/dags/P2M3_devi_nirfana_DAG.py
[2024-06-23T14:34:21.977+0000] {logging_mixin.py:115} INFO - [2024-06-23T14:34:21.976+0000] {dag.py:2429} INFO - Sync 1 DAGs
[2024-06-23T14:34:21.997+0000] {logging_mixin.py:115} INFO - [2024-06-23T14:34:21.997+0000] {dag.py:2981} INFO - Setting next_dagrun for Milestones3 to 2024-06-23T06:30:00+00:00, run_after=2024-06-24T06:30:00+00:00
[2024-06-23T14:34:22.010+0000] {processor.py:161} INFO - Processing /opt/airflow/dags/P2M3_devi_nirfana_DAG.py took 0.524 seconds
[2024-06-23T14:34:52.113+0000] {processor.py:153} INFO - Started process (PID=420) to work on /opt/airflow/dags/P2M3_devi_nirfana_DAG.py
[2024-06-23T14:34:52.115+0000] {processor.py:640} INFO - Processing file /opt/airflow/dags/P2M3_devi_nirfana_DAG.py for tasks to queue
[2024-06-23T14:34:52.116+0000] {logging_mixin.py:115} INFO - [2024-06-23T14:34:52.116+0000] {dagbag.py:508} INFO - Filling up the DagBag from /opt/airflow/dags/P2M3_devi_nirfana_DAG.py
[2024-06-23T14:34:52.583+0000] {processor.py:650} INFO - DAG(s) dict_keys(['Milestones3']) retrieved from /opt/airflow/dags/P2M3_devi_nirfana_DAG.py
[2024-06-23T14:34:52.613+0000] {logging_mixin.py:115} INFO - [2024-06-23T14:34:52.612+0000] {dag.py:2429} INFO - Sync 1 DAGs
[2024-06-23T14:34:52.637+0000] {logging_mixin.py:115} INFO - [2024-06-23T14:34:52.637+0000] {dag.py:2981} INFO - Setting next_dagrun for Milestones3 to 2024-06-23T06:30:00+00:00, run_after=2024-06-24T06:30:00+00:00
[2024-06-23T14:34:52.654+0000] {processor.py:161} INFO - Processing /opt/airflow/dags/P2M3_devi_nirfana_DAG.py took 0.545 seconds
[2024-06-23T14:35:22.797+0000] {processor.py:153} INFO - Started process (PID=426) to work on /opt/airflow/dags/P2M3_devi_nirfana_DAG.py
[2024-06-23T14:35:22.799+0000] {processor.py:640} INFO - Processing file /opt/airflow/dags/P2M3_devi_nirfana_DAG.py for tasks to queue
[2024-06-23T14:35:22.801+0000] {logging_mixin.py:115} INFO - [2024-06-23T14:35:22.800+0000] {dagbag.py:508} INFO - Filling up the DagBag from /opt/airflow/dags/P2M3_devi_nirfana_DAG.py
[2024-06-23T14:35:23.210+0000] {processor.py:650} INFO - DAG(s) dict_keys(['Milestones3']) retrieved from /opt/airflow/dags/P2M3_devi_nirfana_DAG.py
[2024-06-23T14:35:23.231+0000] {logging_mixin.py:115} INFO - [2024-06-23T14:35:23.231+0000] {dag.py:2429} INFO - Sync 1 DAGs
[2024-06-23T14:35:23.251+0000] {logging_mixin.py:115} INFO - [2024-06-23T14:35:23.251+0000] {dag.py:2981} INFO - Setting next_dagrun for Milestones3 to 2024-06-23T06:30:00+00:00, run_after=2024-06-24T06:30:00+00:00
[2024-06-23T14:35:23.265+0000] {processor.py:161} INFO - Processing /opt/airflow/dags/P2M3_devi_nirfana_DAG.py took 0.472 seconds
[2024-06-23T14:35:53.430+0000] {processor.py:153} INFO - Started process (PID=432) to work on /opt/airflow/dags/P2M3_devi_nirfana_DAG.py
[2024-06-23T14:35:53.431+0000] {processor.py:640} INFO - Processing file /opt/airflow/dags/P2M3_devi_nirfana_DAG.py for tasks to queue
[2024-06-23T14:35:53.432+0000] {logging_mixin.py:115} INFO - [2024-06-23T14:35:53.431+0000] {dagbag.py:508} INFO - Filling up the DagBag from /opt/airflow/dags/P2M3_devi_nirfana_DAG.py
[2024-06-23T14:35:53.901+0000] {processor.py:650} INFO - DAG(s) dict_keys(['Milestones3']) retrieved from /opt/airflow/dags/P2M3_devi_nirfana_DAG.py
[2024-06-23T14:35:53.924+0000] {logging_mixin.py:115} INFO - [2024-06-23T14:35:53.923+0000] {dag.py:2429} INFO - Sync 1 DAGs
[2024-06-23T14:35:53.945+0000] {logging_mixin.py:115} INFO - [2024-06-23T14:35:53.945+0000] {dag.py:2981} INFO - Setting next_dagrun for Milestones3 to 2024-06-23T06:30:00+00:00, run_after=2024-06-24T06:30:00+00:00
[2024-06-23T14:35:53.961+0000] {processor.py:161} INFO - Processing /opt/airflow/dags/P2M3_devi_nirfana_DAG.py took 0.535 seconds
[2024-06-23T14:36:24.112+0000] {processor.py:153} INFO - Started process (PID=438) to work on /opt/airflow/dags/P2M3_devi_nirfana_DAG.py
[2024-06-23T14:36:24.113+0000] {processor.py:640} INFO - Processing file /opt/airflow/dags/P2M3_devi_nirfana_DAG.py for tasks to queue
[2024-06-23T14:36:24.115+0000] {logging_mixin.py:115} INFO - [2024-06-23T14:36:24.115+0000] {dagbag.py:508} INFO - Filling up the DagBag from /opt/airflow/dags/P2M3_devi_nirfana_DAG.py
[2024-06-23T14:36:24.595+0000] {processor.py:650} INFO - DAG(s) dict_keys(['Milestones3']) retrieved from /opt/airflow/dags/P2M3_devi_nirfana_DAG.py
[2024-06-23T14:36:24.623+0000] {logging_mixin.py:115} INFO - [2024-06-23T14:36:24.622+0000] {dag.py:2429} INFO - Sync 1 DAGs
[2024-06-23T14:36:24.648+0000] {logging_mixin.py:115} INFO - [2024-06-23T14:36:24.648+0000] {dag.py:2981} INFO - Setting next_dagrun for Milestones3 to 2024-06-23T06:30:00+00:00, run_after=2024-06-24T06:30:00+00:00
[2024-06-23T14:36:24.667+0000] {processor.py:161} INFO - Processing /opt/airflow/dags/P2M3_devi_nirfana_DAG.py took 0.560 seconds
[2024-06-23T14:36:54.881+0000] {processor.py:153} INFO - Started process (PID=444) to work on /opt/airflow/dags/P2M3_devi_nirfana_DAG.py
[2024-06-23T14:36:54.882+0000] {processor.py:640} INFO - Processing file /opt/airflow/dags/P2M3_devi_nirfana_DAG.py for tasks to queue
[2024-06-23T14:36:54.884+0000] {logging_mixin.py:115} INFO - [2024-06-23T14:36:54.884+0000] {dagbag.py:508} INFO - Filling up the DagBag from /opt/airflow/dags/P2M3_devi_nirfana_DAG.py
[2024-06-23T14:36:55.438+0000] {processor.py:650} INFO - DAG(s) dict_keys(['Milestones3']) retrieved from /opt/airflow/dags/P2M3_devi_nirfana_DAG.py
[2024-06-23T14:36:55.465+0000] {logging_mixin.py:115} INFO - [2024-06-23T14:36:55.464+0000] {dag.py:2429} INFO - Sync 1 DAGs
[2024-06-23T14:36:55.489+0000] {logging_mixin.py:115} INFO - [2024-06-23T14:36:55.489+0000] {dag.py:2981} INFO - Setting next_dagrun for Milestones3 to 2024-06-23T06:30:00+00:00, run_after=2024-06-24T06:30:00+00:00
[2024-06-23T14:36:55.505+0000] {processor.py:161} INFO - Processing /opt/airflow/dags/P2M3_devi_nirfana_DAG.py took 0.630 seconds
[2024-06-23T14:37:25.647+0000] {processor.py:153} INFO - Started process (PID=450) to work on /opt/airflow/dags/P2M3_devi_nirfana_DAG.py
[2024-06-23T14:37:25.649+0000] {processor.py:640} INFO - Processing file /opt/airflow/dags/P2M3_devi_nirfana_DAG.py for tasks to queue
[2024-06-23T14:37:25.651+0000] {logging_mixin.py:115} INFO - [2024-06-23T14:37:25.650+0000] {dagbag.py:508} INFO - Filling up the DagBag from /opt/airflow/dags/P2M3_devi_nirfana_DAG.py
[2024-06-23T14:37:26.027+0000] {processor.py:650} INFO - DAG(s) dict_keys(['Milestones3']) retrieved from /opt/airflow/dags/P2M3_devi_nirfana_DAG.py
[2024-06-23T14:37:26.047+0000] {logging_mixin.py:115} INFO - [2024-06-23T14:37:26.047+0000] {dag.py:2429} INFO - Sync 1 DAGs
[2024-06-23T14:37:26.068+0000] {logging_mixin.py:115} INFO - [2024-06-23T14:37:26.067+0000] {dag.py:2981} INFO - Setting next_dagrun for Milestones3 to 2024-06-23T06:30:00+00:00, run_after=2024-06-24T06:30:00+00:00
[2024-06-23T14:37:26.081+0000] {processor.py:161} INFO - Processing /opt/airflow/dags/P2M3_devi_nirfana_DAG.py took 0.439 seconds
[2024-06-23T14:37:56.174+0000] {processor.py:153} INFO - Started process (PID=456) to work on /opt/airflow/dags/P2M3_devi_nirfana_DAG.py
[2024-06-23T14:37:56.175+0000] {processor.py:640} INFO - Processing file /opt/airflow/dags/P2M3_devi_nirfana_DAG.py for tasks to queue
[2024-06-23T14:37:56.177+0000] {logging_mixin.py:115} INFO - [2024-06-23T14:37:56.177+0000] {dagbag.py:508} INFO - Filling up the DagBag from /opt/airflow/dags/P2M3_devi_nirfana_DAG.py
[2024-06-23T14:37:56.548+0000] {processor.py:650} INFO - DAG(s) dict_keys(['Milestones3']) retrieved from /opt/airflow/dags/P2M3_devi_nirfana_DAG.py
[2024-06-23T14:37:56.570+0000] {logging_mixin.py:115} INFO - [2024-06-23T14:37:56.570+0000] {dag.py:2429} INFO - Sync 1 DAGs
[2024-06-23T14:37:56.591+0000] {logging_mixin.py:115} INFO - [2024-06-23T14:37:56.591+0000] {dag.py:2981} INFO - Setting next_dagrun for Milestones3 to 2024-06-23T06:30:00+00:00, run_after=2024-06-24T06:30:00+00:00
[2024-06-23T14:37:56.604+0000] {processor.py:161} INFO - Processing /opt/airflow/dags/P2M3_devi_nirfana_DAG.py took 0.436 seconds
[2024-06-23T14:38:26.755+0000] {processor.py:153} INFO - Started process (PID=462) to work on /opt/airflow/dags/P2M3_devi_nirfana_DAG.py
[2024-06-23T14:38:26.757+0000] {processor.py:640} INFO - Processing file /opt/airflow/dags/P2M3_devi_nirfana_DAG.py for tasks to queue
[2024-06-23T14:38:26.758+0000] {logging_mixin.py:115} INFO - [2024-06-23T14:38:26.758+0000] {dagbag.py:508} INFO - Filling up the DagBag from /opt/airflow/dags/P2M3_devi_nirfana_DAG.py
[2024-06-23T14:38:27.130+0000] {processor.py:650} INFO - DAG(s) dict_keys(['Milestones3']) retrieved from /opt/airflow/dags/P2M3_devi_nirfana_DAG.py
[2024-06-23T14:38:27.150+0000] {logging_mixin.py:115} INFO - [2024-06-23T14:38:27.149+0000] {dag.py:2429} INFO - Sync 1 DAGs
[2024-06-23T14:38:27.170+0000] {logging_mixin.py:115} INFO - [2024-06-23T14:38:27.170+0000] {dag.py:2981} INFO - Setting next_dagrun for Milestones3 to 2024-06-23T06:30:00+00:00, run_after=2024-06-24T06:30:00+00:00
[2024-06-23T14:38:27.182+0000] {processor.py:161} INFO - Processing /opt/airflow/dags/P2M3_devi_nirfana_DAG.py took 0.432 seconds
[2024-06-23T14:38:57.320+0000] {processor.py:153} INFO - Started process (PID=468) to work on /opt/airflow/dags/P2M3_devi_nirfana_DAG.py
[2024-06-23T14:38:57.322+0000] {processor.py:640} INFO - Processing file /opt/airflow/dags/P2M3_devi_nirfana_DAG.py for tasks to queue
[2024-06-23T14:38:57.324+0000] {logging_mixin.py:115} INFO - [2024-06-23T14:38:57.323+0000] {dagbag.py:508} INFO - Filling up the DagBag from /opt/airflow/dags/P2M3_devi_nirfana_DAG.py
[2024-06-23T14:38:57.719+0000] {processor.py:650} INFO - DAG(s) dict_keys(['Milestones3']) retrieved from /opt/airflow/dags/P2M3_devi_nirfana_DAG.py
[2024-06-23T14:38:57.740+0000] {logging_mixin.py:115} INFO - [2024-06-23T14:38:57.739+0000] {dag.py:2429} INFO - Sync 1 DAGs
[2024-06-23T14:38:57.761+0000] {logging_mixin.py:115} INFO - [2024-06-23T14:38:57.761+0000] {dag.py:2981} INFO - Setting next_dagrun for Milestones3 to 2024-06-23T06:30:00+00:00, run_after=2024-06-24T06:30:00+00:00
[2024-06-23T14:38:57.776+0000] {processor.py:161} INFO - Processing /opt/airflow/dags/P2M3_devi_nirfana_DAG.py took 0.460 seconds
[2024-06-23T14:39:27.953+0000] {processor.py:153} INFO - Started process (PID=474) to work on /opt/airflow/dags/P2M3_devi_nirfana_DAG.py
[2024-06-23T14:39:27.954+0000] {processor.py:640} INFO - Processing file /opt/airflow/dags/P2M3_devi_nirfana_DAG.py for tasks to queue
[2024-06-23T14:39:27.955+0000] {logging_mixin.py:115} INFO - [2024-06-23T14:39:27.955+0000] {dagbag.py:508} INFO - Filling up the DagBag from /opt/airflow/dags/P2M3_devi_nirfana_DAG.py
[2024-06-23T14:39:28.341+0000] {processor.py:650} INFO - DAG(s) dict_keys(['Milestones3']) retrieved from /opt/airflow/dags/P2M3_devi_nirfana_DAG.py
[2024-06-23T14:39:28.361+0000] {logging_mixin.py:115} INFO - [2024-06-23T14:39:28.360+0000] {dag.py:2429} INFO - Sync 1 DAGs
[2024-06-23T14:39:28.382+0000] {logging_mixin.py:115} INFO - [2024-06-23T14:39:28.382+0000] {dag.py:2981} INFO - Setting next_dagrun for Milestones3 to 2024-06-23T06:30:00+00:00, run_after=2024-06-24T06:30:00+00:00
[2024-06-23T14:39:28.396+0000] {processor.py:161} INFO - Processing /opt/airflow/dags/P2M3_devi_nirfana_DAG.py took 0.448 seconds
[2024-06-23T14:39:58.536+0000] {processor.py:153} INFO - Started process (PID=480) to work on /opt/airflow/dags/P2M3_devi_nirfana_DAG.py
[2024-06-23T14:39:58.538+0000] {processor.py:640} INFO - Processing file /opt/airflow/dags/P2M3_devi_nirfana_DAG.py for tasks to queue
[2024-06-23T14:39:58.540+0000] {logging_mixin.py:115} INFO - [2024-06-23T14:39:58.539+0000] {dagbag.py:508} INFO - Filling up the DagBag from /opt/airflow/dags/P2M3_devi_nirfana_DAG.py
[2024-06-23T14:39:58.944+0000] {processor.py:650} INFO - DAG(s) dict_keys(['Milestones3']) retrieved from /opt/airflow/dags/P2M3_devi_nirfana_DAG.py
[2024-06-23T14:39:58.969+0000] {logging_mixin.py:115} INFO - [2024-06-23T14:39:58.968+0000] {dag.py:2429} INFO - Sync 1 DAGs
[2024-06-23T14:39:58.992+0000] {logging_mixin.py:115} INFO - [2024-06-23T14:39:58.992+0000] {dag.py:2981} INFO - Setting next_dagrun for Milestones3 to 2024-06-23T06:30:00+00:00, run_after=2024-06-24T06:30:00+00:00
[2024-06-23T14:39:59.005+0000] {processor.py:161} INFO - Processing /opt/airflow/dags/P2M3_devi_nirfana_DAG.py took 0.473 seconds
[2024-06-23T14:40:29.147+0000] {processor.py:153} INFO - Started process (PID=486) to work on /opt/airflow/dags/P2M3_devi_nirfana_DAG.py
[2024-06-23T14:40:29.149+0000] {processor.py:640} INFO - Processing file /opt/airflow/dags/P2M3_devi_nirfana_DAG.py for tasks to queue
[2024-06-23T14:40:29.150+0000] {logging_mixin.py:115} INFO - [2024-06-23T14:40:29.150+0000] {dagbag.py:508} INFO - Filling up the DagBag from /opt/airflow/dags/P2M3_devi_nirfana_DAG.py
[2024-06-23T14:40:29.517+0000] {processor.py:650} INFO - DAG(s) dict_keys(['Milestones3']) retrieved from /opt/airflow/dags/P2M3_devi_nirfana_DAG.py
[2024-06-23T14:40:29.539+0000] {logging_mixin.py:115} INFO - [2024-06-23T14:40:29.539+0000] {dag.py:2429} INFO - Sync 1 DAGs
[2024-06-23T14:40:29.560+0000] {logging_mixin.py:115} INFO - [2024-06-23T14:40:29.559+0000] {dag.py:2981} INFO - Setting next_dagrun for Milestones3 to 2024-06-23T06:30:00+00:00, run_after=2024-06-24T06:30:00+00:00
[2024-06-23T14:40:29.574+0000] {processor.py:161} INFO - Processing /opt/airflow/dags/P2M3_devi_nirfana_DAG.py took 0.430 seconds
[2024-06-23T14:40:59.722+0000] {processor.py:153} INFO - Started process (PID=492) to work on /opt/airflow/dags/P2M3_devi_nirfana_DAG.py
[2024-06-23T14:40:59.729+0000] {processor.py:640} INFO - Processing file /opt/airflow/dags/P2M3_devi_nirfana_DAG.py for tasks to queue
[2024-06-23T14:40:59.731+0000] {logging_mixin.py:115} INFO - [2024-06-23T14:40:59.730+0000] {dagbag.py:508} INFO - Filling up the DagBag from /opt/airflow/dags/P2M3_devi_nirfana_DAG.py
[2024-06-23T14:41:00.111+0000] {processor.py:650} INFO - DAG(s) dict_keys(['Milestones3']) retrieved from /opt/airflow/dags/P2M3_devi_nirfana_DAG.py
[2024-06-23T14:41:00.137+0000] {logging_mixin.py:115} INFO - [2024-06-23T14:41:00.136+0000] {dag.py:2429} INFO - Sync 1 DAGs
[2024-06-23T14:41:00.161+0000] {logging_mixin.py:115} INFO - [2024-06-23T14:41:00.161+0000] {dag.py:2981} INFO - Setting next_dagrun for Milestones3 to 2024-06-23T06:30:00+00:00, run_after=2024-06-24T06:30:00+00:00
[2024-06-23T14:41:00.176+0000] {processor.py:161} INFO - Processing /opt/airflow/dags/P2M3_devi_nirfana_DAG.py took 0.458 seconds
[2024-06-23T14:41:30.310+0000] {processor.py:153} INFO - Started process (PID=498) to work on /opt/airflow/dags/P2M3_devi_nirfana_DAG.py
[2024-06-23T14:41:30.311+0000] {processor.py:640} INFO - Processing file /opt/airflow/dags/P2M3_devi_nirfana_DAG.py for tasks to queue
[2024-06-23T14:41:30.312+0000] {logging_mixin.py:115} INFO - [2024-06-23T14:41:30.312+0000] {dagbag.py:508} INFO - Filling up the DagBag from /opt/airflow/dags/P2M3_devi_nirfana_DAG.py
[2024-06-23T14:41:30.745+0000] {processor.py:650} INFO - DAG(s) dict_keys(['Milestones3']) retrieved from /opt/airflow/dags/P2M3_devi_nirfana_DAG.py
[2024-06-23T14:41:30.776+0000] {logging_mixin.py:115} INFO - [2024-06-23T14:41:30.776+0000] {dag.py:2429} INFO - Sync 1 DAGs
[2024-06-23T14:41:30.816+0000] {logging_mixin.py:115} INFO - [2024-06-23T14:41:30.797+0000] {dag.py:2981} INFO - Setting next_dagrun for Milestones3 to 2024-06-23T06:30:00+00:00, run_after=2024-06-24T06:30:00+00:00
[2024-06-23T14:41:30.833+0000] {processor.py:161} INFO - Processing /opt/airflow/dags/P2M3_devi_nirfana_DAG.py took 0.528 seconds
[2024-06-23T14:42:01.008+0000] {processor.py:153} INFO - Started process (PID=504) to work on /opt/airflow/dags/P2M3_devi_nirfana_DAG.py
[2024-06-23T14:42:01.010+0000] {processor.py:640} INFO - Processing file /opt/airflow/dags/P2M3_devi_nirfana_DAG.py for tasks to queue
[2024-06-23T14:42:01.012+0000] {logging_mixin.py:115} INFO - [2024-06-23T14:42:01.012+0000] {dagbag.py:508} INFO - Filling up the DagBag from /opt/airflow/dags/P2M3_devi_nirfana_DAG.py
[2024-06-23T14:42:01.416+0000] {processor.py:650} INFO - DAG(s) dict_keys(['Milestones3']) retrieved from /opt/airflow/dags/P2M3_devi_nirfana_DAG.py
[2024-06-23T14:42:01.440+0000] {logging_mixin.py:115} INFO - [2024-06-23T14:42:01.440+0000] {dag.py:2429} INFO - Sync 1 DAGs
[2024-06-23T14:42:01.487+0000] {logging_mixin.py:115} INFO - [2024-06-23T14:42:01.487+0000] {dag.py:2981} INFO - Setting next_dagrun for Milestones3 to 2024-06-23T06:30:00+00:00, run_after=2024-06-24T06:30:00+00:00
[2024-06-23T14:42:01.501+0000] {processor.py:161} INFO - Processing /opt/airflow/dags/P2M3_devi_nirfana_DAG.py took 0.498 seconds
[2024-06-23T14:42:31.657+0000] {processor.py:153} INFO - Started process (PID=510) to work on /opt/airflow/dags/P2M3_devi_nirfana_DAG.py
[2024-06-23T14:42:31.658+0000] {processor.py:640} INFO - Processing file /opt/airflow/dags/P2M3_devi_nirfana_DAG.py for tasks to queue
[2024-06-23T14:42:31.660+0000] {logging_mixin.py:115} INFO - [2024-06-23T14:42:31.660+0000] {dagbag.py:508} INFO - Filling up the DagBag from /opt/airflow/dags/P2M3_devi_nirfana_DAG.py
[2024-06-23T14:42:32.032+0000] {processor.py:650} INFO - DAG(s) dict_keys(['Milestones3']) retrieved from /opt/airflow/dags/P2M3_devi_nirfana_DAG.py
[2024-06-23T14:42:32.053+0000] {logging_mixin.py:115} INFO - [2024-06-23T14:42:32.052+0000] {dag.py:2429} INFO - Sync 1 DAGs
[2024-06-23T14:42:32.076+0000] {logging_mixin.py:115} INFO - [2024-06-23T14:42:32.076+0000] {dag.py:2981} INFO - Setting next_dagrun for Milestones3 to 2024-06-23T06:30:00+00:00, run_after=2024-06-24T06:30:00+00:00
[2024-06-23T14:42:32.091+0000] {processor.py:161} INFO - Processing /opt/airflow/dags/P2M3_devi_nirfana_DAG.py took 0.441 seconds
[2024-06-23T14:43:02.233+0000] {processor.py:153} INFO - Started process (PID=516) to work on /opt/airflow/dags/P2M3_devi_nirfana_DAG.py
[2024-06-23T14:43:02.234+0000] {processor.py:640} INFO - Processing file /opt/airflow/dags/P2M3_devi_nirfana_DAG.py for tasks to queue
[2024-06-23T14:43:02.236+0000] {logging_mixin.py:115} INFO - [2024-06-23T14:43:02.236+0000] {dagbag.py:508} INFO - Filling up the DagBag from /opt/airflow/dags/P2M3_devi_nirfana_DAG.py
[2024-06-23T14:43:02.614+0000] {processor.py:650} INFO - DAG(s) dict_keys(['Milestones3']) retrieved from /opt/airflow/dags/P2M3_devi_nirfana_DAG.py
[2024-06-23T14:43:02.636+0000] {logging_mixin.py:115} INFO - [2024-06-23T14:43:02.635+0000] {dag.py:2429} INFO - Sync 1 DAGs
[2024-06-23T14:43:02.681+0000] {logging_mixin.py:115} INFO - [2024-06-23T14:43:02.680+0000] {dag.py:2981} INFO - Setting next_dagrun for Milestones3 to 2024-06-23T06:30:00+00:00, run_after=2024-06-24T06:30:00+00:00
[2024-06-23T14:43:02.694+0000] {processor.py:161} INFO - Processing /opt/airflow/dags/P2M3_devi_nirfana_DAG.py took 0.466 seconds
[2024-06-23T14:43:32.839+0000] {processor.py:153} INFO - Started process (PID=522) to work on /opt/airflow/dags/P2M3_devi_nirfana_DAG.py
[2024-06-23T14:43:32.840+0000] {processor.py:640} INFO - Processing file /opt/airflow/dags/P2M3_devi_nirfana_DAG.py for tasks to queue
[2024-06-23T14:43:32.842+0000] {logging_mixin.py:115} INFO - [2024-06-23T14:43:32.842+0000] {dagbag.py:508} INFO - Filling up the DagBag from /opt/airflow/dags/P2M3_devi_nirfana_DAG.py
[2024-06-23T14:43:33.220+0000] {processor.py:650} INFO - DAG(s) dict_keys(['Milestones3']) retrieved from /opt/airflow/dags/P2M3_devi_nirfana_DAG.py
[2024-06-23T14:43:33.242+0000] {logging_mixin.py:115} INFO - [2024-06-23T14:43:33.242+0000] {dag.py:2429} INFO - Sync 1 DAGs
[2024-06-23T14:43:33.263+0000] {logging_mixin.py:115} INFO - [2024-06-23T14:43:33.262+0000] {dag.py:2981} INFO - Setting next_dagrun for Milestones3 to 2024-06-23T06:30:00+00:00, run_after=2024-06-24T06:30:00+00:00
[2024-06-23T14:43:33.276+0000] {processor.py:161} INFO - Processing /opt/airflow/dags/P2M3_devi_nirfana_DAG.py took 0.442 seconds
[2024-06-23T14:44:03.424+0000] {processor.py:153} INFO - Started process (PID=528) to work on /opt/airflow/dags/P2M3_devi_nirfana_DAG.py
[2024-06-23T14:44:03.425+0000] {processor.py:640} INFO - Processing file /opt/airflow/dags/P2M3_devi_nirfana_DAG.py for tasks to queue
[2024-06-23T14:44:03.427+0000] {logging_mixin.py:115} INFO - [2024-06-23T14:44:03.426+0000] {dagbag.py:508} INFO - Filling up the DagBag from /opt/airflow/dags/P2M3_devi_nirfana_DAG.py
[2024-06-23T14:44:03.826+0000] {processor.py:650} INFO - DAG(s) dict_keys(['Milestones3']) retrieved from /opt/airflow/dags/P2M3_devi_nirfana_DAG.py
[2024-06-23T14:44:03.847+0000] {logging_mixin.py:115} INFO - [2024-06-23T14:44:03.846+0000] {dag.py:2429} INFO - Sync 1 DAGs
[2024-06-23T14:44:03.868+0000] {logging_mixin.py:115} INFO - [2024-06-23T14:44:03.867+0000] {dag.py:2981} INFO - Setting next_dagrun for Milestones3 to 2024-06-23T06:30:00+00:00, run_after=2024-06-24T06:30:00+00:00
[2024-06-23T14:44:03.880+0000] {processor.py:161} INFO - Processing /opt/airflow/dags/P2M3_devi_nirfana_DAG.py took 0.461 seconds
[2024-06-23T15:36:52.148+0000] {processor.py:153} INFO - Started process (PID=540) to work on /opt/airflow/dags/P2M3_devi_nirfana_DAG.py
[2024-06-23T15:36:52.149+0000] {processor.py:640} INFO - Processing file /opt/airflow/dags/P2M3_devi_nirfana_DAG.py for tasks to queue
[2024-06-23T15:36:52.151+0000] {logging_mixin.py:115} INFO - [2024-06-23T15:36:52.151+0000] {dagbag.py:508} INFO - Filling up the DagBag from /opt/airflow/dags/P2M3_devi_nirfana_DAG.py
[2024-06-23T15:36:52.843+0000] {processor.py:650} INFO - DAG(s) dict_keys(['Milestones3']) retrieved from /opt/airflow/dags/P2M3_devi_nirfana_DAG.py
[2024-06-23T15:36:52.888+0000] {logging_mixin.py:115} INFO - [2024-06-23T15:36:52.887+0000] {dag.py:2429} INFO - Sync 1 DAGs
[2024-06-23T15:36:52.952+0000] {logging_mixin.py:115} INFO - [2024-06-23T15:36:52.952+0000] {dag.py:2981} INFO - Setting next_dagrun for Milestones3 to 2024-06-23T06:30:00+00:00, run_after=2024-06-24T06:30:00+00:00
[2024-06-23T15:36:52.979+0000] {processor.py:161} INFO - Processing /opt/airflow/dags/P2M3_devi_nirfana_DAG.py took 0.839 seconds
[2024-06-23T15:37:23.196+0000] {processor.py:153} INFO - Started process (PID=546) to work on /opt/airflow/dags/P2M3_devi_nirfana_DAG.py
[2024-06-23T15:37:23.197+0000] {processor.py:640} INFO - Processing file /opt/airflow/dags/P2M3_devi_nirfana_DAG.py for tasks to queue
[2024-06-23T15:37:23.198+0000] {logging_mixin.py:115} INFO - [2024-06-23T15:37:23.198+0000] {dagbag.py:508} INFO - Filling up the DagBag from /opt/airflow/dags/P2M3_devi_nirfana_DAG.py
[2024-06-23T15:37:23.456+0000] {processor.py:650} INFO - DAG(s) dict_keys(['Milestones3']) retrieved from /opt/airflow/dags/P2M3_devi_nirfana_DAG.py
[2024-06-23T15:37:23.479+0000] {logging_mixin.py:115} INFO - [2024-06-23T15:37:23.478+0000] {dag.py:2429} INFO - Sync 1 DAGs
[2024-06-23T15:37:23.502+0000] {logging_mixin.py:115} INFO - [2024-06-23T15:37:23.502+0000] {dag.py:2981} INFO - Setting next_dagrun for Milestones3 to 2024-06-23T06:30:00+00:00, run_after=2024-06-24T06:30:00+00:00
[2024-06-23T15:37:23.516+0000] {processor.py:161} INFO - Processing /opt/airflow/dags/P2M3_devi_nirfana_DAG.py took 0.323 seconds
[2024-06-23T15:37:53.783+0000] {processor.py:153} INFO - Started process (PID=552) to work on /opt/airflow/dags/P2M3_devi_nirfana_DAG.py
[2024-06-23T15:37:53.785+0000] {processor.py:640} INFO - Processing file /opt/airflow/dags/P2M3_devi_nirfana_DAG.py for tasks to queue
[2024-06-23T15:37:53.786+0000] {logging_mixin.py:115} INFO - [2024-06-23T15:37:53.786+0000] {dagbag.py:508} INFO - Filling up the DagBag from /opt/airflow/dags/P2M3_devi_nirfana_DAG.py
[2024-06-23T15:37:54.038+0000] {processor.py:650} INFO - DAG(s) dict_keys(['Milestones3']) retrieved from /opt/airflow/dags/P2M3_devi_nirfana_DAG.py
[2024-06-23T15:37:54.064+0000] {logging_mixin.py:115} INFO - [2024-06-23T15:37:54.063+0000] {dag.py:2429} INFO - Sync 1 DAGs
[2024-06-23T15:37:54.086+0000] {logging_mixin.py:115} INFO - [2024-06-23T15:37:54.086+0000] {dag.py:2981} INFO - Setting next_dagrun for Milestones3 to 2024-06-23T06:30:00+00:00, run_after=2024-06-24T06:30:00+00:00
[2024-06-23T15:37:54.098+0000] {processor.py:161} INFO - Processing /opt/airflow/dags/P2M3_devi_nirfana_DAG.py took 0.320 seconds
[2024-06-23T15:38:24.234+0000] {processor.py:153} INFO - Started process (PID=558) to work on /opt/airflow/dags/P2M3_devi_nirfana_DAG.py
[2024-06-23T15:38:24.235+0000] {processor.py:640} INFO - Processing file /opt/airflow/dags/P2M3_devi_nirfana_DAG.py for tasks to queue
[2024-06-23T15:38:24.237+0000] {logging_mixin.py:115} INFO - [2024-06-23T15:38:24.237+0000] {dagbag.py:508} INFO - Filling up the DagBag from /opt/airflow/dags/P2M3_devi_nirfana_DAG.py
[2024-06-23T15:38:24.484+0000] {processor.py:650} INFO - DAG(s) dict_keys(['Milestones3']) retrieved from /opt/airflow/dags/P2M3_devi_nirfana_DAG.py
[2024-06-23T15:38:24.511+0000] {logging_mixin.py:115} INFO - [2024-06-23T15:38:24.510+0000] {dag.py:2429} INFO - Sync 1 DAGs
[2024-06-23T15:38:24.533+0000] {logging_mixin.py:115} INFO - [2024-06-23T15:38:24.533+0000] {dag.py:2981} INFO - Setting next_dagrun for Milestones3 to 2024-06-23T06:30:00+00:00, run_after=2024-06-24T06:30:00+00:00
[2024-06-23T15:38:24.545+0000] {processor.py:161} INFO - Processing /opt/airflow/dags/P2M3_devi_nirfana_DAG.py took 0.316 seconds
[2024-06-23T15:38:54.689+0000] {processor.py:153} INFO - Started process (PID=564) to work on /opt/airflow/dags/P2M3_devi_nirfana_DAG.py
[2024-06-23T15:38:54.691+0000] {processor.py:640} INFO - Processing file /opt/airflow/dags/P2M3_devi_nirfana_DAG.py for tasks to queue
[2024-06-23T15:38:54.692+0000] {logging_mixin.py:115} INFO - [2024-06-23T15:38:54.692+0000] {dagbag.py:508} INFO - Filling up the DagBag from /opt/airflow/dags/P2M3_devi_nirfana_DAG.py
[2024-06-23T15:38:54.937+0000] {processor.py:650} INFO - DAG(s) dict_keys(['Milestones3']) retrieved from /opt/airflow/dags/P2M3_devi_nirfana_DAG.py
[2024-06-23T15:38:54.963+0000] {logging_mixin.py:115} INFO - [2024-06-23T15:38:54.962+0000] {dag.py:2429} INFO - Sync 1 DAGs
[2024-06-23T15:38:54.984+0000] {logging_mixin.py:115} INFO - [2024-06-23T15:38:54.984+0000] {dag.py:2981} INFO - Setting next_dagrun for Milestones3 to 2024-06-23T06:30:00+00:00, run_after=2024-06-24T06:30:00+00:00
[2024-06-23T15:38:54.997+0000] {processor.py:161} INFO - Processing /opt/airflow/dags/P2M3_devi_nirfana_DAG.py took 0.313 seconds
[2024-06-23T15:39:25.175+0000] {processor.py:153} INFO - Started process (PID=570) to work on /opt/airflow/dags/P2M3_devi_nirfana_DAG.py
[2024-06-23T15:39:25.176+0000] {processor.py:640} INFO - Processing file /opt/airflow/dags/P2M3_devi_nirfana_DAG.py for tasks to queue
[2024-06-23T15:39:25.177+0000] {logging_mixin.py:115} INFO - [2024-06-23T15:39:25.177+0000] {dagbag.py:508} INFO - Filling up the DagBag from /opt/airflow/dags/P2M3_devi_nirfana_DAG.py
[2024-06-23T15:39:25.465+0000] {processor.py:650} INFO - DAG(s) dict_keys(['Milestones3']) retrieved from /opt/airflow/dags/P2M3_devi_nirfana_DAG.py
[2024-06-23T15:39:25.499+0000] {logging_mixin.py:115} INFO - [2024-06-23T15:39:25.498+0000] {dag.py:2429} INFO - Sync 1 DAGs
[2024-06-23T15:39:25.525+0000] {logging_mixin.py:115} INFO - [2024-06-23T15:39:25.524+0000] {dag.py:2981} INFO - Setting next_dagrun for Milestones3 to 2024-06-23T06:30:00+00:00, run_after=2024-06-24T06:30:00+00:00
[2024-06-23T15:39:25.542+0000] {processor.py:161} INFO - Processing /opt/airflow/dags/P2M3_devi_nirfana_DAG.py took 0.373 seconds
[2024-06-23T15:39:55.711+0000] {processor.py:153} INFO - Started process (PID=576) to work on /opt/airflow/dags/P2M3_devi_nirfana_DAG.py
[2024-06-23T15:39:55.713+0000] {processor.py:640} INFO - Processing file /opt/airflow/dags/P2M3_devi_nirfana_DAG.py for tasks to queue
[2024-06-23T15:39:55.714+0000] {logging_mixin.py:115} INFO - [2024-06-23T15:39:55.714+0000] {dagbag.py:508} INFO - Filling up the DagBag from /opt/airflow/dags/P2M3_devi_nirfana_DAG.py
[2024-06-23T15:39:56.005+0000] {processor.py:650} INFO - DAG(s) dict_keys(['Milestones3']) retrieved from /opt/airflow/dags/P2M3_devi_nirfana_DAG.py
[2024-06-23T15:39:56.034+0000] {logging_mixin.py:115} INFO - [2024-06-23T15:39:56.032+0000] {dag.py:2429} INFO - Sync 1 DAGs
[2024-06-23T15:39:56.060+0000] {logging_mixin.py:115} INFO - [2024-06-23T15:39:56.060+0000] {dag.py:2981} INFO - Setting next_dagrun for Milestones3 to 2024-06-23T06:30:00+00:00, run_after=2024-06-24T06:30:00+00:00
[2024-06-23T15:39:56.075+0000] {processor.py:161} INFO - Processing /opt/airflow/dags/P2M3_devi_nirfana_DAG.py took 0.368 seconds
[2024-06-23T15:40:26.230+0000] {processor.py:153} INFO - Started process (PID=582) to work on /opt/airflow/dags/P2M3_devi_nirfana_DAG.py
[2024-06-23T15:40:26.232+0000] {processor.py:640} INFO - Processing file /opt/airflow/dags/P2M3_devi_nirfana_DAG.py for tasks to queue
[2024-06-23T15:40:26.233+0000] {logging_mixin.py:115} INFO - [2024-06-23T15:40:26.233+0000] {dagbag.py:508} INFO - Filling up the DagBag from /opt/airflow/dags/P2M3_devi_nirfana_DAG.py
[2024-06-23T15:40:26.496+0000] {processor.py:650} INFO - DAG(s) dict_keys(['Milestones3']) retrieved from /opt/airflow/dags/P2M3_devi_nirfana_DAG.py
[2024-06-23T15:40:26.524+0000] {logging_mixin.py:115} INFO - [2024-06-23T15:40:26.523+0000] {dag.py:2429} INFO - Sync 1 DAGs
[2024-06-23T15:40:26.547+0000] {logging_mixin.py:115} INFO - [2024-06-23T15:40:26.547+0000] {dag.py:2981} INFO - Setting next_dagrun for Milestones3 to 2024-06-23T06:30:00+00:00, run_after=2024-06-24T06:30:00+00:00
[2024-06-23T15:40:26.563+0000] {processor.py:161} INFO - Processing /opt/airflow/dags/P2M3_devi_nirfana_DAG.py took 0.338 seconds
[2024-06-23T15:40:56.685+0000] {processor.py:153} INFO - Started process (PID=588) to work on /opt/airflow/dags/P2M3_devi_nirfana_DAG.py
[2024-06-23T15:40:56.687+0000] {processor.py:640} INFO - Processing file /opt/airflow/dags/P2M3_devi_nirfana_DAG.py for tasks to queue
[2024-06-23T15:40:56.687+0000] {logging_mixin.py:115} INFO - [2024-06-23T15:40:56.687+0000] {dagbag.py:508} INFO - Filling up the DagBag from /opt/airflow/dags/P2M3_devi_nirfana_DAG.py
[2024-06-23T15:40:56.948+0000] {processor.py:650} INFO - DAG(s) dict_keys(['Milestones3']) retrieved from /opt/airflow/dags/P2M3_devi_nirfana_DAG.py
[2024-06-23T15:40:56.979+0000] {logging_mixin.py:115} INFO - [2024-06-23T15:40:56.978+0000] {dag.py:2429} INFO - Sync 1 DAGs
[2024-06-23T15:40:57.002+0000] {logging_mixin.py:115} INFO - [2024-06-23T15:40:57.002+0000] {dag.py:2981} INFO - Setting next_dagrun for Milestones3 to 2024-06-23T06:30:00+00:00, run_after=2024-06-24T06:30:00+00:00
[2024-06-23T15:40:57.013+0000] {processor.py:161} INFO - Processing /opt/airflow/dags/P2M3_devi_nirfana_DAG.py took 0.332 seconds
[2024-06-23T15:41:27.143+0000] {processor.py:153} INFO - Started process (PID=594) to work on /opt/airflow/dags/P2M3_devi_nirfana_DAG.py
[2024-06-23T15:41:27.144+0000] {processor.py:640} INFO - Processing file /opt/airflow/dags/P2M3_devi_nirfana_DAG.py for tasks to queue
[2024-06-23T15:41:27.145+0000] {logging_mixin.py:115} INFO - [2024-06-23T15:41:27.145+0000] {dagbag.py:508} INFO - Filling up the DagBag from /opt/airflow/dags/P2M3_devi_nirfana_DAG.py
[2024-06-23T15:41:27.438+0000] {processor.py:650} INFO - DAG(s) dict_keys(['Milestones3']) retrieved from /opt/airflow/dags/P2M3_devi_nirfana_DAG.py
[2024-06-23T15:41:27.463+0000] {logging_mixin.py:115} INFO - [2024-06-23T15:41:27.462+0000] {dag.py:2429} INFO - Sync 1 DAGs
[2024-06-23T15:41:27.489+0000] {logging_mixin.py:115} INFO - [2024-06-23T15:41:27.489+0000] {dag.py:2981} INFO - Setting next_dagrun for Milestones3 to 2024-06-23T06:30:00+00:00, run_after=2024-06-24T06:30:00+00:00
[2024-06-23T15:41:27.503+0000] {processor.py:161} INFO - Processing /opt/airflow/dags/P2M3_devi_nirfana_DAG.py took 0.366 seconds
[2024-06-23T15:41:57.645+0000] {processor.py:153} INFO - Started process (PID=600) to work on /opt/airflow/dags/P2M3_devi_nirfana_DAG.py
[2024-06-23T15:41:57.647+0000] {processor.py:640} INFO - Processing file /opt/airflow/dags/P2M3_devi_nirfana_DAG.py for tasks to queue
[2024-06-23T15:41:57.648+0000] {logging_mixin.py:115} INFO - [2024-06-23T15:41:57.648+0000] {dagbag.py:508} INFO - Filling up the DagBag from /opt/airflow/dags/P2M3_devi_nirfana_DAG.py
[2024-06-23T15:41:57.892+0000] {processor.py:650} INFO - DAG(s) dict_keys(['Milestones3']) retrieved from /opt/airflow/dags/P2M3_devi_nirfana_DAG.py
[2024-06-23T15:41:57.918+0000] {logging_mixin.py:115} INFO - [2024-06-23T15:41:57.917+0000] {dag.py:2429} INFO - Sync 1 DAGs
[2024-06-23T15:41:57.939+0000] {logging_mixin.py:115} INFO - [2024-06-23T15:41:57.939+0000] {dag.py:2981} INFO - Setting next_dagrun for Milestones3 to 2024-06-23T06:30:00+00:00, run_after=2024-06-24T06:30:00+00:00
[2024-06-23T15:41:57.951+0000] {processor.py:161} INFO - Processing /opt/airflow/dags/P2M3_devi_nirfana_DAG.py took 0.310 seconds
[2024-06-23T15:42:28.093+0000] {processor.py:153} INFO - Started process (PID=606) to work on /opt/airflow/dags/P2M3_devi_nirfana_DAG.py
[2024-06-23T15:42:28.094+0000] {processor.py:640} INFO - Processing file /opt/airflow/dags/P2M3_devi_nirfana_DAG.py for tasks to queue
[2024-06-23T15:42:28.095+0000] {logging_mixin.py:115} INFO - [2024-06-23T15:42:28.095+0000] {dagbag.py:508} INFO - Filling up the DagBag from /opt/airflow/dags/P2M3_devi_nirfana_DAG.py
[2024-06-23T15:42:28.375+0000] {processor.py:650} INFO - DAG(s) dict_keys(['Milestones3']) retrieved from /opt/airflow/dags/P2M3_devi_nirfana_DAG.py
[2024-06-23T15:42:28.405+0000] {logging_mixin.py:115} INFO - [2024-06-23T15:42:28.403+0000] {dag.py:2429} INFO - Sync 1 DAGs
[2024-06-23T15:42:28.428+0000] {logging_mixin.py:115} INFO - [2024-06-23T15:42:28.428+0000] {dag.py:2981} INFO - Setting next_dagrun for Milestones3 to 2024-06-23T06:30:00+00:00, run_after=2024-06-24T06:30:00+00:00
[2024-06-23T15:42:28.444+0000] {processor.py:161} INFO - Processing /opt/airflow/dags/P2M3_devi_nirfana_DAG.py took 0.357 seconds
[2024-06-23T15:42:58.566+0000] {processor.py:153} INFO - Started process (PID=612) to work on /opt/airflow/dags/P2M3_devi_nirfana_DAG.py
[2024-06-23T15:42:58.567+0000] {processor.py:640} INFO - Processing file /opt/airflow/dags/P2M3_devi_nirfana_DAG.py for tasks to queue
[2024-06-23T15:42:58.568+0000] {logging_mixin.py:115} INFO - [2024-06-23T15:42:58.568+0000] {dagbag.py:508} INFO - Filling up the DagBag from /opt/airflow/dags/P2M3_devi_nirfana_DAG.py
[2024-06-23T15:42:58.844+0000] {processor.py:650} INFO - DAG(s) dict_keys(['Milestones3']) retrieved from /opt/airflow/dags/P2M3_devi_nirfana_DAG.py
[2024-06-23T15:42:58.871+0000] {logging_mixin.py:115} INFO - [2024-06-23T15:42:58.870+0000] {dag.py:2429} INFO - Sync 1 DAGs
[2024-06-23T15:42:58.893+0000] {logging_mixin.py:115} INFO - [2024-06-23T15:42:58.892+0000] {dag.py:2981} INFO - Setting next_dagrun for Milestones3 to 2024-06-23T06:30:00+00:00, run_after=2024-06-24T06:30:00+00:00
[2024-06-23T15:42:58.931+0000] {processor.py:161} INFO - Processing /opt/airflow/dags/P2M3_devi_nirfana_DAG.py took 0.368 seconds
[2024-06-23T15:43:29.074+0000] {processor.py:153} INFO - Started process (PID=618) to work on /opt/airflow/dags/P2M3_devi_nirfana_DAG.py
[2024-06-23T15:43:29.075+0000] {processor.py:640} INFO - Processing file /opt/airflow/dags/P2M3_devi_nirfana_DAG.py for tasks to queue
[2024-06-23T15:43:29.076+0000] {logging_mixin.py:115} INFO - [2024-06-23T15:43:29.076+0000] {dagbag.py:508} INFO - Filling up the DagBag from /opt/airflow/dags/P2M3_devi_nirfana_DAG.py
[2024-06-23T15:43:29.348+0000] {processor.py:650} INFO - DAG(s) dict_keys(['Milestones3']) retrieved from /opt/airflow/dags/P2M3_devi_nirfana_DAG.py
[2024-06-23T15:43:29.374+0000] {logging_mixin.py:115} INFO - [2024-06-23T15:43:29.373+0000] {dag.py:2429} INFO - Sync 1 DAGs
[2024-06-23T15:43:29.397+0000] {logging_mixin.py:115} INFO - [2024-06-23T15:43:29.396+0000] {dag.py:2981} INFO - Setting next_dagrun for Milestones3 to 2024-06-23T06:30:00+00:00, run_after=2024-06-24T06:30:00+00:00
[2024-06-23T15:43:29.413+0000] {processor.py:161} INFO - Processing /opt/airflow/dags/P2M3_devi_nirfana_DAG.py took 0.344 seconds
[2024-06-23T15:43:59.586+0000] {processor.py:153} INFO - Started process (PID=624) to work on /opt/airflow/dags/P2M3_devi_nirfana_DAG.py
[2024-06-23T15:43:59.588+0000] {processor.py:640} INFO - Processing file /opt/airflow/dags/P2M3_devi_nirfana_DAG.py for tasks to queue
[2024-06-23T15:43:59.589+0000] {logging_mixin.py:115} INFO - [2024-06-23T15:43:59.589+0000] {dagbag.py:508} INFO - Filling up the DagBag from /opt/airflow/dags/P2M3_devi_nirfana_DAG.py
[2024-06-23T15:43:59.842+0000] {processor.py:650} INFO - DAG(s) dict_keys(['Milestones3']) retrieved from /opt/airflow/dags/P2M3_devi_nirfana_DAG.py
[2024-06-23T15:43:59.914+0000] {logging_mixin.py:115} INFO - [2024-06-23T15:43:59.912+0000] {dag.py:2429} INFO - Sync 1 DAGs
[2024-06-23T15:43:59.940+0000] {logging_mixin.py:115} INFO - [2024-06-23T15:43:59.940+0000] {dag.py:2981} INFO - Setting next_dagrun for Milestones3 to 2024-06-23T06:30:00+00:00, run_after=2024-06-24T06:30:00+00:00
[2024-06-23T15:43:59.954+0000] {processor.py:161} INFO - Processing /opt/airflow/dags/P2M3_devi_nirfana_DAG.py took 0.372 seconds
[2024-06-23T15:44:30.138+0000] {processor.py:153} INFO - Started process (PID=630) to work on /opt/airflow/dags/P2M3_devi_nirfana_DAG.py
[2024-06-23T15:44:30.140+0000] {processor.py:640} INFO - Processing file /opt/airflow/dags/P2M3_devi_nirfana_DAG.py for tasks to queue
[2024-06-23T15:44:30.141+0000] {logging_mixin.py:115} INFO - [2024-06-23T15:44:30.141+0000] {dagbag.py:508} INFO - Filling up the DagBag from /opt/airflow/dags/P2M3_devi_nirfana_DAG.py
[2024-06-23T15:44:30.384+0000] {processor.py:650} INFO - DAG(s) dict_keys(['Milestones3']) retrieved from /opt/airflow/dags/P2M3_devi_nirfana_DAG.py
[2024-06-23T15:44:30.409+0000] {logging_mixin.py:115} INFO - [2024-06-23T15:44:30.408+0000] {dag.py:2429} INFO - Sync 1 DAGs
[2024-06-23T15:44:30.431+0000] {logging_mixin.py:115} INFO - [2024-06-23T15:44:30.431+0000] {dag.py:2981} INFO - Setting next_dagrun for Milestones3 to 2024-06-23T06:30:00+00:00, run_after=2024-06-24T06:30:00+00:00
[2024-06-23T15:44:30.445+0000] {processor.py:161} INFO - Processing /opt/airflow/dags/P2M3_devi_nirfana_DAG.py took 0.311 seconds
[2024-06-23T15:45:00.635+0000] {processor.py:153} INFO - Started process (PID=636) to work on /opt/airflow/dags/P2M3_devi_nirfana_DAG.py
[2024-06-23T15:45:00.637+0000] {processor.py:640} INFO - Processing file /opt/airflow/dags/P2M3_devi_nirfana_DAG.py for tasks to queue
[2024-06-23T15:45:00.638+0000] {logging_mixin.py:115} INFO - [2024-06-23T15:45:00.638+0000] {dagbag.py:508} INFO - Filling up the DagBag from /opt/airflow/dags/P2M3_devi_nirfana_DAG.py
[2024-06-23T15:45:00.939+0000] {processor.py:650} INFO - DAG(s) dict_keys(['Milestones3']) retrieved from /opt/airflow/dags/P2M3_devi_nirfana_DAG.py
[2024-06-23T15:45:00.965+0000] {logging_mixin.py:115} INFO - [2024-06-23T15:45:00.964+0000] {dag.py:2429} INFO - Sync 1 DAGs
[2024-06-23T15:45:01.004+0000] {logging_mixin.py:115} INFO - [2024-06-23T15:45:01.004+0000] {dag.py:2981} INFO - Setting next_dagrun for Milestones3 to 2024-06-23T06:30:00+00:00, run_after=2024-06-24T06:30:00+00:00
[2024-06-23T15:45:01.020+0000] {processor.py:161} INFO - Processing /opt/airflow/dags/P2M3_devi_nirfana_DAG.py took 0.389 seconds
[2024-06-23T15:45:31.151+0000] {processor.py:153} INFO - Started process (PID=642) to work on /opt/airflow/dags/P2M3_devi_nirfana_DAG.py
[2024-06-23T15:45:31.152+0000] {processor.py:640} INFO - Processing file /opt/airflow/dags/P2M3_devi_nirfana_DAG.py for tasks to queue
[2024-06-23T15:45:31.153+0000] {logging_mixin.py:115} INFO - [2024-06-23T15:45:31.153+0000] {dagbag.py:508} INFO - Filling up the DagBag from /opt/airflow/dags/P2M3_devi_nirfana_DAG.py
[2024-06-23T15:45:31.397+0000] {processor.py:650} INFO - DAG(s) dict_keys(['Milestones3']) retrieved from /opt/airflow/dags/P2M3_devi_nirfana_DAG.py
[2024-06-23T15:45:31.424+0000] {logging_mixin.py:115} INFO - [2024-06-23T15:45:31.423+0000] {dag.py:2429} INFO - Sync 1 DAGs
[2024-06-23T15:45:31.449+0000] {logging_mixin.py:115} INFO - [2024-06-23T15:45:31.449+0000] {dag.py:2981} INFO - Setting next_dagrun for Milestones3 to 2024-06-23T06:30:00+00:00, run_after=2024-06-24T06:30:00+00:00
[2024-06-23T15:45:31.460+0000] {processor.py:161} INFO - Processing /opt/airflow/dags/P2M3_devi_nirfana_DAG.py took 0.313 seconds
[2024-06-23T15:46:01.573+0000] {processor.py:153} INFO - Started process (PID=648) to work on /opt/airflow/dags/P2M3_devi_nirfana_DAG.py
[2024-06-23T15:46:01.574+0000] {processor.py:640} INFO - Processing file /opt/airflow/dags/P2M3_devi_nirfana_DAG.py for tasks to queue
[2024-06-23T15:46:01.575+0000] {logging_mixin.py:115} INFO - [2024-06-23T15:46:01.575+0000] {dagbag.py:508} INFO - Filling up the DagBag from /opt/airflow/dags/P2M3_devi_nirfana_DAG.py
[2024-06-23T15:46:01.836+0000] {processor.py:650} INFO - DAG(s) dict_keys(['Milestones3']) retrieved from /opt/airflow/dags/P2M3_devi_nirfana_DAG.py
[2024-06-23T15:46:01.864+0000] {logging_mixin.py:115} INFO - [2024-06-23T15:46:01.862+0000] {dag.py:2429} INFO - Sync 1 DAGs
[2024-06-23T15:46:01.887+0000] {logging_mixin.py:115} INFO - [2024-06-23T15:46:01.887+0000] {dag.py:2981} INFO - Setting next_dagrun for Milestones3 to 2024-06-23T06:30:00+00:00, run_after=2024-06-24T06:30:00+00:00
[2024-06-23T15:46:01.903+0000] {processor.py:161} INFO - Processing /opt/airflow/dags/P2M3_devi_nirfana_DAG.py took 0.333 seconds
[2024-06-23T15:46:32.059+0000] {processor.py:153} INFO - Started process (PID=654) to work on /opt/airflow/dags/P2M3_devi_nirfana_DAG.py
[2024-06-23T15:46:32.060+0000] {processor.py:640} INFO - Processing file /opt/airflow/dags/P2M3_devi_nirfana_DAG.py for tasks to queue
[2024-06-23T15:46:32.062+0000] {logging_mixin.py:115} INFO - [2024-06-23T15:46:32.062+0000] {dagbag.py:508} INFO - Filling up the DagBag from /opt/airflow/dags/P2M3_devi_nirfana_DAG.py
[2024-06-23T15:46:32.351+0000] {processor.py:650} INFO - DAG(s) dict_keys(['Milestones3']) retrieved from /opt/airflow/dags/P2M3_devi_nirfana_DAG.py
[2024-06-23T15:46:32.376+0000] {logging_mixin.py:115} INFO - [2024-06-23T15:46:32.375+0000] {dag.py:2429} INFO - Sync 1 DAGs
[2024-06-23T15:46:32.396+0000] {logging_mixin.py:115} INFO - [2024-06-23T15:46:32.396+0000] {dag.py:2981} INFO - Setting next_dagrun for Milestones3 to 2024-06-23T06:30:00+00:00, run_after=2024-06-24T06:30:00+00:00
[2024-06-23T15:46:32.408+0000] {processor.py:161} INFO - Processing /opt/airflow/dags/P2M3_devi_nirfana_DAG.py took 0.354 seconds
[2024-06-23T15:47:02.568+0000] {processor.py:153} INFO - Started process (PID=660) to work on /opt/airflow/dags/P2M3_devi_nirfana_DAG.py
[2024-06-23T15:47:02.570+0000] {processor.py:640} INFO - Processing file /opt/airflow/dags/P2M3_devi_nirfana_DAG.py for tasks to queue
[2024-06-23T15:47:02.571+0000] {logging_mixin.py:115} INFO - [2024-06-23T15:47:02.571+0000] {dagbag.py:508} INFO - Filling up the DagBag from /opt/airflow/dags/P2M3_devi_nirfana_DAG.py
[2024-06-23T15:47:02.843+0000] {processor.py:650} INFO - DAG(s) dict_keys(['Milestones3']) retrieved from /opt/airflow/dags/P2M3_devi_nirfana_DAG.py
[2024-06-23T15:47:02.872+0000] {logging_mixin.py:115} INFO - [2024-06-23T15:47:02.871+0000] {dag.py:2429} INFO - Sync 1 DAGs
[2024-06-23T15:47:02.894+0000] {logging_mixin.py:115} INFO - [2024-06-23T15:47:02.894+0000] {dag.py:2981} INFO - Setting next_dagrun for Milestones3 to 2024-06-23T06:30:00+00:00, run_after=2024-06-24T06:30:00+00:00
[2024-06-23T15:47:02.910+0000] {processor.py:161} INFO - Processing /opt/airflow/dags/P2M3_devi_nirfana_DAG.py took 0.348 seconds
[2024-06-23T15:47:33.035+0000] {processor.py:153} INFO - Started process (PID=666) to work on /opt/airflow/dags/P2M3_devi_nirfana_DAG.py
[2024-06-23T15:47:33.036+0000] {processor.py:640} INFO - Processing file /opt/airflow/dags/P2M3_devi_nirfana_DAG.py for tasks to queue
[2024-06-23T15:47:33.037+0000] {logging_mixin.py:115} INFO - [2024-06-23T15:47:33.037+0000] {dagbag.py:508} INFO - Filling up the DagBag from /opt/airflow/dags/P2M3_devi_nirfana_DAG.py
[2024-06-23T15:47:33.342+0000] {processor.py:650} INFO - DAG(s) dict_keys(['Milestones3']) retrieved from /opt/airflow/dags/P2M3_devi_nirfana_DAG.py
[2024-06-23T15:47:33.373+0000] {logging_mixin.py:115} INFO - [2024-06-23T15:47:33.372+0000] {dag.py:2429} INFO - Sync 1 DAGs
[2024-06-23T15:47:33.395+0000] {logging_mixin.py:115} INFO - [2024-06-23T15:47:33.395+0000] {dag.py:2981} INFO - Setting next_dagrun for Milestones3 to 2024-06-23T06:30:00+00:00, run_after=2024-06-24T06:30:00+00:00
[2024-06-23T15:47:33.414+0000] {processor.py:161} INFO - Processing /opt/airflow/dags/P2M3_devi_nirfana_DAG.py took 0.384 seconds
[2024-06-23T15:48:03.542+0000] {processor.py:153} INFO - Started process (PID=672) to work on /opt/airflow/dags/P2M3_devi_nirfana_DAG.py
[2024-06-23T15:48:03.543+0000] {processor.py:640} INFO - Processing file /opt/airflow/dags/P2M3_devi_nirfana_DAG.py for tasks to queue
[2024-06-23T15:48:03.544+0000] {logging_mixin.py:115} INFO - [2024-06-23T15:48:03.544+0000] {dagbag.py:508} INFO - Filling up the DagBag from /opt/airflow/dags/P2M3_devi_nirfana_DAG.py
[2024-06-23T15:48:03.812+0000] {processor.py:650} INFO - DAG(s) dict_keys(['Milestones3']) retrieved from /opt/airflow/dags/P2M3_devi_nirfana_DAG.py
[2024-06-23T15:48:03.839+0000] {logging_mixin.py:115} INFO - [2024-06-23T15:48:03.838+0000] {dag.py:2429} INFO - Sync 1 DAGs
[2024-06-23T15:48:03.859+0000] {logging_mixin.py:115} INFO - [2024-06-23T15:48:03.859+0000] {dag.py:2981} INFO - Setting next_dagrun for Milestones3 to 2024-06-23T06:30:00+00:00, run_after=2024-06-24T06:30:00+00:00
[2024-06-23T15:48:03.876+0000] {processor.py:161} INFO - Processing /opt/airflow/dags/P2M3_devi_nirfana_DAG.py took 0.340 seconds
[2024-06-23T15:48:34.027+0000] {processor.py:153} INFO - Started process (PID=678) to work on /opt/airflow/dags/P2M3_devi_nirfana_DAG.py
[2024-06-23T15:48:34.029+0000] {processor.py:640} INFO - Processing file /opt/airflow/dags/P2M3_devi_nirfana_DAG.py for tasks to queue
[2024-06-23T15:48:34.048+0000] {logging_mixin.py:115} INFO - [2024-06-23T15:48:34.047+0000] {dagbag.py:508} INFO - Filling up the DagBag from /opt/airflow/dags/P2M3_devi_nirfana_DAG.py
[2024-06-23T15:48:34.391+0000] {processor.py:650} INFO - DAG(s) dict_keys(['Milestones3']) retrieved from /opt/airflow/dags/P2M3_devi_nirfana_DAG.py
[2024-06-23T15:48:34.420+0000] {logging_mixin.py:115} INFO - [2024-06-23T15:48:34.419+0000] {dag.py:2429} INFO - Sync 1 DAGs
[2024-06-23T15:48:34.444+0000] {logging_mixin.py:115} INFO - [2024-06-23T15:48:34.444+0000] {dag.py:2981} INFO - Setting next_dagrun for Milestones3 to 2024-06-23T06:30:00+00:00, run_after=2024-06-24T06:30:00+00:00
[2024-06-23T15:48:34.459+0000] {processor.py:161} INFO - Processing /opt/airflow/dags/P2M3_devi_nirfana_DAG.py took 0.439 seconds
[2024-06-23T15:49:04.602+0000] {processor.py:153} INFO - Started process (PID=684) to work on /opt/airflow/dags/P2M3_devi_nirfana_DAG.py
[2024-06-23T15:49:04.604+0000] {processor.py:640} INFO - Processing file /opt/airflow/dags/P2M3_devi_nirfana_DAG.py for tasks to queue
[2024-06-23T15:49:04.606+0000] {logging_mixin.py:115} INFO - [2024-06-23T15:49:04.606+0000] {dagbag.py:508} INFO - Filling up the DagBag from /opt/airflow/dags/P2M3_devi_nirfana_DAG.py
[2024-06-23T15:49:04.923+0000] {processor.py:650} INFO - DAG(s) dict_keys(['Milestones3']) retrieved from /opt/airflow/dags/P2M3_devi_nirfana_DAG.py
[2024-06-23T15:49:05.034+0000] {logging_mixin.py:115} INFO - [2024-06-23T15:49:05.033+0000] {dag.py:2429} INFO - Sync 1 DAGs
[2024-06-23T15:49:05.056+0000] {logging_mixin.py:115} INFO - [2024-06-23T15:49:05.056+0000] {dag.py:2981} INFO - Setting next_dagrun for Milestones3 to 2024-06-23T06:30:00+00:00, run_after=2024-06-24T06:30:00+00:00
[2024-06-23T15:49:05.074+0000] {processor.py:161} INFO - Processing /opt/airflow/dags/P2M3_devi_nirfana_DAG.py took 0.479 seconds
[2024-06-23T15:49:35.199+0000] {processor.py:153} INFO - Started process (PID=690) to work on /opt/airflow/dags/P2M3_devi_nirfana_DAG.py
[2024-06-23T15:49:35.201+0000] {processor.py:640} INFO - Processing file /opt/airflow/dags/P2M3_devi_nirfana_DAG.py for tasks to queue
[2024-06-23T15:49:35.202+0000] {logging_mixin.py:115} INFO - [2024-06-23T15:49:35.202+0000] {dagbag.py:508} INFO - Filling up the DagBag from /opt/airflow/dags/P2M3_devi_nirfana_DAG.py
[2024-06-23T15:49:35.481+0000] {processor.py:650} INFO - DAG(s) dict_keys(['Milestones3']) retrieved from /opt/airflow/dags/P2M3_devi_nirfana_DAG.py
[2024-06-23T15:49:35.508+0000] {logging_mixin.py:115} INFO - [2024-06-23T15:49:35.507+0000] {dag.py:2429} INFO - Sync 1 DAGs
[2024-06-23T15:49:35.528+0000] {logging_mixin.py:115} INFO - [2024-06-23T15:49:35.528+0000] {dag.py:2981} INFO - Setting next_dagrun for Milestones3 to 2024-06-23T06:30:00+00:00, run_after=2024-06-24T06:30:00+00:00
[2024-06-23T15:49:35.540+0000] {processor.py:161} INFO - Processing /opt/airflow/dags/P2M3_devi_nirfana_DAG.py took 0.347 seconds
