[2024-06-30T09:33:36.811+0000] {taskinstance.py:1171} INFO - Dependencies all met for <TaskInstance: Automate_cleaning.load_raw_data scheduled__2024-06-20T06:30:00+00:00 [queued]>
[2024-06-30T09:33:36.876+0000] {taskinstance.py:1171} INFO - Dependencies all met for <TaskInstance: Automate_cleaning.load_raw_data scheduled__2024-06-20T06:30:00+00:00 [queued]>
[2024-06-30T09:33:36.881+0000] {taskinstance.py:1368} INFO - 
--------------------------------------------------------------------------------
[2024-06-30T09:33:36.882+0000] {taskinstance.py:1369} INFO - Starting attempt 1 of 1
[2024-06-30T09:33:36.883+0000] {taskinstance.py:1370} INFO - 
--------------------------------------------------------------------------------
[2024-06-30T09:33:36.979+0000] {taskinstance.py:1389} INFO - Executing <Task(PythonOperator): load_raw_data> on 2024-06-20 06:30:00+00:00
[2024-06-30T09:33:36.998+0000] {standard_task_runner.py:52} INFO - Started process 213 to run task
[2024-06-30T09:33:37.027+0000] {standard_task_runner.py:79} INFO - Running: ['***', 'tasks', 'run', 'Automate_cleaning', 'load_raw_data', 'scheduled__2024-06-20T06:30:00+00:00', '--job-id', '4', '--raw', '--subdir', 'DAGS_FOLDER/automate_clean_DAG.py', '--cfg-path', '/tmp/tmphau7piv6', '--error-file', '/tmp/tmpkuvzzfaj']
[2024-06-30T09:33:37.063+0000] {standard_task_runner.py:80} INFO - Job 4: Subtask load_raw_data
[2024-06-30T09:33:37.343+0000] {task_command.py:371} INFO - Running <TaskInstance: Automate_cleaning.load_raw_data scheduled__2024-06-20T06:30:00+00:00 [running]> on host 7ad299a7fc17
[2024-06-30T09:33:37.690+0000] {taskinstance.py:1583} INFO - Exporting the following env vars:
AIRFLOW_CTX_DAG_OWNER=devi_nirfana
AIRFLOW_CTX_DAG_ID=Automate_cleaning
AIRFLOW_CTX_TASK_ID=load_raw_data
AIRFLOW_CTX_EXECUTION_DATE=2024-06-20T06:30:00+00:00
AIRFLOW_CTX_TRY_NUMBER=1
AIRFLOW_CTX_DAG_RUN_ID=scheduled__2024-06-20T06:30:00+00:00
[2024-06-30T09:34:17.783+0000] {python.py:173} INFO - Done. Returned value was: None
[2024-06-30T09:34:18.769+0000] {taskinstance.py:1412} INFO - Marking task as SUCCESS. dag_id=Automate_cleaning, task_id=load_raw_data, execution_date=20240620T063000, start_date=20240630T093336, end_date=20240630T093418
[2024-06-30T09:34:18.929+0000] {local_task_job.py:156} INFO - Task exited with return code 0
[2024-06-30T09:34:19.081+0000] {local_task_job.py:279} INFO - 1 downstream tasks scheduled from follow-on schedule check
[2024-06-30T09:38:21.836+0000] {taskinstance.py:1171} INFO - Dependencies all met for <TaskInstance: Automate_cleaning.load_raw_data scheduled__2024-06-20T06:30:00+00:00 [queued]>
[2024-06-30T09:38:21.875+0000] {taskinstance.py:1171} INFO - Dependencies all met for <TaskInstance: Automate_cleaning.load_raw_data scheduled__2024-06-20T06:30:00+00:00 [queued]>
[2024-06-30T09:38:21.878+0000] {taskinstance.py:1368} INFO - 
--------------------------------------------------------------------------------
[2024-06-30T09:38:21.881+0000] {taskinstance.py:1369} INFO - Starting attempt 1 of 1
[2024-06-30T09:38:21.883+0000] {taskinstance.py:1370} INFO - 
--------------------------------------------------------------------------------
[2024-06-30T09:38:21.930+0000] {taskinstance.py:1389} INFO - Executing <Task(PythonOperator): load_raw_data> on 2024-06-20 06:30:00+00:00
[2024-06-30T09:38:21.943+0000] {standard_task_runner.py:52} INFO - Started process 211 to run task
[2024-06-30T09:38:21.957+0000] {standard_task_runner.py:79} INFO - Running: ['***', 'tasks', 'run', 'Automate_cleaning', 'load_raw_data', 'scheduled__2024-06-20T06:30:00+00:00', '--job-id', '4', '--raw', '--subdir', 'DAGS_FOLDER/automate_clean_DAG.py', '--cfg-path', '/tmp/tmp2_eq6q5a', '--error-file', '/tmp/tmp3fhaqogm']
[2024-06-30T09:38:21.961+0000] {standard_task_runner.py:80} INFO - Job 4: Subtask load_raw_data
[2024-06-30T09:38:22.118+0000] {task_command.py:371} INFO - Running <TaskInstance: Automate_cleaning.load_raw_data scheduled__2024-06-20T06:30:00+00:00 [running]> on host 3e5e5d011624
[2024-06-30T09:38:22.298+0000] {taskinstance.py:1583} INFO - Exporting the following env vars:
AIRFLOW_CTX_DAG_OWNER=devi_nirfana
AIRFLOW_CTX_DAG_ID=Automate_cleaning
AIRFLOW_CTX_TASK_ID=load_raw_data
AIRFLOW_CTX_EXECUTION_DATE=2024-06-20T06:30:00+00:00
AIRFLOW_CTX_TRY_NUMBER=1
AIRFLOW_CTX_DAG_RUN_ID=scheduled__2024-06-20T06:30:00+00:00
[2024-06-30T09:38:23.603+0000] {taskinstance.py:1902} ERROR - Task failed with exception
Traceback (most recent call last):
  File "/home/airflow/.local/lib/python3.7/site-packages/sqlalchemy/engine/base.py", line 1803, in _execute_context
    cursor, statement, parameters, context
  File "/home/airflow/.local/lib/python3.7/site-packages/sqlalchemy/engine/default.py", line 719, in do_execute
    cursor.execute(statement, parameters)
psycopg2.errors.UniqueViolation: duplicate key value violates unique constraint "pg_type_typname_nsp_index"
DETAIL:  Key (typname, typnamespace)=(fraud-data-table, 2200) already exists.


The above exception was the direct cause of the following exception:

Traceback (most recent call last):
  File "/home/airflow/.local/lib/python3.7/site-packages/airflow/operators/python.py", line 171, in execute
    return_value = self.execute_callable()
  File "/home/airflow/.local/lib/python3.7/site-packages/airflow/operators/python.py", line 189, in execute_callable
    return self.python_callable(*self.op_args, **self.op_kwargs)
  File "/opt/airflow/dags/automate_clean_DAG.py", line 44, in load_to_postgres
    df.to_sql('fraud-data-table', conn, index=False, if_exists='replace')
  File "/home/airflow/.local/lib/python3.7/site-packages/pandas/core/generic.py", line 2882, in to_sql
    method=method,
  File "/home/airflow/.local/lib/python3.7/site-packages/pandas/io/sql.py", line 728, in to_sql
    **engine_kwargs,
  File "/home/airflow/.local/lib/python3.7/site-packages/pandas/io/sql.py", line 1758, in to_sql
    dtype=dtype,
  File "/home/airflow/.local/lib/python3.7/site-packages/pandas/io/sql.py", line 1650, in prep_table
    table.create()
  File "/home/airflow/.local/lib/python3.7/site-packages/pandas/io/sql.py", line 867, in create
    self._execute_create()
  File "/home/airflow/.local/lib/python3.7/site-packages/pandas/io/sql.py", line 853, in _execute_create
    self.table.create()
  File "/home/airflow/.local/lib/python3.7/site-packages/sqlalchemy/sql/schema.py", line 950, in create
    bind._run_ddl_visitor(ddl.SchemaGenerator, self, checkfirst=checkfirst)
  File "/home/airflow/.local/lib/python3.7/site-packages/sqlalchemy/engine/base.py", line 2113, in _run_ddl_visitor
    visitorcallable(self.dialect, self, **kwargs).traverse_single(element)
  File "/home/airflow/.local/lib/python3.7/site-packages/sqlalchemy/sql/visitors.py", line 524, in traverse_single
    return meth(obj, **kw)
  File "/home/airflow/.local/lib/python3.7/site-packages/sqlalchemy/sql/ddl.py", line 895, in visit_table
    include_foreign_key_constraints,  # noqa
  File "/home/airflow/.local/lib/python3.7/site-packages/sqlalchemy/engine/base.py", line 1289, in execute
    return meth(self, multiparams, params, _EMPTY_EXECUTION_OPTS)
  File "/home/airflow/.local/lib/python3.7/site-packages/sqlalchemy/sql/ddl.py", line 78, in _execute_on_connection
    self, multiparams, params, execution_options
  File "/home/airflow/.local/lib/python3.7/site-packages/sqlalchemy/engine/base.py", line 1387, in _execute_ddl
    compiled,
  File "/home/airflow/.local/lib/python3.7/site-packages/sqlalchemy/engine/base.py", line 1846, in _execute_context
    e, statement, parameters, cursor, context
  File "/home/airflow/.local/lib/python3.7/site-packages/sqlalchemy/engine/base.py", line 2027, in _handle_dbapi_exception
    sqlalchemy_exception, with_traceback=exc_info[2], from_=e
  File "/home/airflow/.local/lib/python3.7/site-packages/sqlalchemy/util/compat.py", line 207, in raise_
    raise exception
  File "/home/airflow/.local/lib/python3.7/site-packages/sqlalchemy/engine/base.py", line 1803, in _execute_context
    cursor, statement, parameters, context
  File "/home/airflow/.local/lib/python3.7/site-packages/sqlalchemy/engine/default.py", line 719, in do_execute
    cursor.execute(statement, parameters)
sqlalchemy.exc.IntegrityError: (psycopg2.errors.UniqueViolation) duplicate key value violates unique constraint "pg_type_typname_nsp_index"
DETAIL:  Key (typname, typnamespace)=(fraud-data-table, 2200) already exists.

[SQL: 
CREATE TABLE "fraud-data-table" (
	"Transaction ID" TEXT, 
	"Date" TEXT, 
	"Day of Week" TEXT, 
	"Time" BIGINT, 
	"Type of Card" TEXT, 
	"Entry Mode" TEXT, 
	"Amount" TEXT, 
	"Type of Transaction" TEXT, 
	"Merchant Group" TEXT, 
	"Country of Transaction" TEXT, 
	"Shipping Address" TEXT, 
	"Country of Residence" TEXT, 
	"Gender" TEXT, 
	"Age" FLOAT(53), 
	"Bank" TEXT, 
	"Fraud" BIGINT
)

]
(Background on this error at: https://sqlalche.me/e/14/gkpj)
[2024-06-30T09:38:23.670+0000] {taskinstance.py:1412} INFO - Marking task as FAILED. dag_id=Automate_cleaning, task_id=load_raw_data, execution_date=20240620T063000, start_date=20240630T093821, end_date=20240630T093823
[2024-06-30T09:38:23.735+0000] {standard_task_runner.py:97} ERROR - Failed to execute job 4 for task load_raw_data ((psycopg2.errors.UniqueViolation) duplicate key value violates unique constraint "pg_type_typname_nsp_index"
DETAIL:  Key (typname, typnamespace)=(fraud-data-table, 2200) already exists.

[SQL: 
CREATE TABLE "fraud-data-table" (
	"Transaction ID" TEXT, 
	"Date" TEXT, 
	"Day of Week" TEXT, 
	"Time" BIGINT, 
	"Type of Card" TEXT, 
	"Entry Mode" TEXT, 
	"Amount" TEXT, 
	"Type of Transaction" TEXT, 
	"Merchant Group" TEXT, 
	"Country of Transaction" TEXT, 
	"Shipping Address" TEXT, 
	"Country of Residence" TEXT, 
	"Gender" TEXT, 
	"Age" FLOAT(53), 
	"Bank" TEXT, 
	"Fraud" BIGINT
)

]
(Background on this error at: https://sqlalche.me/e/14/gkpj); 211)
[2024-06-30T09:38:23.791+0000] {local_task_job.py:156} INFO - Task exited with return code 1
[2024-06-30T09:38:24.273+0000] {local_task_job.py:279} INFO - 0 downstream tasks scheduled from follow-on schedule check
[2024-06-30T09:55:59.418+0000] {taskinstance.py:1171} INFO - Dependencies all met for <TaskInstance: Automate_cleaning.load_raw_data scheduled__2024-06-20T06:30:00+00:00 [queued]>
[2024-06-30T09:55:59.535+0000] {taskinstance.py:1171} INFO - Dependencies all met for <TaskInstance: Automate_cleaning.load_raw_data scheduled__2024-06-20T06:30:00+00:00 [queued]>
[2024-06-30T09:55:59.538+0000] {taskinstance.py:1368} INFO - 
--------------------------------------------------------------------------------
[2024-06-30T09:55:59.543+0000] {taskinstance.py:1369} INFO - Starting attempt 1 of 1
[2024-06-30T09:55:59.551+0000] {taskinstance.py:1370} INFO - 
--------------------------------------------------------------------------------
[2024-06-30T09:55:59.731+0000] {taskinstance.py:1389} INFO - Executing <Task(PythonOperator): load_raw_data> on 2024-06-20 06:30:00+00:00
[2024-06-30T09:55:59.755+0000] {standard_task_runner.py:52} INFO - Started process 345 to run task
[2024-06-30T09:55:59.783+0000] {standard_task_runner.py:79} INFO - Running: ['***', 'tasks', 'run', 'Automate_cleaning', 'load_raw_data', 'scheduled__2024-06-20T06:30:00+00:00', '--job-id', '5', '--raw', '--subdir', 'DAGS_FOLDER/automate_clean_DAG.py', '--cfg-path', '/tmp/tmp9qz05h3w', '--error-file', '/tmp/tmpp22jy1em']
[2024-06-30T09:55:59.800+0000] {standard_task_runner.py:80} INFO - Job 5: Subtask load_raw_data
[2024-06-30T09:56:00.056+0000] {task_command.py:371} INFO - Running <TaskInstance: Automate_cleaning.load_raw_data scheduled__2024-06-20T06:30:00+00:00 [running]> on host 80cef885917b
[2024-06-30T09:56:00.478+0000] {taskinstance.py:1583} INFO - Exporting the following env vars:
AIRFLOW_CTX_DAG_OWNER=devi_nirfana
AIRFLOW_CTX_DAG_ID=Automate_cleaning
AIRFLOW_CTX_TASK_ID=load_raw_data
AIRFLOW_CTX_EXECUTION_DATE=2024-06-20T06:30:00+00:00
AIRFLOW_CTX_TRY_NUMBER=1
AIRFLOW_CTX_DAG_RUN_ID=scheduled__2024-06-20T06:30:00+00:00
[2024-06-30T09:56:35.200+0000] {python.py:173} INFO - Done. Returned value was: None
[2024-06-30T09:56:35.233+0000] {taskinstance.py:1412} INFO - Marking task as SUCCESS. dag_id=Automate_cleaning, task_id=load_raw_data, execution_date=20240620T063000, start_date=20240630T095559, end_date=20240630T095635
[2024-06-30T09:56:35.497+0000] {local_task_job.py:156} INFO - Task exited with return code 0
[2024-06-30T09:56:36.232+0000] {local_task_job.py:279} INFO - 0 downstream tasks scheduled from follow-on schedule check
