[2024-06-30T09:33:41.317+0000] {taskinstance.py:1171} INFO - Dependencies all met for <TaskInstance: Automate_cleaning.load_raw_data scheduled__2024-06-29T06:30:00+00:00 [queued]>
[2024-06-30T09:33:41.390+0000] {taskinstance.py:1171} INFO - Dependencies all met for <TaskInstance: Automate_cleaning.load_raw_data scheduled__2024-06-29T06:30:00+00:00 [queued]>
[2024-06-30T09:33:41.398+0000] {taskinstance.py:1368} INFO - 
--------------------------------------------------------------------------------
[2024-06-30T09:33:41.399+0000] {taskinstance.py:1369} INFO - Starting attempt 1 of 1
[2024-06-30T09:33:41.399+0000] {taskinstance.py:1370} INFO - 
--------------------------------------------------------------------------------
[2024-06-30T09:33:41.472+0000] {taskinstance.py:1389} INFO - Executing <Task(PythonOperator): load_raw_data> on 2024-06-29 06:30:00+00:00
[2024-06-30T09:33:41.498+0000] {standard_task_runner.py:52} INFO - Started process 235 to run task
[2024-06-30T09:33:41.506+0000] {standard_task_runner.py:79} INFO - Running: ['***', 'tasks', 'run', 'Automate_cleaning', 'load_raw_data', 'scheduled__2024-06-29T06:30:00+00:00', '--job-id', '13', '--raw', '--subdir', 'DAGS_FOLDER/automate_clean_DAG.py', '--cfg-path', '/tmp/tmpv_4lguag', '--error-file', '/tmp/tmpbyxekhy4']
[2024-06-30T09:33:41.511+0000] {standard_task_runner.py:80} INFO - Job 13: Subtask load_raw_data
[2024-06-30T09:33:41.780+0000] {task_command.py:371} INFO - Running <TaskInstance: Automate_cleaning.load_raw_data scheduled__2024-06-29T06:30:00+00:00 [running]> on host 7ad299a7fc17
[2024-06-30T09:33:42.209+0000] {taskinstance.py:1583} INFO - Exporting the following env vars:
AIRFLOW_CTX_DAG_OWNER=devi_nirfana
AIRFLOW_CTX_DAG_ID=Automate_cleaning
AIRFLOW_CTX_TASK_ID=load_raw_data
AIRFLOW_CTX_EXECUTION_DATE=2024-06-29T06:30:00+00:00
AIRFLOW_CTX_TRY_NUMBER=1
AIRFLOW_CTX_DAG_RUN_ID=scheduled__2024-06-29T06:30:00+00:00
[2024-06-30T09:34:15.904+0000] {python.py:173} INFO - Done. Returned value was: None
[2024-06-30T09:34:15.995+0000] {taskinstance.py:1412} INFO - Marking task as SUCCESS. dag_id=Automate_cleaning, task_id=load_raw_data, execution_date=20240629T063000, start_date=20240630T093341, end_date=20240630T093415
[2024-06-30T09:34:16.093+0000] {local_task_job.py:156} INFO - Task exited with return code 0
[2024-06-30T09:34:16.409+0000] {local_task_job.py:279} INFO - 0 downstream tasks scheduled from follow-on schedule check
[2024-06-30T09:38:26.703+0000] {taskinstance.py:1171} INFO - Dependencies all met for <TaskInstance: Automate_cleaning.load_raw_data scheduled__2024-06-29T06:30:00+00:00 [queued]>
[2024-06-30T09:38:26.762+0000] {taskinstance.py:1171} INFO - Dependencies all met for <TaskInstance: Automate_cleaning.load_raw_data scheduled__2024-06-29T06:30:00+00:00 [queued]>
[2024-06-30T09:38:26.768+0000] {taskinstance.py:1368} INFO - 
--------------------------------------------------------------------------------
[2024-06-30T09:38:26.769+0000] {taskinstance.py:1369} INFO - Starting attempt 1 of 1
[2024-06-30T09:38:26.770+0000] {taskinstance.py:1370} INFO - 
--------------------------------------------------------------------------------
[2024-06-30T09:38:26.830+0000] {taskinstance.py:1389} INFO - Executing <Task(PythonOperator): load_raw_data> on 2024-06-29 06:30:00+00:00
[2024-06-30T09:38:26.868+0000] {standard_task_runner.py:52} INFO - Started process 229 to run task
[2024-06-30T09:38:26.864+0000] {standard_task_runner.py:79} INFO - Running: ['***', 'tasks', 'run', 'Automate_cleaning', 'load_raw_data', 'scheduled__2024-06-29T06:30:00+00:00', '--job-id', '13', '--raw', '--subdir', 'DAGS_FOLDER/automate_clean_DAG.py', '--cfg-path', '/tmp/tmpb_qehss2', '--error-file', '/tmp/tmp9fo4fy47']
[2024-06-30T09:38:26.870+0000] {standard_task_runner.py:80} INFO - Job 13: Subtask load_raw_data
[2024-06-30T09:38:27.061+0000] {task_command.py:371} INFO - Running <TaskInstance: Automate_cleaning.load_raw_data scheduled__2024-06-29T06:30:00+00:00 [running]> on host 3e5e5d011624
[2024-06-30T09:38:27.278+0000] {taskinstance.py:1583} INFO - Exporting the following env vars:
AIRFLOW_CTX_DAG_OWNER=devi_nirfana
AIRFLOW_CTX_DAG_ID=Automate_cleaning
AIRFLOW_CTX_TASK_ID=load_raw_data
AIRFLOW_CTX_EXECUTION_DATE=2024-06-29T06:30:00+00:00
AIRFLOW_CTX_TRY_NUMBER=1
AIRFLOW_CTX_DAG_RUN_ID=scheduled__2024-06-29T06:30:00+00:00
[2024-06-30T09:38:57.021+0000] {python.py:173} INFO - Done. Returned value was: None
[2024-06-30T09:38:57.102+0000] {taskinstance.py:1412} INFO - Marking task as SUCCESS. dag_id=Automate_cleaning, task_id=load_raw_data, execution_date=20240629T063000, start_date=20240630T093826, end_date=20240630T093857
[2024-06-30T09:38:57.211+0000] {local_task_job.py:156} INFO - Task exited with return code 0
[2024-06-30T09:38:57.384+0000] {local_task_job.py:279} INFO - 1 downstream tasks scheduled from follow-on schedule check
[2024-06-30T09:56:04.582+0000] {taskinstance.py:1171} INFO - Dependencies all met for <TaskInstance: Automate_cleaning.load_raw_data scheduled__2024-06-29T06:30:00+00:00 [queued]>
[2024-06-30T09:56:04.734+0000] {taskinstance.py:1171} INFO - Dependencies all met for <TaskInstance: Automate_cleaning.load_raw_data scheduled__2024-06-29T06:30:00+00:00 [queued]>
[2024-06-30T09:56:04.737+0000] {taskinstance.py:1368} INFO - 
--------------------------------------------------------------------------------
[2024-06-30T09:56:04.737+0000] {taskinstance.py:1369} INFO - Starting attempt 1 of 1
[2024-06-30T09:56:04.738+0000] {taskinstance.py:1370} INFO - 
--------------------------------------------------------------------------------
[2024-06-30T09:56:04.842+0000] {taskinstance.py:1389} INFO - Executing <Task(PythonOperator): load_raw_data> on 2024-06-29 06:30:00+00:00
[2024-06-30T09:56:04.870+0000] {standard_task_runner.py:52} INFO - Started process 359 to run task
[2024-06-30T09:56:04.892+0000] {standard_task_runner.py:79} INFO - Running: ['***', 'tasks', 'run', 'Automate_cleaning', 'load_raw_data', 'scheduled__2024-06-29T06:30:00+00:00', '--job-id', '14', '--raw', '--subdir', 'DAGS_FOLDER/automate_clean_DAG.py', '--cfg-path', '/tmp/tmpvj4h_4fd', '--error-file', '/tmp/tmp7e04ncsq']
[2024-06-30T09:56:04.924+0000] {standard_task_runner.py:80} INFO - Job 14: Subtask load_raw_data
[2024-06-30T09:56:05.353+0000] {task_command.py:371} INFO - Running <TaskInstance: Automate_cleaning.load_raw_data scheduled__2024-06-29T06:30:00+00:00 [running]> on host 80cef885917b
[2024-06-30T09:56:05.914+0000] {taskinstance.py:1583} INFO - Exporting the following env vars:
AIRFLOW_CTX_DAG_OWNER=devi_nirfana
AIRFLOW_CTX_DAG_ID=Automate_cleaning
AIRFLOW_CTX_TASK_ID=load_raw_data
AIRFLOW_CTX_EXECUTION_DATE=2024-06-29T06:30:00+00:00
AIRFLOW_CTX_TRY_NUMBER=1
AIRFLOW_CTX_DAG_RUN_ID=scheduled__2024-06-29T06:30:00+00:00
[2024-06-30T09:56:43.031+0000] {python.py:173} INFO - Done. Returned value was: None
[2024-06-30T09:56:43.085+0000] {taskinstance.py:1412} INFO - Marking task as SUCCESS. dag_id=Automate_cleaning, task_id=load_raw_data, execution_date=20240629T063000, start_date=20240630T095604, end_date=20240630T095643
[2024-06-30T09:56:43.227+0000] {local_task_job.py:156} INFO - Task exited with return code 0
[2024-06-30T09:56:43.517+0000] {local_task_job.py:279} INFO - 0 downstream tasks scheduled from follow-on schedule check
