[2024-06-30T09:32:37.220+0000] {processor.py:153} INFO - Started process (PID=181) to work on /opt/airflow/dags/automate_clean_DAG.py
[2024-06-30T09:32:37.221+0000] {processor.py:640} INFO - Processing file /opt/airflow/dags/automate_clean_DAG.py for tasks to queue
[2024-06-30T09:32:37.222+0000] {logging_mixin.py:115} INFO - [2024-06-30T09:32:37.222+0000] {dagbag.py:508} INFO - Filling up the DagBag from /opt/airflow/dags/automate_clean_DAG.py
[2024-06-30T09:32:37.647+0000] {processor.py:650} INFO - DAG(s) dict_keys(['Automate_cleaning']) retrieved from /opt/airflow/dags/automate_clean_DAG.py
[2024-06-30T09:32:37.731+0000] {logging_mixin.py:115} INFO - [2024-06-30T09:32:37.731+0000] {manager.py:508} INFO - Created Permission View: can read on DAG:Automate_cleaning
[2024-06-30T09:32:37.746+0000] {logging_mixin.py:115} INFO - [2024-06-30T09:32:37.745+0000] {manager.py:508} INFO - Created Permission View: can edit on DAG:Automate_cleaning
[2024-06-30T09:32:37.755+0000] {logging_mixin.py:115} INFO - [2024-06-30T09:32:37.755+0000] {manager.py:508} INFO - Created Permission View: can delete on DAG:Automate_cleaning
[2024-06-30T09:32:37.756+0000] {logging_mixin.py:115} INFO - [2024-06-30T09:32:37.756+0000] {dag.py:2429} INFO - Sync 1 DAGs
[2024-06-30T09:32:37.766+0000] {logging_mixin.py:115} INFO - [2024-06-30T09:32:37.765+0000] {dag.py:2448} INFO - Creating ORM DAG for Automate_cleaning
[2024-06-30T09:32:37.780+0000] {logging_mixin.py:115} INFO - [2024-06-30T09:32:37.780+0000] {dag.py:2981} INFO - Setting next_dagrun for Automate_cleaning to 2024-06-19T06:30:00+00:00, run_after=2024-06-20T06:30:00+00:00
[2024-06-30T09:32:37.796+0000] {processor.py:161} INFO - Processing /opt/airflow/dags/automate_clean_DAG.py took 0.580 seconds
[2024-06-30T09:33:07.939+0000] {processor.py:153} INFO - Started process (PID=188) to work on /opt/airflow/dags/automate_clean_DAG.py
[2024-06-30T09:33:07.940+0000] {processor.py:640} INFO - Processing file /opt/airflow/dags/automate_clean_DAG.py for tasks to queue
[2024-06-30T09:33:07.941+0000] {logging_mixin.py:115} INFO - [2024-06-30T09:33:07.941+0000] {dagbag.py:508} INFO - Filling up the DagBag from /opt/airflow/dags/automate_clean_DAG.py
[2024-06-30T09:33:08.370+0000] {processor.py:650} INFO - DAG(s) dict_keys(['Automate_cleaning']) retrieved from /opt/airflow/dags/automate_clean_DAG.py
[2024-06-30T09:33:08.399+0000] {logging_mixin.py:115} INFO - [2024-06-30T09:33:08.398+0000] {dag.py:2429} INFO - Sync 1 DAGs
[2024-06-30T09:33:08.426+0000] {logging_mixin.py:115} INFO - [2024-06-30T09:33:08.426+0000] {dag.py:2981} INFO - Setting next_dagrun for Automate_cleaning to 2024-06-19T06:30:00+00:00, run_after=2024-06-20T06:30:00+00:00
[2024-06-30T09:33:08.440+0000] {processor.py:161} INFO - Processing /opt/airflow/dags/automate_clean_DAG.py took 0.505 seconds
[2024-06-30T09:33:38.517+0000] {processor.py:153} INFO - Started process (PID=221) to work on /opt/airflow/dags/automate_clean_DAG.py
[2024-06-30T09:33:38.518+0000] {processor.py:640} INFO - Processing file /opt/airflow/dags/automate_clean_DAG.py for tasks to queue
[2024-06-30T09:33:38.522+0000] {logging_mixin.py:115} INFO - [2024-06-30T09:33:38.522+0000] {dagbag.py:508} INFO - Filling up the DagBag from /opt/airflow/dags/automate_clean_DAG.py
[2024-06-30T09:33:40.381+0000] {processor.py:650} INFO - DAG(s) dict_keys(['Automate_cleaning']) retrieved from /opt/airflow/dags/automate_clean_DAG.py
[2024-06-30T09:33:40.466+0000] {logging_mixin.py:115} INFO - [2024-06-30T09:33:40.462+0000] {dag.py:2429} INFO - Sync 1 DAGs
[2024-06-30T09:33:40.569+0000] {logging_mixin.py:115} INFO - [2024-06-30T09:33:40.569+0000] {dag.py:2981} INFO - Setting next_dagrun for Automate_cleaning to 2024-06-30T06:30:00+00:00, run_after=2024-07-01T06:30:00+00:00
[2024-06-30T09:33:40.636+0000] {processor.py:161} INFO - Processing /opt/airflow/dags/automate_clean_DAG.py took 2.131 seconds
[2024-06-30T09:34:11.395+0000] {processor.py:153} INFO - Started process (PID=238) to work on /opt/airflow/dags/automate_clean_DAG.py
[2024-06-30T09:34:11.397+0000] {processor.py:640} INFO - Processing file /opt/airflow/dags/automate_clean_DAG.py for tasks to queue
[2024-06-30T09:34:11.404+0000] {logging_mixin.py:115} INFO - [2024-06-30T09:34:11.404+0000] {dagbag.py:508} INFO - Filling up the DagBag from /opt/airflow/dags/automate_clean_DAG.py
[2024-06-30T09:34:12.936+0000] {processor.py:650} INFO - DAG(s) dict_keys(['Automate_cleaning']) retrieved from /opt/airflow/dags/automate_clean_DAG.py
[2024-06-30T09:34:13.162+0000] {logging_mixin.py:115} INFO - [2024-06-30T09:34:13.161+0000] {dag.py:2429} INFO - Sync 1 DAGs
[2024-06-30T09:34:13.369+0000] {logging_mixin.py:115} INFO - [2024-06-30T09:34:13.367+0000] {dag.py:2981} INFO - Setting next_dagrun for Automate_cleaning to 2024-06-30T06:30:00+00:00, run_after=2024-07-01T06:30:00+00:00
[2024-06-30T09:34:13.618+0000] {processor.py:161} INFO - Processing /opt/airflow/dags/automate_clean_DAG.py took 2.245 seconds
[2024-06-30T09:34:44.885+0000] {processor.py:153} INFO - Started process (PID=272) to work on /opt/airflow/dags/automate_clean_DAG.py
[2024-06-30T09:34:44.912+0000] {processor.py:640} INFO - Processing file /opt/airflow/dags/automate_clean_DAG.py for tasks to queue
[2024-06-30T09:34:44.943+0000] {logging_mixin.py:115} INFO - [2024-06-30T09:34:44.942+0000] {dagbag.py:508} INFO - Filling up the DagBag from /opt/airflow/dags/automate_clean_DAG.py
[2024-06-30T09:34:47.607+0000] {processor.py:650} INFO - DAG(s) dict_keys(['Automate_cleaning']) retrieved from /opt/airflow/dags/automate_clean_DAG.py
[2024-06-30T09:34:47.710+0000] {logging_mixin.py:115} INFO - [2024-06-30T09:34:47.709+0000] {dag.py:2429} INFO - Sync 1 DAGs
[2024-06-30T09:34:47.800+0000] {logging_mixin.py:115} INFO - [2024-06-30T09:34:47.799+0000] {dag.py:2981} INFO - Setting next_dagrun for Automate_cleaning to 2024-06-30T06:30:00+00:00, run_after=2024-07-01T06:30:00+00:00
[2024-06-30T09:34:47.847+0000] {processor.py:161} INFO - Processing /opt/airflow/dags/automate_clean_DAG.py took 2.978 seconds
[2024-06-30T09:35:17.352+0000] {processor.py:153} INFO - Started process (PID=281) to work on /opt/airflow/dags/automate_clean_DAG.py
[2024-06-30T09:35:17.356+0000] {processor.py:640} INFO - Processing file /opt/airflow/dags/automate_clean_DAG.py for tasks to queue
[2024-06-30T09:35:17.358+0000] {logging_mixin.py:115} INFO - [2024-06-30T09:35:17.357+0000] {dagbag.py:508} INFO - Filling up the DagBag from /opt/airflow/dags/automate_clean_DAG.py
[2024-06-30T09:35:18.167+0000] {processor.py:650} INFO - DAG(s) dict_keys(['Automate_cleaning']) retrieved from /opt/airflow/dags/automate_clean_DAG.py
[2024-06-30T09:35:18.205+0000] {logging_mixin.py:115} INFO - [2024-06-30T09:35:18.204+0000] {dag.py:2429} INFO - Sync 1 DAGs
[2024-06-30T09:35:18.239+0000] {logging_mixin.py:115} INFO - [2024-06-30T09:35:18.239+0000] {dag.py:2981} INFO - Setting next_dagrun for Automate_cleaning to 2024-06-30T06:30:00+00:00, run_after=2024-07-01T06:30:00+00:00
[2024-06-30T09:35:18.259+0000] {processor.py:161} INFO - Processing /opt/airflow/dags/automate_clean_DAG.py took 0.914 seconds
[2024-06-30T09:35:22.331+0000] {processor.py:153} INFO - Started process (PID=287) to work on /opt/airflow/dags/automate_clean_DAG.py
[2024-06-30T09:35:22.333+0000] {processor.py:640} INFO - Processing file /opt/airflow/dags/automate_clean_DAG.py for tasks to queue
[2024-06-30T09:35:22.336+0000] {logging_mixin.py:115} INFO - [2024-06-30T09:35:22.336+0000] {dagbag.py:508} INFO - Filling up the DagBag from /opt/airflow/dags/automate_clean_DAG.py
[2024-06-30T09:35:22.982+0000] {processor.py:650} INFO - DAG(s) dict_keys(['Automate_cleaning']) retrieved from /opt/airflow/dags/automate_clean_DAG.py
[2024-06-30T09:35:23.006+0000] {logging_mixin.py:115} INFO - [2024-06-30T09:35:23.005+0000] {dag.py:2429} INFO - Sync 1 DAGs
[2024-06-30T09:35:23.048+0000] {logging_mixin.py:115} INFO - [2024-06-30T09:35:23.047+0000] {dag.py:2981} INFO - Setting next_dagrun for Automate_cleaning to 2024-06-30T06:30:00+00:00, run_after=2024-07-01T06:30:00+00:00
[2024-06-30T09:35:23.074+0000] {processor.py:161} INFO - Processing /opt/airflow/dags/automate_clean_DAG.py took 0.747 seconds
[2024-06-30T09:35:25.121+0000] {processor.py:153} INFO - Started process (PID=293) to work on /opt/airflow/dags/automate_clean_DAG.py
[2024-06-30T09:35:25.123+0000] {processor.py:640} INFO - Processing file /opt/airflow/dags/automate_clean_DAG.py for tasks to queue
[2024-06-30T09:35:25.124+0000] {logging_mixin.py:115} INFO - [2024-06-30T09:35:25.124+0000] {dagbag.py:508} INFO - Filling up the DagBag from /opt/airflow/dags/automate_clean_DAG.py
[2024-06-30T09:35:25.553+0000] {processor.py:650} INFO - DAG(s) dict_keys(['Automate_cleaning']) retrieved from /opt/airflow/dags/automate_clean_DAG.py
[2024-06-30T09:35:25.576+0000] {logging_mixin.py:115} INFO - [2024-06-30T09:35:25.576+0000] {dag.py:2429} INFO - Sync 1 DAGs
[2024-06-30T09:35:25.597+0000] {logging_mixin.py:115} INFO - [2024-06-30T09:35:25.597+0000] {dag.py:2981} INFO - Setting next_dagrun for Automate_cleaning to 2024-06-30T06:30:00+00:00, run_after=2024-07-01T06:30:00+00:00
[2024-06-30T09:35:25.616+0000] {processor.py:161} INFO - Processing /opt/airflow/dags/automate_clean_DAG.py took 0.499 seconds
[2024-06-30T09:35:27.381+0000] {processor.py:153} INFO - Started process (PID=299) to work on /opt/airflow/dags/automate_clean_DAG.py
[2024-06-30T09:35:27.384+0000] {processor.py:640} INFO - Processing file /opt/airflow/dags/automate_clean_DAG.py for tasks to queue
[2024-06-30T09:35:27.387+0000] {logging_mixin.py:115} INFO - [2024-06-30T09:35:27.387+0000] {dagbag.py:508} INFO - Filling up the DagBag from /opt/airflow/dags/automate_clean_DAG.py
[2024-06-30T09:35:28.013+0000] {processor.py:650} INFO - DAG(s) dict_keys(['Automate_cleaning']) retrieved from /opt/airflow/dags/automate_clean_DAG.py
[2024-06-30T09:35:28.055+0000] {logging_mixin.py:115} INFO - [2024-06-30T09:35:28.054+0000] {dag.py:2429} INFO - Sync 1 DAGs
[2024-06-30T09:35:28.108+0000] {logging_mixin.py:115} INFO - [2024-06-30T09:35:28.108+0000] {dag.py:2981} INFO - Setting next_dagrun for Automate_cleaning to 2024-06-30T06:30:00+00:00, run_after=2024-07-01T06:30:00+00:00
[2024-06-30T09:35:28.152+0000] {processor.py:161} INFO - Processing /opt/airflow/dags/automate_clean_DAG.py took 0.779 seconds
[2024-06-30T09:35:36.285+0000] {processor.py:153} INFO - Started process (PID=313) to work on /opt/airflow/dags/automate_clean_DAG.py
[2024-06-30T09:35:36.286+0000] {processor.py:640} INFO - Processing file /opt/airflow/dags/automate_clean_DAG.py for tasks to queue
[2024-06-30T09:35:36.288+0000] {logging_mixin.py:115} INFO - [2024-06-30T09:35:36.288+0000] {dagbag.py:508} INFO - Filling up the DagBag from /opt/airflow/dags/automate_clean_DAG.py
[2024-06-30T09:35:37.072+0000] {processor.py:650} INFO - DAG(s) dict_keys(['Automate_cleaning']) retrieved from /opt/airflow/dags/automate_clean_DAG.py
[2024-06-30T09:35:37.123+0000] {logging_mixin.py:115} INFO - [2024-06-30T09:35:37.123+0000] {dag.py:2429} INFO - Sync 1 DAGs
[2024-06-30T09:35:37.175+0000] {logging_mixin.py:115} INFO - [2024-06-30T09:35:37.175+0000] {dag.py:2981} INFO - Setting next_dagrun for Automate_cleaning to 2024-06-30T06:30:00+00:00, run_after=2024-07-01T06:30:00+00:00
[2024-06-30T09:35:37.280+0000] {processor.py:161} INFO - Processing /opt/airflow/dags/automate_clean_DAG.py took 0.999 seconds
[2024-06-30T09:35:59.350+0000] {processor.py:153} INFO - Started process (PID=323) to work on /opt/airflow/dags/automate_clean_DAG.py
[2024-06-30T09:35:59.352+0000] {processor.py:640} INFO - Processing file /opt/airflow/dags/automate_clean_DAG.py for tasks to queue
[2024-06-30T09:35:59.353+0000] {logging_mixin.py:115} INFO - [2024-06-30T09:35:59.353+0000] {dagbag.py:508} INFO - Filling up the DagBag from /opt/airflow/dags/automate_clean_DAG.py
[2024-06-30T09:35:59.789+0000] {processor.py:650} INFO - DAG(s) dict_keys(['Automate_cleaning']) retrieved from /opt/airflow/dags/automate_clean_DAG.py
[2024-06-30T09:35:59.820+0000] {logging_mixin.py:115} INFO - [2024-06-30T09:35:59.819+0000] {dag.py:2429} INFO - Sync 1 DAGs
[2024-06-30T09:35:59.843+0000] {logging_mixin.py:115} INFO - [2024-06-30T09:35:59.842+0000] {dag.py:2981} INFO - Setting next_dagrun for Automate_cleaning to 2024-06-30T06:30:00+00:00, run_after=2024-07-01T06:30:00+00:00
[2024-06-30T09:35:59.862+0000] {processor.py:161} INFO - Processing /opt/airflow/dags/automate_clean_DAG.py took 0.515 seconds
[2024-06-30T09:36:00.384+0000] {processor.py:153} INFO - Started process (PID=329) to work on /opt/airflow/dags/automate_clean_DAG.py
[2024-06-30T09:36:00.385+0000] {processor.py:640} INFO - Processing file /opt/airflow/dags/automate_clean_DAG.py for tasks to queue
[2024-06-30T09:36:00.386+0000] {logging_mixin.py:115} INFO - [2024-06-30T09:36:00.386+0000] {dagbag.py:508} INFO - Filling up the DagBag from /opt/airflow/dags/automate_clean_DAG.py
[2024-06-30T09:36:00.944+0000] {processor.py:650} INFO - DAG(s) dict_keys(['Automate_cleaning']) retrieved from /opt/airflow/dags/automate_clean_DAG.py
[2024-06-30T09:36:00.986+0000] {logging_mixin.py:115} INFO - [2024-06-30T09:36:00.986+0000] {dag.py:2429} INFO - Sync 1 DAGs
[2024-06-30T09:36:01.010+0000] {logging_mixin.py:115} INFO - [2024-06-30T09:36:01.010+0000] {dag.py:2981} INFO - Setting next_dagrun for Automate_cleaning to 2024-06-30T06:30:00+00:00, run_after=2024-07-01T06:30:00+00:00
[2024-06-30T09:36:01.042+0000] {processor.py:161} INFO - Processing /opt/airflow/dags/automate_clean_DAG.py took 0.663 seconds
[2024-06-30T09:36:01.920+0000] {processor.py:153} INFO - Started process (PID=335) to work on /opt/airflow/dags/automate_clean_DAG.py
[2024-06-30T09:36:01.922+0000] {processor.py:640} INFO - Processing file /opt/airflow/dags/automate_clean_DAG.py for tasks to queue
[2024-06-30T09:36:01.924+0000] {logging_mixin.py:115} INFO - [2024-06-30T09:36:01.924+0000] {dagbag.py:508} INFO - Filling up the DagBag from /opt/airflow/dags/automate_clean_DAG.py
[2024-06-30T09:36:02.403+0000] {processor.py:650} INFO - DAG(s) dict_keys(['Automate_cleaning']) retrieved from /opt/airflow/dags/automate_clean_DAG.py
[2024-06-30T09:36:02.430+0000] {logging_mixin.py:115} INFO - [2024-06-30T09:36:02.430+0000] {dag.py:2429} INFO - Sync 1 DAGs
[2024-06-30T09:36:02.458+0000] {logging_mixin.py:115} INFO - [2024-06-30T09:36:02.457+0000] {dag.py:2981} INFO - Setting next_dagrun for Automate_cleaning to 2024-06-30T06:30:00+00:00, run_after=2024-07-01T06:30:00+00:00
[2024-06-30T09:36:02.475+0000] {processor.py:161} INFO - Processing /opt/airflow/dags/automate_clean_DAG.py took 0.560 seconds
[2024-06-30T09:37:25.576+0000] {processor.py:153} INFO - Started process (PID=181) to work on /opt/airflow/dags/automate_clean_DAG.py
[2024-06-30T09:37:25.577+0000] {processor.py:640} INFO - Processing file /opt/airflow/dags/automate_clean_DAG.py for tasks to queue
[2024-06-30T09:37:25.580+0000] {logging_mixin.py:115} INFO - [2024-06-30T09:37:25.579+0000] {dagbag.py:508} INFO - Filling up the DagBag from /opt/airflow/dags/automate_clean_DAG.py
[2024-06-30T09:37:26.020+0000] {processor.py:650} INFO - DAG(s) dict_keys(['Automate_cleaning']) retrieved from /opt/airflow/dags/automate_clean_DAG.py
[2024-06-30T09:37:26.147+0000] {logging_mixin.py:115} INFO - [2024-06-30T09:37:26.146+0000] {manager.py:508} INFO - Created Permission View: can delete on DAG:Automate_cleaning
[2024-06-30T09:37:26.161+0000] {logging_mixin.py:115} INFO - [2024-06-30T09:37:26.161+0000] {manager.py:508} INFO - Created Permission View: can edit on DAG:Automate_cleaning
[2024-06-30T09:37:26.172+0000] {logging_mixin.py:115} INFO - [2024-06-30T09:37:26.172+0000] {manager.py:508} INFO - Created Permission View: can read on DAG:Automate_cleaning
[2024-06-30T09:37:26.173+0000] {logging_mixin.py:115} INFO - [2024-06-30T09:37:26.173+0000] {dag.py:2429} INFO - Sync 1 DAGs
[2024-06-30T09:37:26.181+0000] {logging_mixin.py:115} INFO - [2024-06-30T09:37:26.181+0000] {dag.py:2448} INFO - Creating ORM DAG for Automate_cleaning
[2024-06-30T09:37:26.198+0000] {logging_mixin.py:115} INFO - [2024-06-30T09:37:26.198+0000] {dag.py:2981} INFO - Setting next_dagrun for Automate_cleaning to 2024-06-19T06:30:00+00:00, run_after=2024-06-20T06:30:00+00:00
[2024-06-30T09:37:26.215+0000] {processor.py:161} INFO - Processing /opt/airflow/dags/automate_clean_DAG.py took 0.642 seconds
[2024-06-30T09:37:56.326+0000] {processor.py:153} INFO - Started process (PID=188) to work on /opt/airflow/dags/automate_clean_DAG.py
[2024-06-30T09:37:56.328+0000] {processor.py:640} INFO - Processing file /opt/airflow/dags/automate_clean_DAG.py for tasks to queue
[2024-06-30T09:37:56.329+0000] {logging_mixin.py:115} INFO - [2024-06-30T09:37:56.329+0000] {dagbag.py:508} INFO - Filling up the DagBag from /opt/airflow/dags/automate_clean_DAG.py
[2024-06-30T09:37:56.758+0000] {processor.py:650} INFO - DAG(s) dict_keys(['Automate_cleaning']) retrieved from /opt/airflow/dags/automate_clean_DAG.py
[2024-06-30T09:37:56.779+0000] {logging_mixin.py:115} INFO - [2024-06-30T09:37:56.779+0000] {dag.py:2429} INFO - Sync 1 DAGs
[2024-06-30T09:37:56.801+0000] {logging_mixin.py:115} INFO - [2024-06-30T09:37:56.800+0000] {dag.py:2981} INFO - Setting next_dagrun for Automate_cleaning to 2024-06-19T06:30:00+00:00, run_after=2024-06-20T06:30:00+00:00
[2024-06-30T09:37:56.813+0000] {processor.py:161} INFO - Processing /opt/airflow/dags/automate_clean_DAG.py took 0.491 seconds
[2024-06-30T09:38:26.953+0000] {processor.py:153} INFO - Started process (PID=230) to work on /opt/airflow/dags/automate_clean_DAG.py
[2024-06-30T09:38:26.962+0000] {processor.py:640} INFO - Processing file /opt/airflow/dags/automate_clean_DAG.py for tasks to queue
[2024-06-30T09:38:26.963+0000] {logging_mixin.py:115} INFO - [2024-06-30T09:38:26.963+0000] {dagbag.py:508} INFO - Filling up the DagBag from /opt/airflow/dags/automate_clean_DAG.py
[2024-06-30T09:38:28.674+0000] {processor.py:650} INFO - DAG(s) dict_keys(['Automate_cleaning']) retrieved from /opt/airflow/dags/automate_clean_DAG.py
[2024-06-30T09:38:28.719+0000] {logging_mixin.py:115} INFO - [2024-06-30T09:38:28.719+0000] {dag.py:2429} INFO - Sync 1 DAGs
[2024-06-30T09:38:28.780+0000] {logging_mixin.py:115} INFO - [2024-06-30T09:38:28.779+0000] {dag.py:2981} INFO - Setting next_dagrun for Automate_cleaning to 2024-06-30T06:30:00+00:00, run_after=2024-07-01T06:30:00+00:00
[2024-06-30T09:38:28.896+0000] {processor.py:161} INFO - Processing /opt/airflow/dags/automate_clean_DAG.py took 1.952 seconds
[2024-06-30T09:38:59.712+0000] {processor.py:153} INFO - Started process (PID=254) to work on /opt/airflow/dags/automate_clean_DAG.py
[2024-06-30T09:38:59.717+0000] {processor.py:640} INFO - Processing file /opt/airflow/dags/automate_clean_DAG.py for tasks to queue
[2024-06-30T09:38:59.718+0000] {logging_mixin.py:115} INFO - [2024-06-30T09:38:59.717+0000] {dagbag.py:508} INFO - Filling up the DagBag from /opt/airflow/dags/automate_clean_DAG.py
[2024-06-30T09:39:01.233+0000] {processor.py:650} INFO - DAG(s) dict_keys(['Automate_cleaning']) retrieved from /opt/airflow/dags/automate_clean_DAG.py
[2024-06-30T09:39:01.342+0000] {logging_mixin.py:115} INFO - [2024-06-30T09:39:01.340+0000] {dag.py:2429} INFO - Sync 1 DAGs
[2024-06-30T09:39:01.576+0000] {logging_mixin.py:115} INFO - [2024-06-30T09:39:01.576+0000] {dag.py:2981} INFO - Setting next_dagrun for Automate_cleaning to 2024-06-30T06:30:00+00:00, run_after=2024-07-01T06:30:00+00:00
[2024-06-30T09:39:01.696+0000] {processor.py:161} INFO - Processing /opt/airflow/dags/automate_clean_DAG.py took 1.993 seconds
[2024-06-30T09:39:31.810+0000] {processor.py:153} INFO - Started process (PID=275) to work on /opt/airflow/dags/automate_clean_DAG.py
[2024-06-30T09:39:31.812+0000] {processor.py:640} INFO - Processing file /opt/airflow/dags/automate_clean_DAG.py for tasks to queue
[2024-06-30T09:39:31.813+0000] {logging_mixin.py:115} INFO - [2024-06-30T09:39:31.813+0000] {dagbag.py:508} INFO - Filling up the DagBag from /opt/airflow/dags/automate_clean_DAG.py
[2024-06-30T09:39:32.232+0000] {processor.py:650} INFO - DAG(s) dict_keys(['Automate_cleaning']) retrieved from /opt/airflow/dags/automate_clean_DAG.py
[2024-06-30T09:39:32.256+0000] {logging_mixin.py:115} INFO - [2024-06-30T09:39:32.255+0000] {dag.py:2429} INFO - Sync 1 DAGs
[2024-06-30T09:39:32.279+0000] {logging_mixin.py:115} INFO - [2024-06-30T09:39:32.279+0000] {dag.py:2981} INFO - Setting next_dagrun for Automate_cleaning to 2024-06-30T06:30:00+00:00, run_after=2024-07-01T06:30:00+00:00
[2024-06-30T09:39:32.293+0000] {processor.py:161} INFO - Processing /opt/airflow/dags/automate_clean_DAG.py took 0.488 seconds
[2024-06-30T09:40:02.416+0000] {processor.py:153} INFO - Started process (PID=281) to work on /opt/airflow/dags/automate_clean_DAG.py
[2024-06-30T09:40:02.418+0000] {processor.py:640} INFO - Processing file /opt/airflow/dags/automate_clean_DAG.py for tasks to queue
[2024-06-30T09:40:02.419+0000] {logging_mixin.py:115} INFO - [2024-06-30T09:40:02.419+0000] {dagbag.py:508} INFO - Filling up the DagBag from /opt/airflow/dags/automate_clean_DAG.py
[2024-06-30T09:40:02.840+0000] {processor.py:650} INFO - DAG(s) dict_keys(['Automate_cleaning']) retrieved from /opt/airflow/dags/automate_clean_DAG.py
[2024-06-30T09:40:02.860+0000] {logging_mixin.py:115} INFO - [2024-06-30T09:40:02.860+0000] {dag.py:2429} INFO - Sync 1 DAGs
[2024-06-30T09:40:02.881+0000] {logging_mixin.py:115} INFO - [2024-06-30T09:40:02.880+0000] {dag.py:2981} INFO - Setting next_dagrun for Automate_cleaning to 2024-06-30T06:30:00+00:00, run_after=2024-07-01T06:30:00+00:00
[2024-06-30T09:40:02.895+0000] {processor.py:161} INFO - Processing /opt/airflow/dags/automate_clean_DAG.py took 0.483 seconds
[2024-06-30T09:40:33.033+0000] {processor.py:153} INFO - Started process (PID=287) to work on /opt/airflow/dags/automate_clean_DAG.py
[2024-06-30T09:40:33.035+0000] {processor.py:640} INFO - Processing file /opt/airflow/dags/automate_clean_DAG.py for tasks to queue
[2024-06-30T09:40:33.036+0000] {logging_mixin.py:115} INFO - [2024-06-30T09:40:33.035+0000] {dagbag.py:508} INFO - Filling up the DagBag from /opt/airflow/dags/automate_clean_DAG.py
[2024-06-30T09:40:33.469+0000] {processor.py:650} INFO - DAG(s) dict_keys(['Automate_cleaning']) retrieved from /opt/airflow/dags/automate_clean_DAG.py
[2024-06-30T09:40:33.498+0000] {logging_mixin.py:115} INFO - [2024-06-30T09:40:33.498+0000] {dag.py:2429} INFO - Sync 1 DAGs
[2024-06-30T09:40:33.541+0000] {logging_mixin.py:115} INFO - [2024-06-30T09:40:33.541+0000] {dag.py:2981} INFO - Setting next_dagrun for Automate_cleaning to 2024-06-30T06:30:00+00:00, run_after=2024-07-01T06:30:00+00:00
[2024-06-30T09:40:33.560+0000] {processor.py:161} INFO - Processing /opt/airflow/dags/automate_clean_DAG.py took 0.530 seconds
[2024-06-30T09:40:50.594+0000] {processor.py:153} INFO - Started process (PID=293) to work on /opt/airflow/dags/automate_clean_DAG.py
[2024-06-30T09:40:50.595+0000] {processor.py:640} INFO - Processing file /opt/airflow/dags/automate_clean_DAG.py for tasks to queue
[2024-06-30T09:40:50.597+0000] {logging_mixin.py:115} INFO - [2024-06-30T09:40:50.596+0000] {dagbag.py:508} INFO - Filling up the DagBag from /opt/airflow/dags/automate_clean_DAG.py
[2024-06-30T09:40:51.065+0000] {processor.py:650} INFO - DAG(s) dict_keys(['Automate_cleaning']) retrieved from /opt/airflow/dags/automate_clean_DAG.py
[2024-06-30T09:40:51.125+0000] {logging_mixin.py:115} INFO - [2024-06-30T09:40:51.124+0000] {dag.py:2429} INFO - Sync 1 DAGs
[2024-06-30T09:40:51.145+0000] {logging_mixin.py:115} INFO - [2024-06-30T09:40:51.145+0000] {dag.py:2981} INFO - Setting next_dagrun for Automate_cleaning to 2024-06-30T06:30:00+00:00, run_after=2024-07-01T06:30:00+00:00
[2024-06-30T09:40:51.163+0000] {processor.py:161} INFO - Processing /opt/airflow/dags/automate_clean_DAG.py took 0.573 seconds
[2024-06-30T09:41:00.229+0000] {processor.py:153} INFO - Started process (PID=299) to work on /opt/airflow/dags/automate_clean_DAG.py
[2024-06-30T09:41:00.231+0000] {processor.py:640} INFO - Processing file /opt/airflow/dags/automate_clean_DAG.py for tasks to queue
[2024-06-30T09:41:00.232+0000] {logging_mixin.py:115} INFO - [2024-06-30T09:41:00.232+0000] {dagbag.py:508} INFO - Filling up the DagBag from /opt/airflow/dags/automate_clean_DAG.py
[2024-06-30T09:41:00.714+0000] {processor.py:650} INFO - DAG(s) dict_keys(['Automate_cleaning']) retrieved from /opt/airflow/dags/automate_clean_DAG.py
[2024-06-30T09:41:00.730+0000] {logging_mixin.py:115} INFO - [2024-06-30T09:41:00.730+0000] {dag.py:2429} INFO - Sync 1 DAGs
[2024-06-30T09:41:00.751+0000] {logging_mixin.py:115} INFO - [2024-06-30T09:41:00.751+0000] {dag.py:2981} INFO - Setting next_dagrun for Automate_cleaning to 2024-06-30T06:30:00+00:00, run_after=2024-07-01T06:30:00+00:00
[2024-06-30T09:41:00.767+0000] {processor.py:161} INFO - Processing /opt/airflow/dags/automate_clean_DAG.py took 0.542 seconds
[2024-06-30T09:41:09.701+0000] {processor.py:153} INFO - Started process (PID=305) to work on /opt/airflow/dags/automate_clean_DAG.py
[2024-06-30T09:41:09.702+0000] {processor.py:640} INFO - Processing file /opt/airflow/dags/automate_clean_DAG.py for tasks to queue
[2024-06-30T09:41:09.703+0000] {logging_mixin.py:115} INFO - [2024-06-30T09:41:09.703+0000] {dagbag.py:508} INFO - Filling up the DagBag from /opt/airflow/dags/automate_clean_DAG.py
[2024-06-30T09:41:10.160+0000] {processor.py:650} INFO - DAG(s) dict_keys(['Automate_cleaning']) retrieved from /opt/airflow/dags/automate_clean_DAG.py
[2024-06-30T09:41:10.177+0000] {logging_mixin.py:115} INFO - [2024-06-30T09:41:10.176+0000] {dag.py:2429} INFO - Sync 1 DAGs
[2024-06-30T09:41:10.205+0000] {logging_mixin.py:115} INFO - [2024-06-30T09:41:10.205+0000] {dag.py:2981} INFO - Setting next_dagrun for Automate_cleaning to 2024-06-30T06:30:00+00:00, run_after=2024-07-01T06:30:00+00:00
[2024-06-30T09:41:10.223+0000] {processor.py:161} INFO - Processing /opt/airflow/dags/automate_clean_DAG.py took 0.525 seconds
[2024-06-30T09:41:40.369+0000] {processor.py:153} INFO - Started process (PID=311) to work on /opt/airflow/dags/automate_clean_DAG.py
[2024-06-30T09:41:40.371+0000] {processor.py:640} INFO - Processing file /opt/airflow/dags/automate_clean_DAG.py for tasks to queue
[2024-06-30T09:41:40.372+0000] {logging_mixin.py:115} INFO - [2024-06-30T09:41:40.372+0000] {dagbag.py:508} INFO - Filling up the DagBag from /opt/airflow/dags/automate_clean_DAG.py
[2024-06-30T09:41:40.783+0000] {processor.py:650} INFO - DAG(s) dict_keys(['Automate_cleaning']) retrieved from /opt/airflow/dags/automate_clean_DAG.py
[2024-06-30T09:41:40.809+0000] {logging_mixin.py:115} INFO - [2024-06-30T09:41:40.808+0000] {dag.py:2429} INFO - Sync 1 DAGs
[2024-06-30T09:41:40.831+0000] {logging_mixin.py:115} INFO - [2024-06-30T09:41:40.830+0000] {dag.py:2981} INFO - Setting next_dagrun for Automate_cleaning to 2024-06-30T06:30:00+00:00, run_after=2024-07-01T06:30:00+00:00
[2024-06-30T09:41:40.845+0000] {processor.py:161} INFO - Processing /opt/airflow/dags/automate_clean_DAG.py took 0.482 seconds
[2024-06-30T09:42:10.971+0000] {processor.py:153} INFO - Started process (PID=317) to work on /opt/airflow/dags/automate_clean_DAG.py
[2024-06-30T09:42:10.973+0000] {processor.py:640} INFO - Processing file /opt/airflow/dags/automate_clean_DAG.py for tasks to queue
[2024-06-30T09:42:10.974+0000] {logging_mixin.py:115} INFO - [2024-06-30T09:42:10.974+0000] {dagbag.py:508} INFO - Filling up the DagBag from /opt/airflow/dags/automate_clean_DAG.py
[2024-06-30T09:42:11.438+0000] {processor.py:650} INFO - DAG(s) dict_keys(['Automate_cleaning']) retrieved from /opt/airflow/dags/automate_clean_DAG.py
[2024-06-30T09:42:11.458+0000] {logging_mixin.py:115} INFO - [2024-06-30T09:42:11.458+0000] {dag.py:2429} INFO - Sync 1 DAGs
[2024-06-30T09:42:11.479+0000] {logging_mixin.py:115} INFO - [2024-06-30T09:42:11.478+0000] {dag.py:2981} INFO - Setting next_dagrun for Automate_cleaning to 2024-06-30T06:30:00+00:00, run_after=2024-07-01T06:30:00+00:00
[2024-06-30T09:42:11.492+0000] {processor.py:161} INFO - Processing /opt/airflow/dags/automate_clean_DAG.py took 0.526 seconds
[2024-06-30T09:42:16.511+0000] {processor.py:153} INFO - Started process (PID=323) to work on /opt/airflow/dags/automate_clean_DAG.py
[2024-06-30T09:42:16.513+0000] {processor.py:640} INFO - Processing file /opt/airflow/dags/automate_clean_DAG.py for tasks to queue
[2024-06-30T09:42:16.514+0000] {logging_mixin.py:115} INFO - [2024-06-30T09:42:16.514+0000] {dagbag.py:508} INFO - Filling up the DagBag from /opt/airflow/dags/automate_clean_DAG.py
[2024-06-30T09:42:17.103+0000] {processor.py:650} INFO - DAG(s) dict_keys(['Automate_cleaning']) retrieved from /opt/airflow/dags/automate_clean_DAG.py
[2024-06-30T09:42:17.133+0000] {logging_mixin.py:115} INFO - [2024-06-30T09:42:17.132+0000] {dag.py:2429} INFO - Sync 1 DAGs
[2024-06-30T09:42:17.160+0000] {logging_mixin.py:115} INFO - [2024-06-30T09:42:17.160+0000] {dag.py:2981} INFO - Setting next_dagrun for Automate_cleaning to 2024-06-30T06:30:00+00:00, run_after=2024-07-01T06:30:00+00:00
[2024-06-30T09:42:17.177+0000] {processor.py:161} INFO - Processing /opt/airflow/dags/automate_clean_DAG.py took 0.670 seconds
[2024-06-30T09:42:47.313+0000] {processor.py:153} INFO - Started process (PID=335) to work on /opt/airflow/dags/automate_clean_DAG.py
[2024-06-30T09:42:47.315+0000] {processor.py:640} INFO - Processing file /opt/airflow/dags/automate_clean_DAG.py for tasks to queue
[2024-06-30T09:42:47.316+0000] {logging_mixin.py:115} INFO - [2024-06-30T09:42:47.316+0000] {dagbag.py:508} INFO - Filling up the DagBag from /opt/airflow/dags/automate_clean_DAG.py
[2024-06-30T09:42:47.719+0000] {processor.py:650} INFO - DAG(s) dict_keys(['Automate_cleaning']) retrieved from /opt/airflow/dags/automate_clean_DAG.py
[2024-06-30T09:42:47.743+0000] {logging_mixin.py:115} INFO - [2024-06-30T09:42:47.742+0000] {dag.py:2429} INFO - Sync 1 DAGs
[2024-06-30T09:42:47.764+0000] {logging_mixin.py:115} INFO - [2024-06-30T09:42:47.764+0000] {dag.py:2981} INFO - Setting next_dagrun for Automate_cleaning to 2024-06-30T06:30:00+00:00, run_after=2024-07-01T06:30:00+00:00
[2024-06-30T09:42:47.777+0000] {processor.py:161} INFO - Processing /opt/airflow/dags/automate_clean_DAG.py took 0.470 seconds
[2024-06-30T09:44:26.944+0000] {processor.py:153} INFO - Started process (PID=182) to work on /opt/airflow/dags/automate_clean_DAG.py
[2024-06-30T09:44:26.945+0000] {processor.py:640} INFO - Processing file /opt/airflow/dags/automate_clean_DAG.py for tasks to queue
[2024-06-30T09:44:26.946+0000] {logging_mixin.py:115} INFO - [2024-06-30T09:44:26.946+0000] {dagbag.py:508} INFO - Filling up the DagBag from /opt/airflow/dags/automate_clean_DAG.py
[2024-06-30T09:44:27.440+0000] {processor.py:650} INFO - DAG(s) dict_keys(['Automate_cleaning']) retrieved from /opt/airflow/dags/automate_clean_DAG.py
[2024-06-30T09:44:27.528+0000] {logging_mixin.py:115} INFO - [2024-06-30T09:44:27.527+0000] {manager.py:508} INFO - Created Permission View: can edit on DAG:Automate_cleaning
[2024-06-30T09:44:27.540+0000] {logging_mixin.py:115} INFO - [2024-06-30T09:44:27.539+0000] {manager.py:508} INFO - Created Permission View: can delete on DAG:Automate_cleaning
[2024-06-30T09:44:27.548+0000] {logging_mixin.py:115} INFO - [2024-06-30T09:44:27.548+0000] {manager.py:508} INFO - Created Permission View: can read on DAG:Automate_cleaning
[2024-06-30T09:44:27.549+0000] {logging_mixin.py:115} INFO - [2024-06-30T09:44:27.549+0000] {dag.py:2429} INFO - Sync 1 DAGs
[2024-06-30T09:44:27.558+0000] {logging_mixin.py:115} INFO - [2024-06-30T09:44:27.558+0000] {dag.py:2448} INFO - Creating ORM DAG for Automate_cleaning
[2024-06-30T09:44:27.572+0000] {logging_mixin.py:115} INFO - [2024-06-30T09:44:27.572+0000] {dag.py:2981} INFO - Setting next_dagrun for Automate_cleaning to 2024-06-18T06:30:00+00:00, run_after=2024-06-19T06:30:00+00:00
[2024-06-30T09:44:27.588+0000] {processor.py:161} INFO - Processing /opt/airflow/dags/automate_clean_DAG.py took 0.647 seconds
[2024-06-30T09:44:57.730+0000] {processor.py:153} INFO - Started process (PID=189) to work on /opt/airflow/dags/automate_clean_DAG.py
[2024-06-30T09:44:57.732+0000] {processor.py:640} INFO - Processing file /opt/airflow/dags/automate_clean_DAG.py for tasks to queue
[2024-06-30T09:44:57.734+0000] {logging_mixin.py:115} INFO - [2024-06-30T09:44:57.733+0000] {dagbag.py:508} INFO - Filling up the DagBag from /opt/airflow/dags/automate_clean_DAG.py
[2024-06-30T09:44:58.160+0000] {processor.py:650} INFO - DAG(s) dict_keys(['Automate_cleaning']) retrieved from /opt/airflow/dags/automate_clean_DAG.py
[2024-06-30T09:44:58.190+0000] {logging_mixin.py:115} INFO - [2024-06-30T09:44:58.189+0000] {dag.py:2429} INFO - Sync 1 DAGs
[2024-06-30T09:44:58.214+0000] {logging_mixin.py:115} INFO - [2024-06-30T09:44:58.214+0000] {dag.py:2981} INFO - Setting next_dagrun for Automate_cleaning to 2024-06-18T06:30:00+00:00, run_after=2024-06-19T06:30:00+00:00
[2024-06-30T09:44:58.228+0000] {processor.py:161} INFO - Processing /opt/airflow/dags/automate_clean_DAG.py took 0.502 seconds
[2024-06-30T09:45:28.348+0000] {processor.py:153} INFO - Started process (PID=195) to work on /opt/airflow/dags/automate_clean_DAG.py
[2024-06-30T09:45:28.349+0000] {processor.py:640} INFO - Processing file /opt/airflow/dags/automate_clean_DAG.py for tasks to queue
[2024-06-30T09:45:28.351+0000] {logging_mixin.py:115} INFO - [2024-06-30T09:45:28.351+0000] {dagbag.py:508} INFO - Filling up the DagBag from /opt/airflow/dags/automate_clean_DAG.py
[2024-06-30T09:45:28.712+0000] {processor.py:650} INFO - DAG(s) dict_keys(['Automate_cleaning']) retrieved from /opt/airflow/dags/automate_clean_DAG.py
[2024-06-30T09:45:28.734+0000] {logging_mixin.py:115} INFO - [2024-06-30T09:45:28.734+0000] {dag.py:2429} INFO - Sync 1 DAGs
[2024-06-30T09:45:28.756+0000] {logging_mixin.py:115} INFO - [2024-06-30T09:45:28.756+0000] {dag.py:2981} INFO - Setting next_dagrun for Automate_cleaning to 2024-06-18T06:30:00+00:00, run_after=2024-06-19T06:30:00+00:00
[2024-06-30T09:45:28.771+0000] {processor.py:161} INFO - Processing /opt/airflow/dags/automate_clean_DAG.py took 0.428 seconds
[2024-06-30T09:45:58.877+0000] {processor.py:153} INFO - Started process (PID=201) to work on /opt/airflow/dags/automate_clean_DAG.py
[2024-06-30T09:45:58.878+0000] {processor.py:640} INFO - Processing file /opt/airflow/dags/automate_clean_DAG.py for tasks to queue
[2024-06-30T09:45:58.879+0000] {logging_mixin.py:115} INFO - [2024-06-30T09:45:58.879+0000] {dagbag.py:508} INFO - Filling up the DagBag from /opt/airflow/dags/automate_clean_DAG.py
[2024-06-30T09:45:59.282+0000] {processor.py:650} INFO - DAG(s) dict_keys(['Automate_cleaning']) retrieved from /opt/airflow/dags/automate_clean_DAG.py
[2024-06-30T09:45:59.304+0000] {logging_mixin.py:115} INFO - [2024-06-30T09:45:59.304+0000] {dag.py:2429} INFO - Sync 1 DAGs
[2024-06-30T09:45:59.325+0000] {logging_mixin.py:115} INFO - [2024-06-30T09:45:59.325+0000] {dag.py:2981} INFO - Setting next_dagrun for Automate_cleaning to 2024-06-18T06:30:00+00:00, run_after=2024-06-19T06:30:00+00:00
[2024-06-30T09:45:59.337+0000] {processor.py:161} INFO - Processing /opt/airflow/dags/automate_clean_DAG.py took 0.463 seconds
[2024-06-30T09:46:29.465+0000] {processor.py:153} INFO - Started process (PID=207) to work on /opt/airflow/dags/automate_clean_DAG.py
[2024-06-30T09:46:29.467+0000] {processor.py:640} INFO - Processing file /opt/airflow/dags/automate_clean_DAG.py for tasks to queue
[2024-06-30T09:46:29.468+0000] {logging_mixin.py:115} INFO - [2024-06-30T09:46:29.468+0000] {dagbag.py:508} INFO - Filling up the DagBag from /opt/airflow/dags/automate_clean_DAG.py
[2024-06-30T09:46:29.852+0000] {processor.py:650} INFO - DAG(s) dict_keys(['Automate_cleaning']) retrieved from /opt/airflow/dags/automate_clean_DAG.py
[2024-06-30T09:46:29.874+0000] {logging_mixin.py:115} INFO - [2024-06-30T09:46:29.874+0000] {dag.py:2429} INFO - Sync 1 DAGs
[2024-06-30T09:46:29.894+0000] {logging_mixin.py:115} INFO - [2024-06-30T09:46:29.894+0000] {dag.py:2981} INFO - Setting next_dagrun for Automate_cleaning to 2024-06-18T06:30:00+00:00, run_after=2024-06-19T06:30:00+00:00
[2024-06-30T09:46:29.907+0000] {processor.py:161} INFO - Processing /opt/airflow/dags/automate_clean_DAG.py took 0.445 seconds
[2024-06-30T09:47:00.031+0000] {processor.py:153} INFO - Started process (PID=213) to work on /opt/airflow/dags/automate_clean_DAG.py
[2024-06-30T09:47:00.032+0000] {processor.py:640} INFO - Processing file /opt/airflow/dags/automate_clean_DAG.py for tasks to queue
[2024-06-30T09:47:00.033+0000] {logging_mixin.py:115} INFO - [2024-06-30T09:47:00.033+0000] {dagbag.py:508} INFO - Filling up the DagBag from /opt/airflow/dags/automate_clean_DAG.py
[2024-06-30T09:47:00.477+0000] {processor.py:650} INFO - DAG(s) dict_keys(['Automate_cleaning']) retrieved from /opt/airflow/dags/automate_clean_DAG.py
[2024-06-30T09:47:00.499+0000] {logging_mixin.py:115} INFO - [2024-06-30T09:47:00.499+0000] {dag.py:2429} INFO - Sync 1 DAGs
[2024-06-30T09:47:00.523+0000] {logging_mixin.py:115} INFO - [2024-06-30T09:47:00.523+0000] {dag.py:2981} INFO - Setting next_dagrun for Automate_cleaning to 2024-06-18T06:30:00+00:00, run_after=2024-06-19T06:30:00+00:00
[2024-06-30T09:47:00.536+0000] {processor.py:161} INFO - Processing /opt/airflow/dags/automate_clean_DAG.py took 0.509 seconds
[2024-06-30T09:47:30.701+0000] {processor.py:153} INFO - Started process (PID=219) to work on /opt/airflow/dags/automate_clean_DAG.py
[2024-06-30T09:47:30.703+0000] {processor.py:640} INFO - Processing file /opt/airflow/dags/automate_clean_DAG.py for tasks to queue
[2024-06-30T09:47:30.704+0000] {logging_mixin.py:115} INFO - [2024-06-30T09:47:30.704+0000] {dagbag.py:508} INFO - Filling up the DagBag from /opt/airflow/dags/automate_clean_DAG.py
[2024-06-30T09:47:31.176+0000] {processor.py:650} INFO - DAG(s) dict_keys(['Automate_cleaning']) retrieved from /opt/airflow/dags/automate_clean_DAG.py
[2024-06-30T09:47:31.208+0000] {logging_mixin.py:115} INFO - [2024-06-30T09:47:31.208+0000] {dag.py:2429} INFO - Sync 1 DAGs
[2024-06-30T09:47:31.238+0000] {logging_mixin.py:115} INFO - [2024-06-30T09:47:31.237+0000] {dag.py:2981} INFO - Setting next_dagrun for Automate_cleaning to 2024-06-18T06:30:00+00:00, run_after=2024-06-19T06:30:00+00:00
[2024-06-30T09:47:31.255+0000] {processor.py:161} INFO - Processing /opt/airflow/dags/automate_clean_DAG.py took 0.560 seconds
[2024-06-30T09:48:01.370+0000] {processor.py:153} INFO - Started process (PID=225) to work on /opt/airflow/dags/automate_clean_DAG.py
[2024-06-30T09:48:01.372+0000] {processor.py:640} INFO - Processing file /opt/airflow/dags/automate_clean_DAG.py for tasks to queue
[2024-06-30T09:48:01.373+0000] {logging_mixin.py:115} INFO - [2024-06-30T09:48:01.372+0000] {dagbag.py:508} INFO - Filling up the DagBag from /opt/airflow/dags/automate_clean_DAG.py
[2024-06-30T09:48:01.741+0000] {processor.py:650} INFO - DAG(s) dict_keys(['Automate_cleaning']) retrieved from /opt/airflow/dags/automate_clean_DAG.py
[2024-06-30T09:48:01.762+0000] {logging_mixin.py:115} INFO - [2024-06-30T09:48:01.762+0000] {dag.py:2429} INFO - Sync 1 DAGs
[2024-06-30T09:48:01.782+0000] {logging_mixin.py:115} INFO - [2024-06-30T09:48:01.782+0000] {dag.py:2981} INFO - Setting next_dagrun for Automate_cleaning to 2024-06-18T06:30:00+00:00, run_after=2024-06-19T06:30:00+00:00
[2024-06-30T09:48:01.794+0000] {processor.py:161} INFO - Processing /opt/airflow/dags/automate_clean_DAG.py took 0.428 seconds
[2024-06-30T09:48:31.911+0000] {processor.py:153} INFO - Started process (PID=231) to work on /opt/airflow/dags/automate_clean_DAG.py
[2024-06-30T09:48:31.912+0000] {processor.py:640} INFO - Processing file /opt/airflow/dags/automate_clean_DAG.py for tasks to queue
[2024-06-30T09:48:31.914+0000] {logging_mixin.py:115} INFO - [2024-06-30T09:48:31.913+0000] {dagbag.py:508} INFO - Filling up the DagBag from /opt/airflow/dags/automate_clean_DAG.py
[2024-06-30T09:48:32.354+0000] {processor.py:650} INFO - DAG(s) dict_keys(['Automate_cleaning']) retrieved from /opt/airflow/dags/automate_clean_DAG.py
[2024-06-30T09:48:32.376+0000] {logging_mixin.py:115} INFO - [2024-06-30T09:48:32.375+0000] {dag.py:2429} INFO - Sync 1 DAGs
[2024-06-30T09:48:32.396+0000] {logging_mixin.py:115} INFO - [2024-06-30T09:48:32.396+0000] {dag.py:2981} INFO - Setting next_dagrun for Automate_cleaning to 2024-06-18T06:30:00+00:00, run_after=2024-06-19T06:30:00+00:00
[2024-06-30T09:48:32.411+0000] {processor.py:161} INFO - Processing /opt/airflow/dags/automate_clean_DAG.py took 0.504 seconds
[2024-06-30T09:49:02.520+0000] {processor.py:153} INFO - Started process (PID=237) to work on /opt/airflow/dags/automate_clean_DAG.py
[2024-06-30T09:49:02.521+0000] {processor.py:640} INFO - Processing file /opt/airflow/dags/automate_clean_DAG.py for tasks to queue
[2024-06-30T09:49:02.521+0000] {logging_mixin.py:115} INFO - [2024-06-30T09:49:02.521+0000] {dagbag.py:508} INFO - Filling up the DagBag from /opt/airflow/dags/automate_clean_DAG.py
[2024-06-30T09:49:02.963+0000] {processor.py:650} INFO - DAG(s) dict_keys(['Automate_cleaning']) retrieved from /opt/airflow/dags/automate_clean_DAG.py
[2024-06-30T09:49:02.987+0000] {logging_mixin.py:115} INFO - [2024-06-30T09:49:02.987+0000] {dag.py:2429} INFO - Sync 1 DAGs
[2024-06-30T09:49:03.011+0000] {logging_mixin.py:115} INFO - [2024-06-30T09:49:03.010+0000] {dag.py:2981} INFO - Setting next_dagrun for Automate_cleaning to 2024-06-18T06:30:00+00:00, run_after=2024-06-19T06:30:00+00:00
[2024-06-30T09:49:03.028+0000] {processor.py:161} INFO - Processing /opt/airflow/dags/automate_clean_DAG.py took 0.512 seconds
[2024-06-30T09:49:33.168+0000] {processor.py:153} INFO - Started process (PID=243) to work on /opt/airflow/dags/automate_clean_DAG.py
[2024-06-30T09:49:33.169+0000] {processor.py:640} INFO - Processing file /opt/airflow/dags/automate_clean_DAG.py for tasks to queue
[2024-06-30T09:49:33.170+0000] {logging_mixin.py:115} INFO - [2024-06-30T09:49:33.170+0000] {dagbag.py:508} INFO - Filling up the DagBag from /opt/airflow/dags/automate_clean_DAG.py
[2024-06-30T09:49:33.579+0000] {processor.py:650} INFO - DAG(s) dict_keys(['Automate_cleaning']) retrieved from /opt/airflow/dags/automate_clean_DAG.py
[2024-06-30T09:49:33.604+0000] {logging_mixin.py:115} INFO - [2024-06-30T09:49:33.603+0000] {dag.py:2429} INFO - Sync 1 DAGs
[2024-06-30T09:49:33.626+0000] {logging_mixin.py:115} INFO - [2024-06-30T09:49:33.626+0000] {dag.py:2981} INFO - Setting next_dagrun for Automate_cleaning to 2024-06-18T06:30:00+00:00, run_after=2024-06-19T06:30:00+00:00
[2024-06-30T09:49:33.645+0000] {processor.py:161} INFO - Processing /opt/airflow/dags/automate_clean_DAG.py took 0.480 seconds
[2024-06-30T09:50:03.763+0000] {processor.py:153} INFO - Started process (PID=249) to work on /opt/airflow/dags/automate_clean_DAG.py
[2024-06-30T09:50:03.764+0000] {processor.py:640} INFO - Processing file /opt/airflow/dags/automate_clean_DAG.py for tasks to queue
[2024-06-30T09:50:03.764+0000] {logging_mixin.py:115} INFO - [2024-06-30T09:50:03.764+0000] {dagbag.py:508} INFO - Filling up the DagBag from /opt/airflow/dags/automate_clean_DAG.py
[2024-06-30T09:50:04.193+0000] {processor.py:650} INFO - DAG(s) dict_keys(['Automate_cleaning']) retrieved from /opt/airflow/dags/automate_clean_DAG.py
[2024-06-30T09:50:04.220+0000] {logging_mixin.py:115} INFO - [2024-06-30T09:50:04.220+0000] {dag.py:2429} INFO - Sync 1 DAGs
[2024-06-30T09:50:04.241+0000] {logging_mixin.py:115} INFO - [2024-06-30T09:50:04.241+0000] {dag.py:2981} INFO - Setting next_dagrun for Automate_cleaning to 2024-06-18T06:30:00+00:00, run_after=2024-06-19T06:30:00+00:00
[2024-06-30T09:50:04.255+0000] {processor.py:161} INFO - Processing /opt/airflow/dags/automate_clean_DAG.py took 0.496 seconds
[2024-06-30T09:50:34.415+0000] {processor.py:153} INFO - Started process (PID=255) to work on /opt/airflow/dags/automate_clean_DAG.py
[2024-06-30T09:50:34.417+0000] {processor.py:640} INFO - Processing file /opt/airflow/dags/automate_clean_DAG.py for tasks to queue
[2024-06-30T09:50:34.418+0000] {logging_mixin.py:115} INFO - [2024-06-30T09:50:34.418+0000] {dagbag.py:508} INFO - Filling up the DagBag from /opt/airflow/dags/automate_clean_DAG.py
[2024-06-30T09:50:34.834+0000] {processor.py:650} INFO - DAG(s) dict_keys(['Automate_cleaning']) retrieved from /opt/airflow/dags/automate_clean_DAG.py
[2024-06-30T09:50:34.859+0000] {logging_mixin.py:115} INFO - [2024-06-30T09:50:34.858+0000] {dag.py:2429} INFO - Sync 1 DAGs
[2024-06-30T09:50:34.882+0000] {logging_mixin.py:115} INFO - [2024-06-30T09:50:34.882+0000] {dag.py:2981} INFO - Setting next_dagrun for Automate_cleaning to 2024-06-18T06:30:00+00:00, run_after=2024-06-19T06:30:00+00:00
[2024-06-30T09:50:34.895+0000] {processor.py:161} INFO - Processing /opt/airflow/dags/automate_clean_DAG.py took 0.485 seconds
[2024-06-30T09:51:05.022+0000] {processor.py:153} INFO - Started process (PID=261) to work on /opt/airflow/dags/automate_clean_DAG.py
[2024-06-30T09:51:05.024+0000] {processor.py:640} INFO - Processing file /opt/airflow/dags/automate_clean_DAG.py for tasks to queue
[2024-06-30T09:51:05.025+0000] {logging_mixin.py:115} INFO - [2024-06-30T09:51:05.024+0000] {dagbag.py:508} INFO - Filling up the DagBag from /opt/airflow/dags/automate_clean_DAG.py
[2024-06-30T09:51:05.602+0000] {processor.py:650} INFO - DAG(s) dict_keys(['Automate_cleaning']) retrieved from /opt/airflow/dags/automate_clean_DAG.py
[2024-06-30T09:51:05.624+0000] {logging_mixin.py:115} INFO - [2024-06-30T09:51:05.624+0000] {dag.py:2429} INFO - Sync 1 DAGs
[2024-06-30T09:51:05.645+0000] {logging_mixin.py:115} INFO - [2024-06-30T09:51:05.645+0000] {dag.py:2981} INFO - Setting next_dagrun for Automate_cleaning to 2024-06-18T06:30:00+00:00, run_after=2024-06-19T06:30:00+00:00
[2024-06-30T09:51:05.661+0000] {processor.py:161} INFO - Processing /opt/airflow/dags/automate_clean_DAG.py took 0.643 seconds
[2024-06-30T09:51:35.782+0000] {processor.py:153} INFO - Started process (PID=267) to work on /opt/airflow/dags/automate_clean_DAG.py
[2024-06-30T09:51:35.783+0000] {processor.py:640} INFO - Processing file /opt/airflow/dags/automate_clean_DAG.py for tasks to queue
[2024-06-30T09:51:35.784+0000] {logging_mixin.py:115} INFO - [2024-06-30T09:51:35.784+0000] {dagbag.py:508} INFO - Filling up the DagBag from /opt/airflow/dags/automate_clean_DAG.py
[2024-06-30T09:51:36.225+0000] {processor.py:650} INFO - DAG(s) dict_keys(['Automate_cleaning']) retrieved from /opt/airflow/dags/automate_clean_DAG.py
[2024-06-30T09:51:36.247+0000] {logging_mixin.py:115} INFO - [2024-06-30T09:51:36.246+0000] {dag.py:2429} INFO - Sync 1 DAGs
[2024-06-30T09:51:36.270+0000] {logging_mixin.py:115} INFO - [2024-06-30T09:51:36.270+0000] {dag.py:2981} INFO - Setting next_dagrun for Automate_cleaning to 2024-06-18T06:30:00+00:00, run_after=2024-06-19T06:30:00+00:00
[2024-06-30T09:51:36.285+0000] {processor.py:161} INFO - Processing /opt/airflow/dags/automate_clean_DAG.py took 0.507 seconds
[2024-06-30T09:52:06.418+0000] {processor.py:153} INFO - Started process (PID=273) to work on /opt/airflow/dags/automate_clean_DAG.py
[2024-06-30T09:52:06.420+0000] {processor.py:640} INFO - Processing file /opt/airflow/dags/automate_clean_DAG.py for tasks to queue
[2024-06-30T09:52:06.421+0000] {logging_mixin.py:115} INFO - [2024-06-30T09:52:06.421+0000] {dagbag.py:508} INFO - Filling up the DagBag from /opt/airflow/dags/automate_clean_DAG.py
[2024-06-30T09:52:06.863+0000] {processor.py:650} INFO - DAG(s) dict_keys(['Automate_cleaning']) retrieved from /opt/airflow/dags/automate_clean_DAG.py
[2024-06-30T09:52:06.889+0000] {logging_mixin.py:115} INFO - [2024-06-30T09:52:06.888+0000] {dag.py:2429} INFO - Sync 1 DAGs
[2024-06-30T09:52:06.910+0000] {logging_mixin.py:115} INFO - [2024-06-30T09:52:06.910+0000] {dag.py:2981} INFO - Setting next_dagrun for Automate_cleaning to 2024-06-18T06:30:00+00:00, run_after=2024-06-19T06:30:00+00:00
[2024-06-30T09:52:06.923+0000] {processor.py:161} INFO - Processing /opt/airflow/dags/automate_clean_DAG.py took 0.509 seconds
[2024-06-30T09:52:37.042+0000] {processor.py:153} INFO - Started process (PID=279) to work on /opt/airflow/dags/automate_clean_DAG.py
[2024-06-30T09:52:37.044+0000] {processor.py:640} INFO - Processing file /opt/airflow/dags/automate_clean_DAG.py for tasks to queue
[2024-06-30T09:52:37.045+0000] {logging_mixin.py:115} INFO - [2024-06-30T09:52:37.045+0000] {dagbag.py:508} INFO - Filling up the DagBag from /opt/airflow/dags/automate_clean_DAG.py
[2024-06-30T09:52:37.477+0000] {processor.py:650} INFO - DAG(s) dict_keys(['Automate_cleaning']) retrieved from /opt/airflow/dags/automate_clean_DAG.py
[2024-06-30T09:52:37.497+0000] {logging_mixin.py:115} INFO - [2024-06-30T09:52:37.497+0000] {dag.py:2429} INFO - Sync 1 DAGs
[2024-06-30T09:52:37.517+0000] {logging_mixin.py:115} INFO - [2024-06-30T09:52:37.517+0000] {dag.py:2981} INFO - Setting next_dagrun for Automate_cleaning to 2024-06-18T06:30:00+00:00, run_after=2024-06-19T06:30:00+00:00
[2024-06-30T09:52:37.532+0000] {processor.py:161} INFO - Processing /opt/airflow/dags/automate_clean_DAG.py took 0.494 seconds
[2024-06-30T09:53:07.656+0000] {processor.py:153} INFO - Started process (PID=285) to work on /opt/airflow/dags/automate_clean_DAG.py
[2024-06-30T09:53:07.658+0000] {processor.py:640} INFO - Processing file /opt/airflow/dags/automate_clean_DAG.py for tasks to queue
[2024-06-30T09:53:07.660+0000] {logging_mixin.py:115} INFO - [2024-06-30T09:53:07.659+0000] {dagbag.py:508} INFO - Filling up the DagBag from /opt/airflow/dags/automate_clean_DAG.py
[2024-06-30T09:53:08.078+0000] {processor.py:650} INFO - DAG(s) dict_keys(['Automate_cleaning']) retrieved from /opt/airflow/dags/automate_clean_DAG.py
[2024-06-30T09:53:08.106+0000] {logging_mixin.py:115} INFO - [2024-06-30T09:53:08.105+0000] {dag.py:2429} INFO - Sync 1 DAGs
[2024-06-30T09:53:08.134+0000] {logging_mixin.py:115} INFO - [2024-06-30T09:53:08.133+0000] {dag.py:2981} INFO - Setting next_dagrun for Automate_cleaning to 2024-06-18T06:30:00+00:00, run_after=2024-06-19T06:30:00+00:00
[2024-06-30T09:53:08.149+0000] {processor.py:161} INFO - Processing /opt/airflow/dags/automate_clean_DAG.py took 0.499 seconds
[2024-06-30T09:53:38.280+0000] {processor.py:153} INFO - Started process (PID=291) to work on /opt/airflow/dags/automate_clean_DAG.py
[2024-06-30T09:53:38.282+0000] {processor.py:640} INFO - Processing file /opt/airflow/dags/automate_clean_DAG.py for tasks to queue
[2024-06-30T09:53:38.283+0000] {logging_mixin.py:115} INFO - [2024-06-30T09:53:38.283+0000] {dagbag.py:508} INFO - Filling up the DagBag from /opt/airflow/dags/automate_clean_DAG.py
[2024-06-30T09:53:38.775+0000] {processor.py:650} INFO - DAG(s) dict_keys(['Automate_cleaning']) retrieved from /opt/airflow/dags/automate_clean_DAG.py
[2024-06-30T09:53:38.796+0000] {logging_mixin.py:115} INFO - [2024-06-30T09:53:38.796+0000] {dag.py:2429} INFO - Sync 1 DAGs
[2024-06-30T09:53:38.820+0000] {logging_mixin.py:115} INFO - [2024-06-30T09:53:38.819+0000] {dag.py:2981} INFO - Setting next_dagrun for Automate_cleaning to 2024-06-18T06:30:00+00:00, run_after=2024-06-19T06:30:00+00:00
[2024-06-30T09:53:38.833+0000] {processor.py:161} INFO - Processing /opt/airflow/dags/automate_clean_DAG.py took 0.558 seconds
[2024-06-30T09:54:08.970+0000] {processor.py:153} INFO - Started process (PID=297) to work on /opt/airflow/dags/automate_clean_DAG.py
[2024-06-30T09:54:08.972+0000] {processor.py:640} INFO - Processing file /opt/airflow/dags/automate_clean_DAG.py for tasks to queue
[2024-06-30T09:54:08.973+0000] {logging_mixin.py:115} INFO - [2024-06-30T09:54:08.973+0000] {dagbag.py:508} INFO - Filling up the DagBag from /opt/airflow/dags/automate_clean_DAG.py
[2024-06-30T09:54:09.368+0000] {processor.py:650} INFO - DAG(s) dict_keys(['Automate_cleaning']) retrieved from /opt/airflow/dags/automate_clean_DAG.py
[2024-06-30T09:54:09.393+0000] {logging_mixin.py:115} INFO - [2024-06-30T09:54:09.393+0000] {dag.py:2429} INFO - Sync 1 DAGs
[2024-06-30T09:54:09.415+0000] {logging_mixin.py:115} INFO - [2024-06-30T09:54:09.415+0000] {dag.py:2981} INFO - Setting next_dagrun for Automate_cleaning to 2024-06-18T06:30:00+00:00, run_after=2024-06-19T06:30:00+00:00
[2024-06-30T09:54:09.430+0000] {processor.py:161} INFO - Processing /opt/airflow/dags/automate_clean_DAG.py took 0.464 seconds
[2024-06-30T09:54:39.577+0000] {processor.py:153} INFO - Started process (PID=303) to work on /opt/airflow/dags/automate_clean_DAG.py
[2024-06-30T09:54:39.578+0000] {processor.py:640} INFO - Processing file /opt/airflow/dags/automate_clean_DAG.py for tasks to queue
[2024-06-30T09:54:39.579+0000] {logging_mixin.py:115} INFO - [2024-06-30T09:54:39.579+0000] {dagbag.py:508} INFO - Filling up the DagBag from /opt/airflow/dags/automate_clean_DAG.py
[2024-06-30T09:54:39.980+0000] {processor.py:650} INFO - DAG(s) dict_keys(['Automate_cleaning']) retrieved from /opt/airflow/dags/automate_clean_DAG.py
[2024-06-30T09:54:40.002+0000] {logging_mixin.py:115} INFO - [2024-06-30T09:54:40.001+0000] {dag.py:2429} INFO - Sync 1 DAGs
[2024-06-30T09:54:40.024+0000] {logging_mixin.py:115} INFO - [2024-06-30T09:54:40.024+0000] {dag.py:2981} INFO - Setting next_dagrun for Automate_cleaning to 2024-06-18T06:30:00+00:00, run_after=2024-06-19T06:30:00+00:00
[2024-06-30T09:54:40.039+0000] {processor.py:161} INFO - Processing /opt/airflow/dags/automate_clean_DAG.py took 0.466 seconds
[2024-06-30T09:55:10.171+0000] {processor.py:153} INFO - Started process (PID=309) to work on /opt/airflow/dags/automate_clean_DAG.py
[2024-06-30T09:55:10.173+0000] {processor.py:640} INFO - Processing file /opt/airflow/dags/automate_clean_DAG.py for tasks to queue
[2024-06-30T09:55:10.174+0000] {logging_mixin.py:115} INFO - [2024-06-30T09:55:10.174+0000] {dagbag.py:508} INFO - Filling up the DagBag from /opt/airflow/dags/automate_clean_DAG.py
[2024-06-30T09:55:10.543+0000] {processor.py:650} INFO - DAG(s) dict_keys(['Automate_cleaning']) retrieved from /opt/airflow/dags/automate_clean_DAG.py
[2024-06-30T09:55:10.564+0000] {logging_mixin.py:115} INFO - [2024-06-30T09:55:10.564+0000] {dag.py:2429} INFO - Sync 1 DAGs
[2024-06-30T09:55:10.585+0000] {logging_mixin.py:115} INFO - [2024-06-30T09:55:10.585+0000] {dag.py:2981} INFO - Setting next_dagrun for Automate_cleaning to 2024-06-18T06:30:00+00:00, run_after=2024-06-19T06:30:00+00:00
[2024-06-30T09:55:10.598+0000] {processor.py:161} INFO - Processing /opt/airflow/dags/automate_clean_DAG.py took 0.432 seconds
[2024-06-30T09:55:40.758+0000] {processor.py:153} INFO - Started process (PID=315) to work on /opt/airflow/dags/automate_clean_DAG.py
[2024-06-30T09:55:40.760+0000] {processor.py:640} INFO - Processing file /opt/airflow/dags/automate_clean_DAG.py for tasks to queue
[2024-06-30T09:55:40.762+0000] {logging_mixin.py:115} INFO - [2024-06-30T09:55:40.762+0000] {dagbag.py:508} INFO - Filling up the DagBag from /opt/airflow/dags/automate_clean_DAG.py
[2024-06-30T09:55:41.211+0000] {processor.py:650} INFO - DAG(s) dict_keys(['Automate_cleaning']) retrieved from /opt/airflow/dags/automate_clean_DAG.py
[2024-06-30T09:55:41.234+0000] {logging_mixin.py:115} INFO - [2024-06-30T09:55:41.233+0000] {dag.py:2429} INFO - Sync 1 DAGs
[2024-06-30T09:55:41.256+0000] {logging_mixin.py:115} INFO - [2024-06-30T09:55:41.256+0000] {dag.py:2981} INFO - Setting next_dagrun for Automate_cleaning to 2024-06-18T06:30:00+00:00, run_after=2024-06-19T06:30:00+00:00
[2024-06-30T09:55:41.271+0000] {processor.py:161} INFO - Processing /opt/airflow/dags/automate_clean_DAG.py took 0.518 seconds
[2024-06-30T09:56:11.876+0000] {processor.py:153} INFO - Started process (PID=360) to work on /opt/airflow/dags/automate_clean_DAG.py
[2024-06-30T09:56:11.879+0000] {processor.py:640} INFO - Processing file /opt/airflow/dags/automate_clean_DAG.py for tasks to queue
[2024-06-30T09:56:11.881+0000] {logging_mixin.py:115} INFO - [2024-06-30T09:56:11.881+0000] {dagbag.py:508} INFO - Filling up the DagBag from /opt/airflow/dags/automate_clean_DAG.py
[2024-06-30T09:56:18.828+0000] {processor.py:650} INFO - DAG(s) dict_keys(['Automate_cleaning']) retrieved from /opt/airflow/dags/automate_clean_DAG.py
[2024-06-30T09:56:18.891+0000] {logging_mixin.py:115} INFO - [2024-06-30T09:56:18.887+0000] {dag.py:2429} INFO - Sync 1 DAGs
[2024-06-30T09:56:18.944+0000] {logging_mixin.py:115} INFO - [2024-06-30T09:56:18.944+0000] {dag.py:2981} INFO - Setting next_dagrun for Automate_cleaning to 2024-06-30T06:30:00+00:00, run_after=2024-07-01T06:30:00+00:00
[2024-06-30T09:56:18.978+0000] {processor.py:161} INFO - Processing /opt/airflow/dags/automate_clean_DAG.py took 7.150 seconds
[2024-06-30T09:56:49.364+0000] {processor.py:153} INFO - Started process (PID=402) to work on /opt/airflow/dags/automate_clean_DAG.py
[2024-06-30T09:56:49.365+0000] {processor.py:640} INFO - Processing file /opt/airflow/dags/automate_clean_DAG.py for tasks to queue
[2024-06-30T09:56:49.367+0000] {logging_mixin.py:115} INFO - [2024-06-30T09:56:49.367+0000] {dagbag.py:508} INFO - Filling up the DagBag from /opt/airflow/dags/automate_clean_DAG.py
[2024-06-30T09:56:49.868+0000] {processor.py:650} INFO - DAG(s) dict_keys(['Automate_cleaning']) retrieved from /opt/airflow/dags/automate_clean_DAG.py
[2024-06-30T09:56:49.907+0000] {logging_mixin.py:115} INFO - [2024-06-30T09:56:49.906+0000] {dag.py:2429} INFO - Sync 1 DAGs
[2024-06-30T09:56:49.939+0000] {logging_mixin.py:115} INFO - [2024-06-30T09:56:49.939+0000] {dag.py:2981} INFO - Setting next_dagrun for Automate_cleaning to 2024-06-30T06:30:00+00:00, run_after=2024-07-01T06:30:00+00:00
[2024-06-30T09:56:50.011+0000] {processor.py:161} INFO - Processing /opt/airflow/dags/automate_clean_DAG.py took 0.651 seconds
[2024-06-30T09:57:20.132+0000] {processor.py:153} INFO - Started process (PID=411) to work on /opt/airflow/dags/automate_clean_DAG.py
[2024-06-30T09:57:20.133+0000] {processor.py:640} INFO - Processing file /opt/airflow/dags/automate_clean_DAG.py for tasks to queue
[2024-06-30T09:57:20.134+0000] {logging_mixin.py:115} INFO - [2024-06-30T09:57:20.134+0000] {dagbag.py:508} INFO - Filling up the DagBag from /opt/airflow/dags/automate_clean_DAG.py
[2024-06-30T09:57:20.589+0000] {processor.py:650} INFO - DAG(s) dict_keys(['Automate_cleaning']) retrieved from /opt/airflow/dags/automate_clean_DAG.py
[2024-06-30T09:57:20.614+0000] {logging_mixin.py:115} INFO - [2024-06-30T09:57:20.614+0000] {dag.py:2429} INFO - Sync 1 DAGs
[2024-06-30T09:57:20.642+0000] {logging_mixin.py:115} INFO - [2024-06-30T09:57:20.642+0000] {dag.py:2981} INFO - Setting next_dagrun for Automate_cleaning to 2024-06-30T06:30:00+00:00, run_after=2024-07-01T06:30:00+00:00
[2024-06-30T09:57:20.660+0000] {processor.py:161} INFO - Processing /opt/airflow/dags/automate_clean_DAG.py took 0.533 seconds
[2024-06-30T09:57:50.795+0000] {processor.py:153} INFO - Started process (PID=420) to work on /opt/airflow/dags/automate_clean_DAG.py
[2024-06-30T09:57:50.796+0000] {processor.py:640} INFO - Processing file /opt/airflow/dags/automate_clean_DAG.py for tasks to queue
[2024-06-30T09:57:50.798+0000] {logging_mixin.py:115} INFO - [2024-06-30T09:57:50.797+0000] {dagbag.py:508} INFO - Filling up the DagBag from /opt/airflow/dags/automate_clean_DAG.py
[2024-06-30T09:57:51.218+0000] {processor.py:650} INFO - DAG(s) dict_keys(['Automate_cleaning']) retrieved from /opt/airflow/dags/automate_clean_DAG.py
[2024-06-30T09:57:51.242+0000] {logging_mixin.py:115} INFO - [2024-06-30T09:57:51.241+0000] {dag.py:2429} INFO - Sync 1 DAGs
[2024-06-30T09:57:51.264+0000] {logging_mixin.py:115} INFO - [2024-06-30T09:57:51.264+0000] {dag.py:2981} INFO - Setting next_dagrun for Automate_cleaning to 2024-06-30T06:30:00+00:00, run_after=2024-07-01T06:30:00+00:00
[2024-06-30T09:57:51.278+0000] {processor.py:161} INFO - Processing /opt/airflow/dags/automate_clean_DAG.py took 0.488 seconds
[2024-06-30T09:58:21.359+0000] {processor.py:153} INFO - Started process (PID=426) to work on /opt/airflow/dags/automate_clean_DAG.py
[2024-06-30T09:58:21.361+0000] {processor.py:640} INFO - Processing file /opt/airflow/dags/automate_clean_DAG.py for tasks to queue
[2024-06-30T09:58:21.362+0000] {logging_mixin.py:115} INFO - [2024-06-30T09:58:21.362+0000] {dagbag.py:508} INFO - Filling up the DagBag from /opt/airflow/dags/automate_clean_DAG.py
[2024-06-30T09:58:21.767+0000] {processor.py:650} INFO - DAG(s) dict_keys(['Automate_cleaning']) retrieved from /opt/airflow/dags/automate_clean_DAG.py
[2024-06-30T09:58:21.790+0000] {logging_mixin.py:115} INFO - [2024-06-30T09:58:21.790+0000] {dag.py:2429} INFO - Sync 1 DAGs
[2024-06-30T09:58:21.812+0000] {logging_mixin.py:115} INFO - [2024-06-30T09:58:21.812+0000] {dag.py:2981} INFO - Setting next_dagrun for Automate_cleaning to 2024-06-30T06:30:00+00:00, run_after=2024-07-01T06:30:00+00:00
[2024-06-30T09:58:21.825+0000] {processor.py:161} INFO - Processing /opt/airflow/dags/automate_clean_DAG.py took 0.470 seconds
[2024-06-30T09:58:28.418+0000] {processor.py:153} INFO - Started process (PID=432) to work on /opt/airflow/dags/automate_clean_DAG.py
[2024-06-30T09:58:28.420+0000] {processor.py:640} INFO - Processing file /opt/airflow/dags/automate_clean_DAG.py for tasks to queue
[2024-06-30T09:58:28.421+0000] {logging_mixin.py:115} INFO - [2024-06-30T09:58:28.421+0000] {dagbag.py:508} INFO - Filling up the DagBag from /opt/airflow/dags/automate_clean_DAG.py
[2024-06-30T09:58:28.877+0000] {processor.py:650} INFO - DAG(s) dict_keys(['Automate_cleaning']) retrieved from /opt/airflow/dags/automate_clean_DAG.py
[2024-06-30T09:58:28.903+0000] {logging_mixin.py:115} INFO - [2024-06-30T09:58:28.902+0000] {dag.py:2429} INFO - Sync 1 DAGs
[2024-06-30T09:58:28.934+0000] {logging_mixin.py:115} INFO - [2024-06-30T09:58:28.934+0000] {dag.py:2981} INFO - Setting next_dagrun for Automate_cleaning to 2024-06-30T06:30:00+00:00, run_after=2024-07-01T06:30:00+00:00
[2024-06-30T09:58:28.952+0000] {processor.py:161} INFO - Processing /opt/airflow/dags/automate_clean_DAG.py took 0.538 seconds
[2024-06-30T09:58:29.880+0000] {processor.py:153} INFO - Started process (PID=438) to work on /opt/airflow/dags/automate_clean_DAG.py
[2024-06-30T09:58:29.881+0000] {processor.py:640} INFO - Processing file /opt/airflow/dags/automate_clean_DAG.py for tasks to queue
[2024-06-30T09:58:29.882+0000] {logging_mixin.py:115} INFO - [2024-06-30T09:58:29.882+0000] {dagbag.py:508} INFO - Filling up the DagBag from /opt/airflow/dags/automate_clean_DAG.py
[2024-06-30T09:58:30.363+0000] {processor.py:650} INFO - DAG(s) dict_keys(['Automate_cleaning']) retrieved from /opt/airflow/dags/automate_clean_DAG.py
[2024-06-30T09:58:30.387+0000] {logging_mixin.py:115} INFO - [2024-06-30T09:58:30.386+0000] {dag.py:2429} INFO - Sync 1 DAGs
[2024-06-30T09:58:30.411+0000] {logging_mixin.py:115} INFO - [2024-06-30T09:58:30.411+0000] {dag.py:2981} INFO - Setting next_dagrun for Automate_cleaning to 2024-06-30T06:30:00+00:00, run_after=2024-07-01T06:30:00+00:00
[2024-06-30T09:58:30.428+0000] {processor.py:161} INFO - Processing /opt/airflow/dags/automate_clean_DAG.py took 0.552 seconds
[2024-06-30T09:58:32.480+0000] {processor.py:153} INFO - Started process (PID=444) to work on /opt/airflow/dags/automate_clean_DAG.py
[2024-06-30T09:58:32.481+0000] {processor.py:640} INFO - Processing file /opt/airflow/dags/automate_clean_DAG.py for tasks to queue
[2024-06-30T09:58:32.483+0000] {logging_mixin.py:115} INFO - [2024-06-30T09:58:32.483+0000] {dagbag.py:508} INFO - Filling up the DagBag from /opt/airflow/dags/automate_clean_DAG.py
[2024-06-30T09:58:32.907+0000] {processor.py:650} INFO - DAG(s) dict_keys(['Automate_cleaning']) retrieved from /opt/airflow/dags/automate_clean_DAG.py
[2024-06-30T09:58:32.931+0000] {logging_mixin.py:115} INFO - [2024-06-30T09:58:32.931+0000] {dag.py:2429} INFO - Sync 1 DAGs
[2024-06-30T09:58:32.955+0000] {logging_mixin.py:115} INFO - [2024-06-30T09:58:32.955+0000] {dag.py:2981} INFO - Setting next_dagrun for Automate_cleaning to 2024-06-30T06:30:00+00:00, run_after=2024-07-01T06:30:00+00:00
[2024-06-30T09:58:32.972+0000] {processor.py:161} INFO - Processing /opt/airflow/dags/automate_clean_DAG.py took 0.496 seconds
[2024-06-30T09:58:35.009+0000] {processor.py:153} INFO - Started process (PID=450) to work on /opt/airflow/dags/automate_clean_DAG.py
[2024-06-30T09:58:35.010+0000] {processor.py:640} INFO - Processing file /opt/airflow/dags/automate_clean_DAG.py for tasks to queue
[2024-06-30T09:58:35.011+0000] {logging_mixin.py:115} INFO - [2024-06-30T09:58:35.011+0000] {dagbag.py:508} INFO - Filling up the DagBag from /opt/airflow/dags/automate_clean_DAG.py
[2024-06-30T09:58:35.535+0000] {processor.py:650} INFO - DAG(s) dict_keys(['Automate_cleaning']) retrieved from /opt/airflow/dags/automate_clean_DAG.py
[2024-06-30T09:58:35.558+0000] {logging_mixin.py:115} INFO - [2024-06-30T09:58:35.557+0000] {dag.py:2429} INFO - Sync 1 DAGs
[2024-06-30T09:58:35.580+0000] {logging_mixin.py:115} INFO - [2024-06-30T09:58:35.579+0000] {dag.py:2981} INFO - Setting next_dagrun for Automate_cleaning to 2024-06-30T06:30:00+00:00, run_after=2024-07-01T06:30:00+00:00
[2024-06-30T09:58:35.597+0000] {processor.py:161} INFO - Processing /opt/airflow/dags/automate_clean_DAG.py took 0.592 seconds
[2024-06-30T09:59:05.713+0000] {processor.py:153} INFO - Started process (PID=468) to work on /opt/airflow/dags/automate_clean_DAG.py
[2024-06-30T09:59:05.714+0000] {processor.py:640} INFO - Processing file /opt/airflow/dags/automate_clean_DAG.py for tasks to queue
[2024-06-30T09:59:05.716+0000] {logging_mixin.py:115} INFO - [2024-06-30T09:59:05.716+0000] {dagbag.py:508} INFO - Filling up the DagBag from /opt/airflow/dags/automate_clean_DAG.py
[2024-06-30T09:59:06.386+0000] {processor.py:650} INFO - DAG(s) dict_keys(['Automate_cleaning']) retrieved from /opt/airflow/dags/automate_clean_DAG.py
[2024-06-30T09:59:06.408+0000] {logging_mixin.py:115} INFO - [2024-06-30T09:59:06.407+0000] {dag.py:2429} INFO - Sync 1 DAGs
[2024-06-30T09:59:06.432+0000] {logging_mixin.py:115} INFO - [2024-06-30T09:59:06.432+0000] {dag.py:2981} INFO - Setting next_dagrun for Automate_cleaning to 2024-06-30T06:30:00+00:00, run_after=2024-07-01T06:30:00+00:00
[2024-06-30T09:59:06.446+0000] {processor.py:161} INFO - Processing /opt/airflow/dags/automate_clean_DAG.py took 0.737 seconds
[2024-06-30T09:59:36.606+0000] {processor.py:153} INFO - Started process (PID=474) to work on /opt/airflow/dags/automate_clean_DAG.py
[2024-06-30T09:59:36.607+0000] {processor.py:640} INFO - Processing file /opt/airflow/dags/automate_clean_DAG.py for tasks to queue
[2024-06-30T09:59:36.608+0000] {logging_mixin.py:115} INFO - [2024-06-30T09:59:36.608+0000] {dagbag.py:508} INFO - Filling up the DagBag from /opt/airflow/dags/automate_clean_DAG.py
[2024-06-30T09:59:37.117+0000] {processor.py:650} INFO - DAG(s) dict_keys(['Automate_cleaning']) retrieved from /opt/airflow/dags/automate_clean_DAG.py
[2024-06-30T09:59:37.143+0000] {logging_mixin.py:115} INFO - [2024-06-30T09:59:37.143+0000] {dag.py:2429} INFO - Sync 1 DAGs
[2024-06-30T09:59:37.166+0000] {logging_mixin.py:115} INFO - [2024-06-30T09:59:37.166+0000] {dag.py:2981} INFO - Setting next_dagrun for Automate_cleaning to 2024-06-30T06:30:00+00:00, run_after=2024-07-01T06:30:00+00:00
[2024-06-30T09:59:37.178+0000] {processor.py:161} INFO - Processing /opt/airflow/dags/automate_clean_DAG.py took 0.576 seconds
[2024-06-30T10:00:07.312+0000] {processor.py:153} INFO - Started process (PID=480) to work on /opt/airflow/dags/automate_clean_DAG.py
[2024-06-30T10:00:07.313+0000] {processor.py:640} INFO - Processing file /opt/airflow/dags/automate_clean_DAG.py for tasks to queue
[2024-06-30T10:00:07.314+0000] {logging_mixin.py:115} INFO - [2024-06-30T10:00:07.314+0000] {dagbag.py:508} INFO - Filling up the DagBag from /opt/airflow/dags/automate_clean_DAG.py
[2024-06-30T10:00:08.041+0000] {processor.py:650} INFO - DAG(s) dict_keys(['Automate_cleaning']) retrieved from /opt/airflow/dags/automate_clean_DAG.py
[2024-06-30T10:00:08.100+0000] {logging_mixin.py:115} INFO - [2024-06-30T10:00:08.099+0000] {dag.py:2429} INFO - Sync 1 DAGs
[2024-06-30T10:00:08.198+0000] {logging_mixin.py:115} INFO - [2024-06-30T10:00:08.197+0000] {dag.py:2981} INFO - Setting next_dagrun for Automate_cleaning to 2024-06-30T06:30:00+00:00, run_after=2024-07-01T06:30:00+00:00
[2024-06-30T10:00:08.241+0000] {processor.py:161} INFO - Processing /opt/airflow/dags/automate_clean_DAG.py took 0.935 seconds
[2024-06-30T10:00:38.418+0000] {processor.py:153} INFO - Started process (PID=486) to work on /opt/airflow/dags/automate_clean_DAG.py
[2024-06-30T10:00:38.419+0000] {processor.py:640} INFO - Processing file /opt/airflow/dags/automate_clean_DAG.py for tasks to queue
[2024-06-30T10:00:38.420+0000] {logging_mixin.py:115} INFO - [2024-06-30T10:00:38.420+0000] {dagbag.py:508} INFO - Filling up the DagBag from /opt/airflow/dags/automate_clean_DAG.py
[2024-06-30T10:00:38.844+0000] {processor.py:650} INFO - DAG(s) dict_keys(['Automate_cleaning']) retrieved from /opt/airflow/dags/automate_clean_DAG.py
[2024-06-30T10:00:38.867+0000] {logging_mixin.py:115} INFO - [2024-06-30T10:00:38.867+0000] {dag.py:2429} INFO - Sync 1 DAGs
[2024-06-30T10:00:38.890+0000] {logging_mixin.py:115} INFO - [2024-06-30T10:00:38.890+0000] {dag.py:2981} INFO - Setting next_dagrun for Automate_cleaning to 2024-06-30T06:30:00+00:00, run_after=2024-07-01T06:30:00+00:00
[2024-06-30T10:00:38.907+0000] {processor.py:161} INFO - Processing /opt/airflow/dags/automate_clean_DAG.py took 0.493 seconds
[2024-06-30T10:01:09.130+0000] {processor.py:153} INFO - Started process (PID=492) to work on /opt/airflow/dags/automate_clean_DAG.py
[2024-06-30T10:01:09.131+0000] {processor.py:640} INFO - Processing file /opt/airflow/dags/automate_clean_DAG.py for tasks to queue
[2024-06-30T10:01:09.134+0000] {logging_mixin.py:115} INFO - [2024-06-30T10:01:09.133+0000] {dagbag.py:508} INFO - Filling up the DagBag from /opt/airflow/dags/automate_clean_DAG.py
[2024-06-30T10:01:09.626+0000] {processor.py:650} INFO - DAG(s) dict_keys(['Automate_cleaning']) retrieved from /opt/airflow/dags/automate_clean_DAG.py
[2024-06-30T10:01:09.652+0000] {logging_mixin.py:115} INFO - [2024-06-30T10:01:09.651+0000] {dag.py:2429} INFO - Sync 1 DAGs
[2024-06-30T10:01:09.679+0000] {logging_mixin.py:115} INFO - [2024-06-30T10:01:09.679+0000] {dag.py:2981} INFO - Setting next_dagrun for Automate_cleaning to 2024-06-30T06:30:00+00:00, run_after=2024-07-01T06:30:00+00:00
[2024-06-30T10:01:09.693+0000] {processor.py:161} INFO - Processing /opt/airflow/dags/automate_clean_DAG.py took 0.567 seconds
[2024-06-30T10:01:39.788+0000] {processor.py:153} INFO - Started process (PID=498) to work on /opt/airflow/dags/automate_clean_DAG.py
[2024-06-30T10:01:39.789+0000] {processor.py:640} INFO - Processing file /opt/airflow/dags/automate_clean_DAG.py for tasks to queue
[2024-06-30T10:01:39.791+0000] {logging_mixin.py:115} INFO - [2024-06-30T10:01:39.791+0000] {dagbag.py:508} INFO - Filling up the DagBag from /opt/airflow/dags/automate_clean_DAG.py
[2024-06-30T10:01:40.413+0000] {processor.py:650} INFO - DAG(s) dict_keys(['Automate_cleaning']) retrieved from /opt/airflow/dags/automate_clean_DAG.py
[2024-06-30T10:01:40.441+0000] {logging_mixin.py:115} INFO - [2024-06-30T10:01:40.440+0000] {dag.py:2429} INFO - Sync 1 DAGs
[2024-06-30T10:01:40.466+0000] {logging_mixin.py:115} INFO - [2024-06-30T10:01:40.465+0000] {dag.py:2981} INFO - Setting next_dagrun for Automate_cleaning to 2024-06-30T06:30:00+00:00, run_after=2024-07-01T06:30:00+00:00
[2024-06-30T10:01:40.481+0000] {processor.py:161} INFO - Processing /opt/airflow/dags/automate_clean_DAG.py took 0.697 seconds
[2024-06-30T10:02:10.625+0000] {processor.py:153} INFO - Started process (PID=504) to work on /opt/airflow/dags/automate_clean_DAG.py
[2024-06-30T10:02:10.626+0000] {processor.py:640} INFO - Processing file /opt/airflow/dags/automate_clean_DAG.py for tasks to queue
[2024-06-30T10:02:10.627+0000] {logging_mixin.py:115} INFO - [2024-06-30T10:02:10.627+0000] {dagbag.py:508} INFO - Filling up the DagBag from /opt/airflow/dags/automate_clean_DAG.py
[2024-06-30T10:02:11.080+0000] {processor.py:650} INFO - DAG(s) dict_keys(['Automate_cleaning']) retrieved from /opt/airflow/dags/automate_clean_DAG.py
[2024-06-30T10:02:11.104+0000] {logging_mixin.py:115} INFO - [2024-06-30T10:02:11.103+0000] {dag.py:2429} INFO - Sync 1 DAGs
[2024-06-30T10:02:11.125+0000] {logging_mixin.py:115} INFO - [2024-06-30T10:02:11.125+0000] {dag.py:2981} INFO - Setting next_dagrun for Automate_cleaning to 2024-06-30T06:30:00+00:00, run_after=2024-07-01T06:30:00+00:00
[2024-06-30T10:02:11.138+0000] {processor.py:161} INFO - Processing /opt/airflow/dags/automate_clean_DAG.py took 0.516 seconds
[2024-06-30T10:02:28.036+0000] {processor.py:153} INFO - Started process (PID=510) to work on /opt/airflow/dags/automate_clean_DAG.py
[2024-06-30T10:02:28.038+0000] {processor.py:640} INFO - Processing file /opt/airflow/dags/automate_clean_DAG.py for tasks to queue
[2024-06-30T10:02:28.039+0000] {logging_mixin.py:115} INFO - [2024-06-30T10:02:28.039+0000] {dagbag.py:508} INFO - Filling up the DagBag from /opt/airflow/dags/automate_clean_DAG.py
[2024-06-30T10:02:28.492+0000] {processor.py:650} INFO - DAG(s) dict_keys(['Automate_cleaning']) retrieved from /opt/airflow/dags/automate_clean_DAG.py
[2024-06-30T10:02:28.516+0000] {logging_mixin.py:115} INFO - [2024-06-30T10:02:28.516+0000] {dag.py:2429} INFO - Sync 1 DAGs
[2024-06-30T10:02:28.541+0000] {logging_mixin.py:115} INFO - [2024-06-30T10:02:28.540+0000] {dag.py:2981} INFO - Setting next_dagrun for Automate_cleaning to 2024-06-30T06:30:00+00:00, run_after=2024-07-01T06:30:00+00:00
[2024-06-30T10:02:28.557+0000] {processor.py:161} INFO - Processing /opt/airflow/dags/automate_clean_DAG.py took 0.524 seconds
[2024-06-30T10:02:58.682+0000] {processor.py:153} INFO - Started process (PID=516) to work on /opt/airflow/dags/automate_clean_DAG.py
[2024-06-30T10:02:58.683+0000] {processor.py:640} INFO - Processing file /opt/airflow/dags/automate_clean_DAG.py for tasks to queue
[2024-06-30T10:02:58.684+0000] {logging_mixin.py:115} INFO - [2024-06-30T10:02:58.683+0000] {dagbag.py:508} INFO - Filling up the DagBag from /opt/airflow/dags/automate_clean_DAG.py
[2024-06-30T10:02:59.158+0000] {processor.py:650} INFO - DAG(s) dict_keys(['Automate_cleaning']) retrieved from /opt/airflow/dags/automate_clean_DAG.py
[2024-06-30T10:02:59.184+0000] {logging_mixin.py:115} INFO - [2024-06-30T10:02:59.184+0000] {dag.py:2429} INFO - Sync 1 DAGs
[2024-06-30T10:02:59.214+0000] {logging_mixin.py:115} INFO - [2024-06-30T10:02:59.214+0000] {dag.py:2981} INFO - Setting next_dagrun for Automate_cleaning to 2024-06-30T06:30:00+00:00, run_after=2024-07-01T06:30:00+00:00
[2024-06-30T10:02:59.232+0000] {processor.py:161} INFO - Processing /opt/airflow/dags/automate_clean_DAG.py took 0.556 seconds
[2024-06-30T10:03:29.377+0000] {processor.py:153} INFO - Started process (PID=522) to work on /opt/airflow/dags/automate_clean_DAG.py
[2024-06-30T10:03:29.378+0000] {processor.py:640} INFO - Processing file /opt/airflow/dags/automate_clean_DAG.py for tasks to queue
[2024-06-30T10:03:29.379+0000] {logging_mixin.py:115} INFO - [2024-06-30T10:03:29.378+0000] {dagbag.py:508} INFO - Filling up the DagBag from /opt/airflow/dags/automate_clean_DAG.py
[2024-06-30T10:03:29.823+0000] {processor.py:650} INFO - DAG(s) dict_keys(['Automate_cleaning']) retrieved from /opt/airflow/dags/automate_clean_DAG.py
[2024-06-30T10:03:29.845+0000] {logging_mixin.py:115} INFO - [2024-06-30T10:03:29.845+0000] {dag.py:2429} INFO - Sync 1 DAGs
[2024-06-30T10:03:29.866+0000] {logging_mixin.py:115} INFO - [2024-06-30T10:03:29.866+0000] {dag.py:2981} INFO - Setting next_dagrun for Automate_cleaning to 2024-06-30T06:30:00+00:00, run_after=2024-07-01T06:30:00+00:00
[2024-06-30T10:03:29.878+0000] {processor.py:161} INFO - Processing /opt/airflow/dags/automate_clean_DAG.py took 0.505 seconds
[2024-06-30T10:03:59.984+0000] {processor.py:153} INFO - Started process (PID=528) to work on /opt/airflow/dags/automate_clean_DAG.py
[2024-06-30T10:03:59.985+0000] {processor.py:640} INFO - Processing file /opt/airflow/dags/automate_clean_DAG.py for tasks to queue
[2024-06-30T10:03:59.986+0000] {logging_mixin.py:115} INFO - [2024-06-30T10:03:59.986+0000] {dagbag.py:508} INFO - Filling up the DagBag from /opt/airflow/dags/automate_clean_DAG.py
[2024-06-30T10:04:00.760+0000] {processor.py:650} INFO - DAG(s) dict_keys(['Automate_cleaning']) retrieved from /opt/airflow/dags/automate_clean_DAG.py
[2024-06-30T10:04:00.796+0000] {logging_mixin.py:115} INFO - [2024-06-30T10:04:00.795+0000] {dag.py:2429} INFO - Sync 1 DAGs
[2024-06-30T10:04:00.830+0000] {logging_mixin.py:115} INFO - [2024-06-30T10:04:00.829+0000] {dag.py:2981} INFO - Setting next_dagrun for Automate_cleaning to 2024-06-30T06:30:00+00:00, run_after=2024-07-01T06:30:00+00:00
[2024-06-30T10:04:00.854+0000] {processor.py:161} INFO - Processing /opt/airflow/dags/automate_clean_DAG.py took 0.882 seconds
[2024-06-30T10:04:30.979+0000] {processor.py:153} INFO - Started process (PID=534) to work on /opt/airflow/dags/automate_clean_DAG.py
[2024-06-30T10:04:30.980+0000] {processor.py:640} INFO - Processing file /opt/airflow/dags/automate_clean_DAG.py for tasks to queue
[2024-06-30T10:04:30.982+0000] {logging_mixin.py:115} INFO - [2024-06-30T10:04:30.981+0000] {dagbag.py:508} INFO - Filling up the DagBag from /opt/airflow/dags/automate_clean_DAG.py
[2024-06-30T10:04:31.388+0000] {processor.py:650} INFO - DAG(s) dict_keys(['Automate_cleaning']) retrieved from /opt/airflow/dags/automate_clean_DAG.py
[2024-06-30T10:04:31.412+0000] {logging_mixin.py:115} INFO - [2024-06-30T10:04:31.411+0000] {dag.py:2429} INFO - Sync 1 DAGs
[2024-06-30T10:04:31.436+0000] {logging_mixin.py:115} INFO - [2024-06-30T10:04:31.436+0000] {dag.py:2981} INFO - Setting next_dagrun for Automate_cleaning to 2024-06-30T06:30:00+00:00, run_after=2024-07-01T06:30:00+00:00
[2024-06-30T10:04:31.449+0000] {processor.py:161} INFO - Processing /opt/airflow/dags/automate_clean_DAG.py took 0.474 seconds
