[2024-06-30T09:58:55.544+0000] {taskinstance.py:1171} INFO - Dependencies all met for <TaskInstance: Automate_cleaning.clean_raw_data manual__2024-06-30T09:58:42.356849+00:00 [queued]>
[2024-06-30T09:58:55.557+0000] {taskinstance.py:1171} INFO - Dependencies all met for <TaskInstance: Automate_cleaning.clean_raw_data manual__2024-06-30T09:58:42.356849+00:00 [queued]>
[2024-06-30T09:58:55.557+0000] {taskinstance.py:1368} INFO - 
--------------------------------------------------------------------------------
[2024-06-30T09:58:55.558+0000] {taskinstance.py:1369} INFO - Starting attempt 1 of 1
[2024-06-30T09:58:55.559+0000] {taskinstance.py:1370} INFO - 
--------------------------------------------------------------------------------
[2024-06-30T09:58:55.574+0000] {taskinstance.py:1389} INFO - Executing <Task(PythonOperator): clean_raw_data> on 2024-06-30 09:58:42.356849+00:00
[2024-06-30T09:58:55.580+0000] {standard_task_runner.py:52} INFO - Started process 464 to run task
[2024-06-30T09:58:55.584+0000] {standard_task_runner.py:79} INFO - Running: ['***', 'tasks', 'run', 'Automate_cleaning', 'clean_raw_data', 'manual__2024-06-30T09:58:42.356849+00:00', '--job-id', '31', '--raw', '--subdir', 'DAGS_FOLDER/automate_clean_DAG.py', '--cfg-path', '/tmp/tmp4pde_6vx', '--error-file', '/tmp/tmpysswjinf']
[2024-06-30T09:58:55.587+0000] {standard_task_runner.py:80} INFO - Job 31: Subtask clean_raw_data
[2024-06-30T09:58:55.668+0000] {task_command.py:371} INFO - Running <TaskInstance: Automate_cleaning.clean_raw_data manual__2024-06-30T09:58:42.356849+00:00 [running]> on host 80cef885917b
[2024-06-30T09:58:55.755+0000] {taskinstance.py:1583} INFO - Exporting the following env vars:
AIRFLOW_CTX_DAG_OWNER=devi_nirfana
AIRFLOW_CTX_DAG_ID=Automate_cleaning
AIRFLOW_CTX_TASK_ID=clean_raw_data
AIRFLOW_CTX_EXECUTION_DATE=2024-06-30T09:58:42.356849+00:00
AIRFLOW_CTX_TRY_NUMBER=1
AIRFLOW_CTX_DAG_RUN_ID=manual__2024-06-30T09:58:42.356849+00:00
[2024-06-30T09:58:57.776+0000] {python.py:173} INFO - Done. Returned value was: None
[2024-06-30T09:58:57.794+0000] {taskinstance.py:1412} INFO - Marking task as SUCCESS. dag_id=Automate_cleaning, task_id=clean_raw_data, execution_date=20240630T095842, start_date=20240630T095855, end_date=20240630T095857
[2024-06-30T09:58:57.817+0000] {local_task_job.py:156} INFO - Task exited with return code 0
[2024-06-30T09:58:57.861+0000] {local_task_job.py:279} INFO - 1 downstream tasks scheduled from follow-on schedule check
