[2024-06-30T09:58:51.506+0000] {taskinstance.py:1171} INFO - Dependencies all met for <TaskInstance: Automate_cleaning.fetch_raw_data manual__2024-06-30T09:58:42.356849+00:00 [queued]>
[2024-06-30T09:58:51.519+0000] {taskinstance.py:1171} INFO - Dependencies all met for <TaskInstance: Automate_cleaning.fetch_raw_data manual__2024-06-30T09:58:42.356849+00:00 [queued]>
[2024-06-30T09:58:51.520+0000] {taskinstance.py:1368} INFO - 
--------------------------------------------------------------------------------
[2024-06-30T09:58:51.520+0000] {taskinstance.py:1369} INFO - Starting attempt 1 of 1
[2024-06-30T09:58:51.521+0000] {taskinstance.py:1370} INFO - 
--------------------------------------------------------------------------------
[2024-06-30T09:58:51.537+0000] {taskinstance.py:1389} INFO - Executing <Task(PythonOperator): fetch_raw_data> on 2024-06-30 09:58:42.356849+00:00
[2024-06-30T09:58:51.543+0000] {standard_task_runner.py:52} INFO - Started process 461 to run task
[2024-06-30T09:58:51.547+0000] {standard_task_runner.py:79} INFO - Running: ['***', 'tasks', 'run', 'Automate_cleaning', 'fetch_raw_data', 'manual__2024-06-30T09:58:42.356849+00:00', '--job-id', '30', '--raw', '--subdir', 'DAGS_FOLDER/automate_clean_DAG.py', '--cfg-path', '/tmp/tmp6p6udvr_', '--error-file', '/tmp/tmpizkuqpzf']
[2024-06-30T09:58:51.549+0000] {standard_task_runner.py:80} INFO - Job 30: Subtask fetch_raw_data
[2024-06-30T09:58:51.633+0000] {task_command.py:371} INFO - Running <TaskInstance: Automate_cleaning.fetch_raw_data manual__2024-06-30T09:58:42.356849+00:00 [running]> on host 80cef885917b
[2024-06-30T09:58:51.724+0000] {taskinstance.py:1583} INFO - Exporting the following env vars:
AIRFLOW_CTX_DAG_OWNER=devi_nirfana
AIRFLOW_CTX_DAG_ID=Automate_cleaning
AIRFLOW_CTX_TASK_ID=fetch_raw_data
AIRFLOW_CTX_EXECUTION_DATE=2024-06-30T09:58:42.356849+00:00
AIRFLOW_CTX_TRY_NUMBER=1
AIRFLOW_CTX_DAG_RUN_ID=manual__2024-06-30T09:58:42.356849+00:00
[2024-06-30T09:58:53.589+0000] {python.py:173} INFO - Done. Returned value was: None
[2024-06-30T09:58:53.604+0000] {taskinstance.py:1412} INFO - Marking task as SUCCESS. dag_id=Automate_cleaning, task_id=fetch_raw_data, execution_date=20240630T095842, start_date=20240630T095851, end_date=20240630T095853
[2024-06-30T09:58:53.654+0000] {local_task_job.py:156} INFO - Task exited with return code 0
[2024-06-30T09:58:53.708+0000] {local_task_job.py:279} INFO - 1 downstream tasks scheduled from follow-on schedule check
