[2024-06-30T09:33:39.204+0000] {taskinstance.py:1171} INFO - Dependencies all met for <TaskInstance: Automate_cleaning.load_raw_data scheduled__2024-06-25T06:30:00+00:00 [queued]>
[2024-06-30T09:33:39.275+0000] {taskinstance.py:1171} INFO - Dependencies all met for <TaskInstance: Automate_cleaning.load_raw_data scheduled__2024-06-25T06:30:00+00:00 [queued]>
[2024-06-30T09:33:39.280+0000] {taskinstance.py:1368} INFO - 
--------------------------------------------------------------------------------
[2024-06-30T09:33:39.281+0000] {taskinstance.py:1369} INFO - Starting attempt 1 of 1
[2024-06-30T09:33:39.283+0000] {taskinstance.py:1370} INFO - 
--------------------------------------------------------------------------------
[2024-06-30T09:33:39.396+0000] {taskinstance.py:1389} INFO - Executing <Task(PythonOperator): load_raw_data> on 2024-06-25 06:30:00+00:00
[2024-06-30T09:33:39.450+0000] {standard_task_runner.py:52} INFO - Started process 228 to run task
[2024-06-30T09:33:39.482+0000] {standard_task_runner.py:79} INFO - Running: ['***', 'tasks', 'run', 'Automate_cleaning', 'load_raw_data', 'scheduled__2024-06-25T06:30:00+00:00', '--job-id', '8', '--raw', '--subdir', 'DAGS_FOLDER/automate_clean_DAG.py', '--cfg-path', '/tmp/tmpqn3yfbc5', '--error-file', '/tmp/tmpzk7lwksj']
[2024-06-30T09:33:39.492+0000] {standard_task_runner.py:80} INFO - Job 8: Subtask load_raw_data
[2024-06-30T09:33:40.005+0000] {task_command.py:371} INFO - Running <TaskInstance: Automate_cleaning.load_raw_data scheduled__2024-06-25T06:30:00+00:00 [running]> on host 7ad299a7fc17
[2024-06-30T09:33:40.470+0000] {taskinstance.py:1583} INFO - Exporting the following env vars:
AIRFLOW_CTX_DAG_OWNER=devi_nirfana
AIRFLOW_CTX_DAG_ID=Automate_cleaning
AIRFLOW_CTX_TASK_ID=load_raw_data
AIRFLOW_CTX_EXECUTION_DATE=2024-06-25T06:30:00+00:00
AIRFLOW_CTX_TRY_NUMBER=1
AIRFLOW_CTX_DAG_RUN_ID=scheduled__2024-06-25T06:30:00+00:00
[2024-06-30T09:34:15.838+0000] {python.py:173} INFO - Done. Returned value was: None
[2024-06-30T09:34:15.902+0000] {taskinstance.py:1412} INFO - Marking task as SUCCESS. dag_id=Automate_cleaning, task_id=load_raw_data, execution_date=20240625T063000, start_date=20240630T093339, end_date=20240630T093415
[2024-06-30T09:34:16.044+0000] {local_task_job.py:156} INFO - Task exited with return code 0
[2024-06-30T09:34:16.200+0000] {local_task_job.py:279} INFO - 1 downstream tasks scheduled from follow-on schedule check
[2024-06-30T09:38:23.660+0000] {taskinstance.py:1171} INFO - Dependencies all met for <TaskInstance: Automate_cleaning.load_raw_data scheduled__2024-06-25T06:30:00+00:00 [queued]>
[2024-06-30T09:38:23.716+0000] {taskinstance.py:1171} INFO - Dependencies all met for <TaskInstance: Automate_cleaning.load_raw_data scheduled__2024-06-25T06:30:00+00:00 [queued]>
[2024-06-30T09:38:23.721+0000] {taskinstance.py:1368} INFO - 
--------------------------------------------------------------------------------
[2024-06-30T09:38:23.721+0000] {taskinstance.py:1369} INFO - Starting attempt 1 of 1
[2024-06-30T09:38:23.726+0000] {taskinstance.py:1370} INFO - 
--------------------------------------------------------------------------------
[2024-06-30T09:38:23.798+0000] {taskinstance.py:1389} INFO - Executing <Task(PythonOperator): load_raw_data> on 2024-06-25 06:30:00+00:00
[2024-06-30T09:38:23.814+0000] {standard_task_runner.py:52} INFO - Started process 223 to run task
[2024-06-30T09:38:23.825+0000] {standard_task_runner.py:79} INFO - Running: ['***', 'tasks', 'run', 'Automate_cleaning', 'load_raw_data', 'scheduled__2024-06-25T06:30:00+00:00', '--job-id', '9', '--raw', '--subdir', 'DAGS_FOLDER/automate_clean_DAG.py', '--cfg-path', '/tmp/tmpaihub8da', '--error-file', '/tmp/tmpcsfid135']
[2024-06-30T09:38:23.833+0000] {standard_task_runner.py:80} INFO - Job 9: Subtask load_raw_data
[2024-06-30T09:38:24.098+0000] {task_command.py:371} INFO - Running <TaskInstance: Automate_cleaning.load_raw_data scheduled__2024-06-25T06:30:00+00:00 [running]> on host 3e5e5d011624
[2024-06-30T09:38:24.430+0000] {taskinstance.py:1583} INFO - Exporting the following env vars:
AIRFLOW_CTX_DAG_OWNER=devi_nirfana
AIRFLOW_CTX_DAG_ID=Automate_cleaning
AIRFLOW_CTX_TASK_ID=load_raw_data
AIRFLOW_CTX_EXECUTION_DATE=2024-06-25T06:30:00+00:00
AIRFLOW_CTX_TRY_NUMBER=1
AIRFLOW_CTX_DAG_RUN_ID=scheduled__2024-06-25T06:30:00+00:00
[2024-06-30T09:38:57.064+0000] {python.py:173} INFO - Done. Returned value was: None
[2024-06-30T09:38:57.279+0000] {taskinstance.py:1412} INFO - Marking task as SUCCESS. dag_id=Automate_cleaning, task_id=load_raw_data, execution_date=20240625T063000, start_date=20240630T093823, end_date=20240630T093857
[2024-06-30T09:38:57.447+0000] {local_task_job.py:156} INFO - Task exited with return code 0
[2024-06-30T09:38:57.533+0000] {local_task_job.py:279} INFO - 1 downstream tasks scheduled from follow-on schedule check
[2024-06-30T09:56:00.883+0000] {taskinstance.py:1171} INFO - Dependencies all met for <TaskInstance: Automate_cleaning.load_raw_data scheduled__2024-06-25T06:30:00+00:00 [queued]>
[2024-06-30T09:56:00.934+0000] {taskinstance.py:1171} INFO - Dependencies all met for <TaskInstance: Automate_cleaning.load_raw_data scheduled__2024-06-25T06:30:00+00:00 [queued]>
[2024-06-30T09:56:00.935+0000] {taskinstance.py:1368} INFO - 
--------------------------------------------------------------------------------
[2024-06-30T09:56:00.935+0000] {taskinstance.py:1369} INFO - Starting attempt 1 of 1
[2024-06-30T09:56:00.940+0000] {taskinstance.py:1370} INFO - 
--------------------------------------------------------------------------------
[2024-06-30T09:56:01.048+0000] {taskinstance.py:1389} INFO - Executing <Task(PythonOperator): load_raw_data> on 2024-06-25 06:30:00+00:00
[2024-06-30T09:56:01.078+0000] {standard_task_runner.py:52} INFO - Started process 354 to run task
[2024-06-30T09:56:01.101+0000] {standard_task_runner.py:79} INFO - Running: ['***', 'tasks', 'run', 'Automate_cleaning', 'load_raw_data', 'scheduled__2024-06-25T06:30:00+00:00', '--job-id', '10', '--raw', '--subdir', 'DAGS_FOLDER/automate_clean_DAG.py', '--cfg-path', '/tmp/tmpdcm6sgku', '--error-file', '/tmp/tmpj135c6bg']
[2024-06-30T09:56:01.113+0000] {standard_task_runner.py:80} INFO - Job 10: Subtask load_raw_data
[2024-06-30T09:56:01.443+0000] {task_command.py:371} INFO - Running <TaskInstance: Automate_cleaning.load_raw_data scheduled__2024-06-25T06:30:00+00:00 [running]> on host 80cef885917b
[2024-06-30T09:56:01.743+0000] {taskinstance.py:1583} INFO - Exporting the following env vars:
AIRFLOW_CTX_DAG_OWNER=devi_nirfana
AIRFLOW_CTX_DAG_ID=Automate_cleaning
AIRFLOW_CTX_TASK_ID=load_raw_data
AIRFLOW_CTX_EXECUTION_DATE=2024-06-25T06:30:00+00:00
AIRFLOW_CTX_TRY_NUMBER=1
AIRFLOW_CTX_DAG_RUN_ID=scheduled__2024-06-25T06:30:00+00:00
[2024-06-30T09:56:34.436+0000] {python.py:173} INFO - Done. Returned value was: None
[2024-06-30T09:56:34.485+0000] {taskinstance.py:1412} INFO - Marking task as SUCCESS. dag_id=Automate_cleaning, task_id=load_raw_data, execution_date=20240625T063000, start_date=20240630T095600, end_date=20240630T095634
[2024-06-30T09:56:34.609+0000] {local_task_job.py:156} INFO - Task exited with return code 0
[2024-06-30T09:56:34.793+0000] {local_task_job.py:279} INFO - 1 downstream tasks scheduled from follow-on schedule check
